[1.634s] Invoking command in '/home/saqib/linorobot2_ws/build/linorobot2_description': CMAKE_PREFIX_PATH=${CMAKE_PREFIX_PATH}:/opt/ros/humble /usr/bin/cmake --build /home/saqib/linorobot2_ws/build/linorobot2_description -- -j4 -l4
[2.930s] Invoked command in '/home/saqib/linorobot2_ws/build/linorobot2_description' returned '0': CMAKE_PREFIX_PATH=${CMAKE_PREFIX_PATH}:/opt/ros/humble /usr/bin/cmake --build /home/saqib/linorobot2_ws/build/linorobot2_description -- -j4 -l4
[3.109s] Invoking command in '/home/saqib/linorobot2_ws/build/linorobot2_description': CMAKE_PREFIX_PATH=${CMAKE_PREFIX_PATH}:/opt/ros/humble /usr/bin/cmake --install /home/saqib/linorobot2_ws/build/linorobot2_description
[3.167s] -- Install configuration: ""
[3.168s] -- Up-to-date: /home/saqib/linorobot2_ws/install/linorobot2_description/share/linorobot2_description/launch
[3.173s] -- Up-to-date: /home/saqib/linorobot2_ws/install/linorobot2_description/share/linorobot2_description/launch/description.launch.py
[3.174s] -- Up-to-date: /home/saqib/linorobot2_ws/install/linorobot2_description/share/linorobot2_description/urdf
[3.186s] -- Up-to-date: /home/saqib/linorobot2_ws/install/linorobot2_description/share/linorobot2_description/urdf/sensors
[3.188s] -- Up-to-date: /home/saqib/linorobot2_ws/install/linorobot2_description/share/linorobot2_description/urdf/sensors/laser.urdf.xacro
[3.189s] -- Up-to-date: /home/saqib/linorobot2_ws/install/linorobot2_description/share/linorobot2_description/urdf/sensors/depth_sensor.urdf.xacro
[3.191s] -- Up-to-date: /home/saqib/linorobot2_ws/install/linorobot2_description/share/linorobot2_description/urdf/sensors/generic_laser.urdf.xacro
[3.193s] -- Up-to-date: /home/saqib/linorobot2_ws/install/linorobot2_description/share/linorobot2_description/urdf/sensors/imu.urdf.xacro
[3.194s] -- Up-to-date: /home/saqib/linorobot2_ws/install/linorobot2_description/share/linorobot2_description/urdf/4wd_properties.urdf.xacro
[3.195s] -- Up-to-date: /home/saqib/linorobot2_ws/install/linorobot2_description/share/linorobot2_description/urdf/mech
[3.197s] -- Up-to-date: /home/saqib/linorobot2_ws/install/linorobot2_description/share/linorobot2_description/urdf/mech/caster_wheel.urdf.xacro
[3.198s] -- Up-to-date: /home/saqib/linorobot2_ws/install/linorobot2_description/share/linorobot2_description/urdf/mech/base.urdf.xacro
[3.200s] -- Up-to-date: /home/saqib/linorobot2_ws/install/linorobot2_description/share/linorobot2_description/urdf/mech/wheel.urdf.xacro
[3.200s] -- Up-to-date: /home/saqib/linorobot2_ws/install/linorobot2_description/share/linorobot2_description/urdf/mech/mecanum_wheel.urdf.xacro
[3.201s] -- Up-to-date: /home/saqib/linorobot2_ws/install/linorobot2_description/share/linorobot2_description/urdf/2wd_properties.urdf.xacro
[3.204s] -- Up-to-date: /home/saqib/linorobot2_ws/install/linorobot2_description/share/linorobot2_description/urdf/mecanum_properties.urdf.xacro
[3.207s] -- Up-to-date: /home/saqib/linorobot2_ws/install/linorobot2_description/share/linorobot2_description/urdf/robots
[3.210s] -- Up-to-date: /home/saqib/linorobot2_ws/install/linorobot2_description/share/linorobot2_description/urdf/robots/vattenkar.urdf.xacro
[3.213s] -- Up-to-date: /home/saqib/linorobot2_ws/install/linorobot2_description/share/linorobot2_description/urdf/robots/4wd.urdf.xacro
[3.213s] -- Up-to-date: /home/saqib/linorobot2_ws/install/linorobot2_description/share/linorobot2_description/urdf/robots/2wd.urdf.xacro
[3.215s] -- Up-to-date: /home/saqib/linorobot2_ws/install/linorobot2_description/share/linorobot2_description/urdf/robots/mecanum.urdf.xacro
[3.216s] -- Up-to-date: /home/saqib/linorobot2_ws/install/linorobot2_description/share/linorobot2_description/urdf/controllers
[3.217s] -- Up-to-date: /home/saqib/linorobot2_ws/install/linorobot2_description/share/linorobot2_description/urdf/controllers/diff_drive.urdf.xacro
[3.218s] -- Up-to-date: /home/saqib/linorobot2_ws/install/linorobot2_description/share/linorobot2_description/urdf/controllers/omni_drive.urdf.xacro
[3.221s] -- Up-to-date: /home/saqib/linorobot2_ws/install/linorobot2_description/share/linorobot2_description/urdf/controllers/skid_steer.urdf.xacro
[3.222s] -- Up-to-date: /home/saqib/linorobot2_ws/install/linorobot2_description/share/linorobot2_description/rviz
[3.232s] -- Up-to-date: /home/saqib/linorobot2_ws/install/linorobot2_description/share/linorobot2_description/rviz/description.rviz
[3.234s] -- Up-to-date: /home/saqib/linorobot2_ws/install/linorobot2_description/share/ament_index/resource_index/package_run_dependencies/linorobot2_description
[3.235s] -- Up-to-date: /home/saqib/linorobot2_ws/install/linorobot2_description/share/ament_index/resource_index/parent_prefix_path/linorobot2_description
[3.237s] -- Up-to-date: /home/saqib/linorobot2_ws/install/linorobot2_description/share/linorobot2_description/environment/ament_prefix_path.sh
[3.238s] -- Up-to-date: /home/saqib/linorobot2_ws/install/linorobot2_description/share/linorobot2_description/environment/ament_prefix_path.dsv
[3.239s] -- Up-to-date: /home/saqib/linorobot2_ws/install/linorobot2_description/share/linorobot2_description/environment/path.sh
[3.240s] -- Up-to-date: /home/saqib/linorobot2_ws/install/linorobot2_description/share/linorobot2_description/environment/path.dsv
[3.242s] -- Up-to-date: /home/saqib/linorobot2_ws/install/linorobot2_description/share/linorobot2_description/local_setup.bash
[3.244s] -- Up-to-date: /home/saqib/linorobot2_ws/install/linorobot2_description/share/linorobot2_description/local_setup.sh
[3.245s] -- Up-to-date: /home/saqib/linorobot2_ws/install/linorobot2_description/share/linorobot2_description/local_setup.zsh
[3.247s] -- Up-to-date: /home/saqib/linorobot2_ws/install/linorobot2_description/share/linorobot2_description/local_setup.dsv
[3.248s] -- Installing: /home/saqib/linorobot2_ws/install/linorobot2_description/share/linorobot2_description/package.dsv
[3.248s] -- Up-to-date: /home/saqib/linorobot2_ws/install/linorobot2_description/share/ament_index/resource_index/packages/linorobot2_description
[3.250s] -- Up-to-date: /home/saqib/linorobot2_ws/install/linorobot2_description/share/linorobot2_description/cmake/linorobot2_descriptionConfig.cmake
[3.252s] -- Up-to-date: /home/saqib/linorobot2_ws/install/linorobot2_description/share/linorobot2_description/cmake/linorobot2_descriptionConfig-version.cmake
[3.253s] -- Up-to-date: /home/saqib/linorobot2_ws/install/linorobot2_description/share/linorobot2_description/package.xml
[3.255s] Invoked command in '/home/saqib/linorobot2_ws/build/linorobot2_description' returned '0': CMAKE_PREFIX_PATH=${CMAKE_PREFIX_PATH}:/opt/ros/humble /usr/bin/cmake --install /home/saqib/linorobot2_ws/build/linorobot2_description
