[1.581s] Invoking command in '/home/saqib/linorobot2_ws/build/micro_ros_msgs': CMAKE_PREFIX_PATH=${CMAKE_PREFIX_PATH}:/opt/ros/humble /usr/bin/cmake --build /home/saqib/linorobot2_ws/build/micro_ros_msgs -- -j4 -l4
[2.092s] [ 10%] Built target micro_ros_msgs__rosidl_generator_c
[2.111s] [ 12%] Built target micro_ros_msgs__cpp
[2.252s] [ 12%] Built target ament_cmake_python_copy_micro_ros_msgs
[2.352s] [ 34%] Built target micro_ros_msgs__rosidl_typesupport_c
[2.353s] [ 34%] Built target micro_ros_msgs__rosidl_typesupport_introspection_c
[2.460s] [ 44%] Built target micro_ros_msgs__rosidl_typesupport_fastrtps_cpp
[2.498s] [ 55%] Built target micro_ros_msgs__rosidl_typesupport_fastrtps_c
[2.656s] [ 65%] Built target micro_ros_msgs__rosidl_typesupport_cpp
[2.656s] [ 76%] Built target micro_ros_msgs__rosidl_typesupport_introspection_cpp
[2.808s] [ 76%] Built target micro_ros_msgs
[2.968s] [ 78%] Built target micro_ros_msgs__py
[3.186s] [ 87%] Built target micro_ros_msgs__rosidl_generator_py
[3.371s] [ 91%] Built target micro_ros_msgs__rosidl_typesupport_introspection_c__pyext
[3.445s] [ 95%] Built target micro_ros_msgs__rosidl_typesupport_c__pyext
[3.483s] [100%] Built target micro_ros_msgs__rosidl_typesupport_fastrtps_c__pyext
[4.420s] running egg_info
[4.425s] writing micro_ros_msgs.egg-info/PKG-INFO
[4.427s] writing dependency_links to micro_ros_msgs.egg-info/dependency_links.txt
[4.430s] writing top-level names to micro_ros_msgs.egg-info/top_level.txt
[4.444s] reading manifest file 'micro_ros_msgs.egg-info/SOURCES.txt'
[4.450s] writing manifest file 'micro_ros_msgs.egg-info/SOURCES.txt'
[4.653s] [100%] Built target ament_cmake_python_build_micro_ros_msgs_egg
[5.258s] Invoked command in '/home/saqib/linorobot2_ws/build/micro_ros_msgs' returned '0': CMAKE_PREFIX_PATH=${CMAKE_PREFIX_PATH}:/opt/ros/humble /usr/bin/cmake --build /home/saqib/linorobot2_ws/build/micro_ros_msgs -- -j4 -l4
[6.971s] Invoking command in '/home/saqib/linorobot2_ws/build/micro_ros_msgs': CMAKE_PREFIX_PATH=${CMAKE_PREFIX_PATH}:/opt/ros/humble /usr/bin/cmake --install /home/saqib/linorobot2_ws/build/micro_ros_msgs
[7.034s] -- Install configuration: ""
[7.035s] -- Up-to-date: /home/saqib/linorobot2_ws/install/micro_ros_msgs/share/ament_index/resource_index/rosidl_interfaces/micro_ros_msgs
[7.036s] -- Up-to-date: /home/saqib/linorobot2_ws/install/micro_ros_msgs/include/micro_ros_msgs/micro_ros_msgs
[7.036s] -- Up-to-date: /home/saqib/linorobot2_ws/install/micro_ros_msgs/include/micro_ros_msgs/micro_ros_msgs/msg
[7.037s] -- Up-to-date: /home/saqib/linorobot2_ws/install/micro_ros_msgs/include/micro_ros_msgs/micro_ros_msgs/msg/node.h
[7.037s] -- Up-to-date: /home/saqib/linorobot2_ws/install/micro_ros_msgs/include/micro_ros_msgs/micro_ros_msgs/msg/detail
[7.038s] -- Up-to-date: /home/saqib/linorobot2_ws/install/micro_ros_msgs/include/micro_ros_msgs/micro_ros_msgs/msg/detail/graph__functions.h
[7.038s] -- Up-to-date: /home/saqib/linorobot2_ws/install/micro_ros_msgs/include/micro_ros_msgs/micro_ros_msgs/msg/detail/entity__functions.h
[7.039s] -- Up-to-date: /home/saqib/linorobot2_ws/install/micro_ros_msgs/include/micro_ros_msgs/micro_ros_msgs/msg/detail/graph__struct.h
[7.039s] -- Up-to-date: /home/saqib/linorobot2_ws/install/micro_ros_msgs/include/micro_ros_msgs/micro_ros_msgs/msg/detail/node__functions.c
[7.040s] -- Up-to-date: /home/saqib/linorobot2_ws/install/micro_ros_msgs/include/micro_ros_msgs/micro_ros_msgs/msg/detail/node__type_support.h
[7.040s] -- Up-to-date: /home/saqib/linorobot2_ws/install/micro_ros_msgs/include/micro_ros_msgs/micro_ros_msgs/msg/detail/node__functions.h
[7.041s] -- Up-to-date: /home/saqib/linorobot2_ws/install/micro_ros_msgs/include/micro_ros_msgs/micro_ros_msgs/msg/detail/entity__type_support.h
[7.041s] -- Up-to-date: /home/saqib/linorobot2_ws/install/micro_ros_msgs/include/micro_ros_msgs/micro_ros_msgs/msg/detail/graph__type_support.h
[7.053s] -- Up-to-date: /home/saqib/linorobot2_ws/install/micro_ros_msgs/include/micro_ros_msgs/micro_ros_msgs/msg/detail/graph__functions.c
[7.053s] -- Up-to-date: /home/saqib/linorobot2_ws/install/micro_ros_msgs/include/micro_ros_msgs/micro_ros_msgs/msg/detail/entity__functions.c
[7.054s] -- Up-to-date: /home/saqib/linorobot2_ws/install/micro_ros_msgs/include/micro_ros_msgs/micro_ros_msgs/msg/detail/node__struct.h
[7.054s] -- Up-to-date: /home/saqib/linorobot2_ws/install/micro_ros_msgs/include/micro_ros_msgs/micro_ros_msgs/msg/detail/entity__struct.h
[7.055s] -- Up-to-date: /home/saqib/linorobot2_ws/install/micro_ros_msgs/include/micro_ros_msgs/micro_ros_msgs/msg/graph.h
[7.055s] -- Up-to-date: /home/saqib/linorobot2_ws/install/micro_ros_msgs/include/micro_ros_msgs/micro_ros_msgs/msg/rosidl_generator_c__visibility_control.h
[7.055s] -- Up-to-date: /home/saqib/linorobot2_ws/install/micro_ros_msgs/include/micro_ros_msgs/micro_ros_msgs/msg/entity.h
[7.056s] -- Up-to-date: /home/saqib/linorobot2_ws/install/micro_ros_msgs/share/micro_ros_msgs/environment/library_path.sh
[7.061s] -- Up-to-date: /home/saqib/linorobot2_ws/install/micro_ros_msgs/share/micro_ros_msgs/environment/library_path.dsv
[7.069s] -- Up-to-date: /home/saqib/linorobot2_ws/install/micro_ros_msgs/lib/libmicro_ros_msgs__rosidl_generator_c.so
[7.071s] -- Up-to-date: /home/saqib/linorobot2_ws/install/micro_ros_msgs/include/micro_ros_msgs/micro_ros_msgs
[7.071s] -- Up-to-date: /home/saqib/linorobot2_ws/install/micro_ros_msgs/include/micro_ros_msgs/micro_ros_msgs/msg
[7.072s] -- Up-to-date: /home/saqib/linorobot2_ws/install/micro_ros_msgs/include/micro_ros_msgs/micro_ros_msgs/msg/detail
[7.072s] -- Up-to-date: /home/saqib/linorobot2_ws/install/micro_ros_msgs/include/micro_ros_msgs/micro_ros_msgs/msg/detail/node__rosidl_typesupport_fastrtps_c.h
[7.073s] -- Up-to-date: /home/saqib/linorobot2_ws/install/micro_ros_msgs/include/micro_ros_msgs/micro_ros_msgs/msg/detail/graph__rosidl_typesupport_fastrtps_c.h
[7.074s] -- Up-to-date: /home/saqib/linorobot2_ws/install/micro_ros_msgs/include/micro_ros_msgs/micro_ros_msgs/msg/detail/entity__rosidl_typesupport_fastrtps_c.h
[7.075s] -- Up-to-date: /home/saqib/linorobot2_ws/install/micro_ros_msgs/include/micro_ros_msgs/micro_ros_msgs/msg/rosidl_typesupport_fastrtps_c__visibility_control.h
[7.077s] -- Up-to-date: /home/saqib/linorobot2_ws/install/micro_ros_msgs/lib/libmicro_ros_msgs__rosidl_typesupport_fastrtps_c.so
[7.079s] -- Up-to-date: /home/saqib/linorobot2_ws/install/micro_ros_msgs/include/micro_ros_msgs/micro_ros_msgs
[7.081s] -- Up-to-date: /home/saqib/linorobot2_ws/install/micro_ros_msgs/include/micro_ros_msgs/micro_ros_msgs/msg
[7.083s] -- Up-to-date: /home/saqib/linorobot2_ws/install/micro_ros_msgs/include/micro_ros_msgs/micro_ros_msgs/msg/rosidl_typesupport_introspection_c__visibility_control.h
[7.084s] -- Up-to-date: /home/saqib/linorobot2_ws/install/micro_ros_msgs/include/micro_ros_msgs/micro_ros_msgs/msg/detail
[7.086s] -- Up-to-date: /home/saqib/linorobot2_ws/install/micro_ros_msgs/include/micro_ros_msgs/micro_ros_msgs/msg/detail/entity__rosidl_typesupport_introspection_c.h
[7.087s] -- Up-to-date: /home/saqib/linorobot2_ws/install/micro_ros_msgs/include/micro_ros_msgs/micro_ros_msgs/msg/detail/graph__rosidl_typesupport_introspection_c.h
[7.089s] -- Up-to-date: /home/saqib/linorobot2_ws/install/micro_ros_msgs/include/micro_ros_msgs/micro_ros_msgs/msg/detail/node__rosidl_typesupport_introspection_c.h
[7.090s] -- Up-to-date: /home/saqib/linorobot2_ws/install/micro_ros_msgs/include/micro_ros_msgs/micro_ros_msgs/msg/detail/entity__type_support.c
[7.092s] -- Up-to-date: /home/saqib/linorobot2_ws/install/micro_ros_msgs/include/micro_ros_msgs/micro_ros_msgs/msg/detail/node__type_support.c
[7.096s] -- Up-to-date: /home/saqib/linorobot2_ws/install/micro_ros_msgs/include/micro_ros_msgs/micro_ros_msgs/msg/detail/graph__type_support.c
[7.097s] -- Up-to-date: /home/saqib/linorobot2_ws/install/micro_ros_msgs/lib/libmicro_ros_msgs__rosidl_typesupport_introspection_c.so
[7.102s] -- Up-to-date: /home/saqib/linorobot2_ws/install/micro_ros_msgs/lib/libmicro_ros_msgs__rosidl_typesupport_c.so
[7.106s] -- Up-to-date: /home/saqib/linorobot2_ws/install/micro_ros_msgs/include/micro_ros_msgs/micro_ros_msgs
[7.109s] -- Up-to-date: /home/saqib/linorobot2_ws/install/micro_ros_msgs/include/micro_ros_msgs/micro_ros_msgs/msg
[7.111s] -- Up-to-date: /home/saqib/linorobot2_ws/install/micro_ros_msgs/include/micro_ros_msgs/micro_ros_msgs/msg/graph.hpp
[7.117s] -- Up-to-date: /home/saqib/linorobot2_ws/install/micro_ros_msgs/include/micro_ros_msgs/micro_ros_msgs/msg/detail
[7.123s] -- Up-to-date: /home/saqib/linorobot2_ws/install/micro_ros_msgs/include/micro_ros_msgs/micro_ros_msgs/msg/detail/graph__traits.hpp
[7.124s] -- Up-to-date: /home/saqib/linorobot2_ws/install/micro_ros_msgs/include/micro_ros_msgs/micro_ros_msgs/msg/detail/node__builder.hpp
[7.126s] -- Up-to-date: /home/saqib/linorobot2_ws/install/micro_ros_msgs/include/micro_ros_msgs/micro_ros_msgs/msg/detail/graph__builder.hpp
[7.127s] -- Up-to-date: /home/saqib/linorobot2_ws/install/micro_ros_msgs/include/micro_ros_msgs/micro_ros_msgs/msg/detail/entity__struct.hpp
[7.128s] -- Up-to-date: /home/saqib/linorobot2_ws/install/micro_ros_msgs/include/micro_ros_msgs/micro_ros_msgs/msg/detail/graph__struct.hpp
[7.129s] -- Up-to-date: /home/saqib/linorobot2_ws/install/micro_ros_msgs/include/micro_ros_msgs/micro_ros_msgs/msg/detail/node__struct.hpp
[7.131s] -- Up-to-date: /home/saqib/linorobot2_ws/install/micro_ros_msgs/include/micro_ros_msgs/micro_ros_msgs/msg/detail/node__traits.hpp
[7.132s] -- Up-to-date: /home/saqib/linorobot2_ws/install/micro_ros_msgs/include/micro_ros_msgs/micro_ros_msgs/msg/detail/entity__builder.hpp
[7.134s] -- Up-to-date: /home/saqib/linorobot2_ws/install/micro_ros_msgs/include/micro_ros_msgs/micro_ros_msgs/msg/detail/entity__traits.hpp
[7.135s] -- Up-to-date: /home/saqib/linorobot2_ws/install/micro_ros_msgs/include/micro_ros_msgs/micro_ros_msgs/msg/node.hpp
[7.136s] -- Up-to-date: /home/saqib/linorobot2_ws/install/micro_ros_msgs/include/micro_ros_msgs/micro_ros_msgs/msg/entity.hpp
[7.138s] -- Up-to-date: /home/saqib/linorobot2_ws/install/micro_ros_msgs/include/micro_ros_msgs/micro_ros_msgs
[7.139s] -- Up-to-date: /home/saqib/linorobot2_ws/install/micro_ros_msgs/include/micro_ros_msgs/micro_ros_msgs/msg
[7.141s] -- Up-to-date: /home/saqib/linorobot2_ws/install/micro_ros_msgs/include/micro_ros_msgs/micro_ros_msgs/msg/detail
[7.147s] -- Up-to-date: /home/saqib/linorobot2_ws/install/micro_ros_msgs/include/micro_ros_msgs/micro_ros_msgs/msg/detail/node__rosidl_typesupport_fastrtps_cpp.hpp
[7.148s] -- Up-to-date: /home/saqib/linorobot2_ws/install/micro_ros_msgs/include/micro_ros_msgs/micro_ros_msgs/msg/detail/entity__rosidl_typesupport_fastrtps_cpp.hpp
[7.152s] -- Up-to-date: /home/saqib/linorobot2_ws/install/micro_ros_msgs/include/micro_ros_msgs/micro_ros_msgs/msg/detail/graph__rosidl_typesupport_fastrtps_cpp.hpp
[7.153s] -- Up-to-date: /home/saqib/linorobot2_ws/install/micro_ros_msgs/include/micro_ros_msgs/micro_ros_msgs/msg/detail/dds_fastrtps
[7.158s] -- Up-to-date: /home/saqib/linorobot2_ws/install/micro_ros_msgs/include/micro_ros_msgs/micro_ros_msgs/msg/rosidl_typesupport_fastrtps_cpp__visibility_control.h
[7.159s] -- Up-to-date: /home/saqib/linorobot2_ws/install/micro_ros_msgs/lib/libmicro_ros_msgs__rosidl_typesupport_fastrtps_cpp.so
[7.161s] -- Up-to-date: /home/saqib/linorobot2_ws/install/micro_ros_msgs/include/micro_ros_msgs/micro_ros_msgs
[7.164s] -- Up-to-date: /home/saqib/linorobot2_ws/install/micro_ros_msgs/include/micro_ros_msgs/micro_ros_msgs/msg
[7.165s] -- Up-to-date: /home/saqib/linorobot2_ws/install/micro_ros_msgs/include/micro_ros_msgs/micro_ros_msgs/msg/detail
[7.167s] -- Up-to-date: /home/saqib/linorobot2_ws/install/micro_ros_msgs/include/micro_ros_msgs/micro_ros_msgs/msg/detail/node__type_support.cpp
[7.168s] -- Up-to-date: /home/saqib/linorobot2_ws/install/micro_ros_msgs/include/micro_ros_msgs/micro_ros_msgs/msg/detail/node__rosidl_typesupport_introspection_cpp.hpp
[7.171s] -- Up-to-date: /home/saqib/linorobot2_ws/install/micro_ros_msgs/include/micro_ros_msgs/micro_ros_msgs/msg/detail/entity__type_support.cpp
[7.171s] -- Up-to-date: /home/saqib/linorobot2_ws/install/micro_ros_msgs/include/micro_ros_msgs/micro_ros_msgs/msg/detail/graph__rosidl_typesupport_introspection_cpp.hpp
[7.172s] -- Up-to-date: /home/saqib/linorobot2_ws/install/micro_ros_msgs/include/micro_ros_msgs/micro_ros_msgs/msg/detail/entity__rosidl_typesupport_introspection_cpp.hpp
[7.175s] -- Up-to-date: /home/saqib/linorobot2_ws/install/micro_ros_msgs/include/micro_ros_msgs/micro_ros_msgs/msg/detail/graph__type_support.cpp
[7.181s] -- Up-to-date: /home/saqib/linorobot2_ws/install/micro_ros_msgs/lib/libmicro_ros_msgs__rosidl_typesupport_introspection_cpp.so
[7.182s] -- Up-to-date: /home/saqib/linorobot2_ws/install/micro_ros_msgs/lib/libmicro_ros_msgs__rosidl_typesupport_cpp.so
[7.184s] -- Up-to-date: /home/saqib/linorobot2_ws/install/micro_ros_msgs/share/micro_ros_msgs/environment/pythonpath.sh
[7.186s] -- Up-to-date: /home/saqib/linorobot2_ws/install/micro_ros_msgs/share/micro_ros_msgs/environment/pythonpath.dsv
[7.188s] -- Up-to-date: /home/saqib/linorobot2_ws/install/micro_ros_msgs/local/lib/python3.10/dist-packages/micro_ros_msgs-3.0.0-py3.10.egg-info
[7.190s] -- Installing: /home/saqib/linorobot2_ws/install/micro_ros_msgs/local/lib/python3.10/dist-packages/micro_ros_msgs-3.0.0-py3.10.egg-info/dependency_links.txt
[7.192s] -- Installing: /home/saqib/linorobot2_ws/install/micro_ros_msgs/local/lib/python3.10/dist-packages/micro_ros_msgs-3.0.0-py3.10.egg-info/SOURCES.txt
[7.195s] -- Installing: /home/saqib/linorobot2_ws/install/micro_ros_msgs/local/lib/python3.10/dist-packages/micro_ros_msgs-3.0.0-py3.10.egg-info/top_level.txt
[7.199s] -- Installing: /home/saqib/linorobot2_ws/install/micro_ros_msgs/local/lib/python3.10/dist-packages/micro_ros_msgs-3.0.0-py3.10.egg-info/PKG-INFO
[7.202s] -- Up-to-date: /home/saqib/linorobot2_ws/install/micro_ros_msgs/local/lib/python3.10/dist-packages/micro_ros_msgs
[7.204s] -- Up-to-date: /home/saqib/linorobot2_ws/install/micro_ros_msgs/local/lib/python3.10/dist-packages/micro_ros_msgs/msg
[7.207s] -- Up-to-date: /home/saqib/linorobot2_ws/install/micro_ros_msgs/local/lib/python3.10/dist-packages/micro_ros_msgs/msg/__init__.py
[7.208s] -- Up-to-date: /home/saqib/linorobot2_ws/install/micro_ros_msgs/local/lib/python3.10/dist-packages/micro_ros_msgs/msg/_entity.py
[7.211s] -- Up-to-date: /home/saqib/linorobot2_ws/install/micro_ros_msgs/local/lib/python3.10/dist-packages/micro_ros_msgs/msg/_node.py
[7.213s] -- Up-to-date: /home/saqib/linorobot2_ws/install/micro_ros_msgs/local/lib/python3.10/dist-packages/micro_ros_msgs/msg/_node_s.c
[7.216s] -- Up-to-date: /home/saqib/linorobot2_ws/install/micro_ros_msgs/local/lib/python3.10/dist-packages/micro_ros_msgs/msg/_graph.py
[7.219s] -- Up-to-date: /home/saqib/linorobot2_ws/install/micro_ros_msgs/local/lib/python3.10/dist-packages/micro_ros_msgs/msg/_graph_s.c
[7.226s] -- Up-to-date: /home/saqib/linorobot2_ws/install/micro_ros_msgs/local/lib/python3.10/dist-packages/micro_ros_msgs/msg/_entity_s.c
[7.229s] -- Up-to-date: /home/saqib/linorobot2_ws/install/micro_ros_msgs/local/lib/python3.10/dist-packages/micro_ros_msgs/_micro_ros_msgs_s.ep.rosidl_typesupport_fastrtps_c.c
[7.232s] -- Up-to-date: /home/saqib/linorobot2_ws/install/micro_ros_msgs/local/lib/python3.10/dist-packages/micro_ros_msgs/libmicro_ros_msgs__rosidl_generator_py.so
[7.232s] -- Up-to-date: /home/saqib/linorobot2_ws/install/micro_ros_msgs/local/lib/python3.10/dist-packages/micro_ros_msgs/micro_ros_msgs_s__rosidl_typesupport_introspection_c.cpython-310-aarch64-linux-gnu.so
[7.242s] -- Up-to-date: /home/saqib/linorobot2_ws/install/micro_ros_msgs/local/lib/python3.10/dist-packages/micro_ros_msgs/__init__.py
[7.242s] -- Up-to-date: /home/saqib/linorobot2_ws/install/micro_ros_msgs/local/lib/python3.10/dist-packages/micro_ros_msgs/_micro_ros_msgs_s.ep.rosidl_typesupport_introspection_c.c
[7.279s] -- Up-to-date: /home/saqib/linorobot2_ws/install/micro_ros_msgs/local/lib/python3.10/dist-packages/micro_ros_msgs/micro_ros_msgs_s__rosidl_typesupport_fastrtps_c.cpython-310-aarch64-linux-gnu.so
[7.289s] -- Up-to-date: /home/saqib/linorobot2_ws/install/micro_ros_msgs/local/lib/python3.10/dist-packages/micro_ros_msgs/micro_ros_msgs_s__rosidl_typesupport_c.cpython-310-aarch64-linux-gnu.so
[7.289s] -- Up-to-date: /home/saqib/linorobot2_ws/install/micro_ros_msgs/local/lib/python3.10/dist-packages/micro_ros_msgs/_micro_ros_msgs_s.ep.rosidl_typesupport_c.c
[7.506s] Listing '/home/saqib/linorobot2_ws/install/micro_ros_msgs/local/lib/python3.10/dist-packages/micro_ros_msgs'...
[7.507s] Listing '/home/saqib/linorobot2_ws/install/micro_ros_msgs/local/lib/python3.10/dist-packages/micro_ros_msgs/msg'...
[7.548s] -- Up-to-date: /home/saqib/linorobot2_ws/install/micro_ros_msgs/local/lib/python3.10/dist-packages/micro_ros_msgs/micro_ros_msgs_s__rosidl_typesupport_fastrtps_c.cpython-310-aarch64-linux-gnu.so
[7.549s] -- Up-to-date: /home/saqib/linorobot2_ws/install/micro_ros_msgs/local/lib/python3.10/dist-packages/micro_ros_msgs/micro_ros_msgs_s__rosidl_typesupport_introspection_c.cpython-310-aarch64-linux-gnu.so
[7.565s] -- Up-to-date: /home/saqib/linorobot2_ws/install/micro_ros_msgs/local/lib/python3.10/dist-packages/micro_ros_msgs/micro_ros_msgs_s__rosidl_typesupport_c.cpython-310-aarch64-linux-gnu.so
[7.566s] -- Up-to-date: /home/saqib/linorobot2_ws/install/micro_ros_msgs/lib/libmicro_ros_msgs__rosidl_generator_py.so
[7.566s] -- Up-to-date: /home/saqib/linorobot2_ws/install/micro_ros_msgs/share/micro_ros_msgs/msg/Graph.idl
[7.567s] -- Up-to-date: /home/saqib/linorobot2_ws/install/micro_ros_msgs/share/micro_ros_msgs/msg/Node.idl
[7.567s] -- Up-to-date: /home/saqib/linorobot2_ws/install/micro_ros_msgs/share/micro_ros_msgs/msg/Entity.idl
[7.567s] -- Up-to-date: /home/saqib/linorobot2_ws/install/micro_ros_msgs/share/micro_ros_msgs/msg/Graph.msg
[7.568s] -- Up-to-date: /home/saqib/linorobot2_ws/install/micro_ros_msgs/share/micro_ros_msgs/msg/Node.msg
[7.568s] -- Up-to-date: /home/saqib/linorobot2_ws/install/micro_ros_msgs/share/micro_ros_msgs/msg/Entity.msg
[7.569s] -- Up-to-date: /home/saqib/linorobot2_ws/install/micro_ros_msgs/share/ament_index/resource_index/package_run_dependencies/micro_ros_msgs
[7.569s] -- Up-to-date: /home/saqib/linorobot2_ws/install/micro_ros_msgs/share/ament_index/resource_index/parent_prefix_path/micro_ros_msgs
[7.575s] -- Up-to-date: /home/saqib/linorobot2_ws/install/micro_ros_msgs/share/micro_ros_msgs/environment/ament_prefix_path.sh
[7.576s] -- Up-to-date: /home/saqib/linorobot2_ws/install/micro_ros_msgs/share/micro_ros_msgs/environment/ament_prefix_path.dsv
[7.576s] -- Up-to-date: /home/saqib/linorobot2_ws/install/micro_ros_msgs/share/micro_ros_msgs/environment/path.sh
[7.577s] -- Up-to-date: /home/saqib/linorobot2_ws/install/micro_ros_msgs/share/micro_ros_msgs/environment/path.dsv
[7.577s] -- Up-to-date: /home/saqib/linorobot2_ws/install/micro_ros_msgs/share/micro_ros_msgs/local_setup.bash
[7.578s] -- Up-to-date: /home/saqib/linorobot2_ws/install/micro_ros_msgs/share/micro_ros_msgs/local_setup.sh
[7.578s] -- Up-to-date: /home/saqib/linorobot2_ws/install/micro_ros_msgs/share/micro_ros_msgs/local_setup.zsh
[7.578s] -- Up-to-date: /home/saqib/linorobot2_ws/install/micro_ros_msgs/share/micro_ros_msgs/local_setup.dsv
[7.579s] -- Installing: /home/saqib/linorobot2_ws/install/micro_ros_msgs/share/micro_ros_msgs/package.dsv
[7.579s] -- Up-to-date: /home/saqib/linorobot2_ws/install/micro_ros_msgs/share/ament_index/resource_index/packages/micro_ros_msgs
[7.611s] -- Up-to-date: /home/saqib/linorobot2_ws/install/micro_ros_msgs/share/micro_ros_msgs/cmake/export_micro_ros_msgs__rosidl_generator_cExport.cmake
[7.611s] -- Up-to-date: /home/saqib/linorobot2_ws/install/micro_ros_msgs/share/micro_ros_msgs/cmake/export_micro_ros_msgs__rosidl_generator_cExport-noconfig.cmake
[7.616s] -- Up-to-date: /home/saqib/linorobot2_ws/install/micro_ros_msgs/share/micro_ros_msgs/cmake/export_micro_ros_msgs__rosidl_typesupport_fastrtps_cExport.cmake
[7.634s] -- Up-to-date: /home/saqib/linorobot2_ws/install/micro_ros_msgs/share/micro_ros_msgs/cmake/export_micro_ros_msgs__rosidl_typesupport_fastrtps_cExport-noconfig.cmake
[7.638s] -- Up-to-date: /home/saqib/linorobot2_ws/install/micro_ros_msgs/share/micro_ros_msgs/cmake/micro_ros_msgs__rosidl_typesupport_introspection_cExport.cmake
[7.675s] -- Up-to-date: /home/saqib/linorobot2_ws/install/micro_ros_msgs/share/micro_ros_msgs/cmake/micro_ros_msgs__rosidl_typesupport_introspection_cExport-noconfig.cmake
[7.677s] -- Up-to-date: /home/saqib/linorobot2_ws/install/micro_ros_msgs/share/micro_ros_msgs/cmake/micro_ros_msgs__rosidl_typesupport_cExport.cmake
[7.682s] -- Up-to-date: /home/saqib/linorobot2_ws/install/micro_ros_msgs/share/micro_ros_msgs/cmake/micro_ros_msgs__rosidl_typesupport_cExport-noconfig.cmake
[7.686s] -- Up-to-date: /home/saqib/linorobot2_ws/install/micro_ros_msgs/share/micro_ros_msgs/cmake/export_micro_ros_msgs__rosidl_generator_cppExport.cmake
[7.689s] -- Up-to-date: /home/saqib/linorobot2_ws/install/micro_ros_msgs/share/micro_ros_msgs/cmake/export_micro_ros_msgs__rosidl_typesupport_fastrtps_cppExport.cmake
[7.699s] -- Up-to-date: /home/saqib/linorobot2_ws/install/micro_ros_msgs/share/micro_ros_msgs/cmake/export_micro_ros_msgs__rosidl_typesupport_fastrtps_cppExport-noconfig.cmake
[7.701s] -- Up-to-date: /home/saqib/linorobot2_ws/install/micro_ros_msgs/share/micro_ros_msgs/cmake/micro_ros_msgs__rosidl_typesupport_introspection_cppExport.cmake
[7.713s] -- Up-to-date: /home/saqib/linorobot2_ws/install/micro_ros_msgs/share/micro_ros_msgs/cmake/micro_ros_msgs__rosidl_typesupport_introspection_cppExport-noconfig.cmake
[7.719s] -- Up-to-date: /home/saqib/linorobot2_ws/install/micro_ros_msgs/share/micro_ros_msgs/cmake/micro_ros_msgs__rosidl_typesupport_cppExport.cmake
[7.722s] -- Up-to-date: /home/saqib/linorobot2_ws/install/micro_ros_msgs/share/micro_ros_msgs/cmake/micro_ros_msgs__rosidl_typesupport_cppExport-noconfig.cmake
[7.748s] -- Up-to-date: /home/saqib/linorobot2_ws/install/micro_ros_msgs/share/micro_ros_msgs/cmake/export_micro_ros_msgs__rosidl_generator_pyExport.cmake
[7.750s] -- Up-to-date: /home/saqib/linorobot2_ws/install/micro_ros_msgs/share/micro_ros_msgs/cmake/export_micro_ros_msgs__rosidl_generator_pyExport-noconfig.cmake
[7.762s] -- Up-to-date: /home/saqib/linorobot2_ws/install/micro_ros_msgs/share/micro_ros_msgs/cmake/rosidl_cmake-extras.cmake
[7.764s] -- Up-to-date: /home/saqib/linorobot2_ws/install/micro_ros_msgs/share/micro_ros_msgs/cmake/ament_cmake_export_include_directories-extras.cmake
[7.765s] -- Up-to-date: /home/saqib/linorobot2_ws/install/micro_ros_msgs/share/micro_ros_msgs/cmake/ament_cmake_export_libraries-extras.cmake
[7.765s] -- Up-to-date: /home/saqib/linorobot2_ws/install/micro_ros_msgs/share/micro_ros_msgs/cmake/ament_cmake_export_targets-extras.cmake
[7.765s] -- Up-to-date: /home/saqib/linorobot2_ws/install/micro_ros_msgs/share/micro_ros_msgs/cmake/rosidl_cmake_export_typesupport_targets-extras.cmake
[7.766s] -- Up-to-date: /home/saqib/linorobot2_ws/install/micro_ros_msgs/share/micro_ros_msgs/cmake/ament_cmake_export_dependencies-extras.cmake
[7.766s] -- Up-to-date: /home/saqib/linorobot2_ws/install/micro_ros_msgs/share/micro_ros_msgs/cmake/rosidl_cmake_export_typesupport_libraries-extras.cmake
[7.767s] -- Up-to-date: /home/saqib/linorobot2_ws/install/micro_ros_msgs/share/micro_ros_msgs/cmake/micro_ros_msgsConfig.cmake
[7.769s] -- Up-to-date: /home/saqib/linorobot2_ws/install/micro_ros_msgs/share/micro_ros_msgs/cmake/micro_ros_msgsConfig-version.cmake
[7.769s] -- Up-to-date: /home/saqib/linorobot2_ws/install/micro_ros_msgs/share/micro_ros_msgs/package.xml
[7.770s] Invoked command in '/home/saqib/linorobot2_ws/build/micro_ros_msgs' returned '0': CMAKE_PREFIX_PATH=${CMAKE_PREFIX_PATH}:/opt/ros/humble /usr/bin/cmake --install /home/saqib/linorobot2_ws/build/micro_ros_msgs
