[0.532s] Invoking command in '/home/saqib/linorobot2_ws/build/micro_ros_setup': CMAKE_PREFIX_PATH=${CMAKE_PREFIX_PATH}:/opt/ros/humble /usr/bin/cmake --build /home/saqib/linorobot2_ws/build/micro_ros_setup -- -j4 -l4
[1.768s] Invoked command in '/home/saqib/linorobot2_ws/build/micro_ros_setup' returned '0': CMAKE_PREFIX_PATH=${CMAKE_PREFIX_PATH}:/opt/ros/humble /usr/bin/cmake --build /home/saqib/linorobot2_ws/build/micro_ros_setup -- -j4 -l4
[2.476s] Invoking command in '/home/saqib/linorobot2_ws/build/micro_ros_setup': CMAKE_PREFIX_PATH=${CMAKE_PREFIX_PATH}:/opt/ros/humble /usr/bin/cmake --install /home/saqib/linorobot2_ws/build/micro_ros_setup
[2.545s] -- Install configuration: ""
[2.549s] -- Up-to-date: /home/saqib/linorobot2_ws/install/micro_ros_setup/share/ament_index/resource_index/package_run_dependencies/micro_ros_setup
[2.568s] -- Up-to-date: /home/saqib/linorobot2_ws/install/micro_ros_setup/share/ament_index/resource_index/parent_prefix_path/micro_ros_setup
[2.570s] -- Up-to-date: /home/saqib/linorobot2_ws/install/micro_ros_setup/share/micro_ros_setup/environment/ament_prefix_path.sh
[2.575s] -- Up-to-date: /home/saqib/linorobot2_ws/install/micro_ros_setup/share/micro_ros_setup/environment/ament_prefix_path.dsv
[2.578s] -- Up-to-date: /home/saqib/linorobot2_ws/install/micro_ros_setup/share/micro_ros_setup/environment/path.sh
[2.584s] -- Up-to-date: /home/saqib/linorobot2_ws/install/micro_ros_setup/share/micro_ros_setup/environment/path.dsv
[2.587s] -- Up-to-date: /home/saqib/linorobot2_ws/install/micro_ros_setup/share/micro_ros_setup/local_setup.bash
[2.588s] -- Up-to-date: /home/saqib/linorobot2_ws/install/micro_ros_setup/share/micro_ros_setup/local_setup.sh
[2.588s] -- Up-to-date: /home/saqib/linorobot2_ws/install/micro_ros_setup/share/micro_ros_setup/local_setup.zsh
[2.588s] -- Up-to-date: /home/saqib/linorobot2_ws/install/micro_ros_setup/share/micro_ros_setup/local_setup.dsv
[2.589s] -- Installing: /home/saqib/linorobot2_ws/install/micro_ros_setup/share/micro_ros_setup/package.dsv
[2.599s] -- Up-to-date: /home/saqib/linorobot2_ws/install/micro_ros_setup/share/ament_index/resource_index/packages/micro_ros_setup
[2.600s] -- Up-to-date: /home/saqib/linorobot2_ws/install/micro_ros_setup/share/micro_ros_setup/cmake/micro_ros_setupConfig.cmake
[2.600s] -- Up-to-date: /home/saqib/linorobot2_ws/install/micro_ros_setup/share/micro_ros_setup/cmake/micro_ros_setupConfig-version.cmake
[2.601s] -- Up-to-date: /home/saqib/linorobot2_ws/install/micro_ros_setup/share/micro_ros_setup/package.xml
[2.601s] -- Up-to-date: /home/saqib/linorobot2_ws/install/micro_ros_setup/./config
[2.601s] -- Up-to-date: /home/saqib/linorobot2_ws/install/micro_ros_setup/./config/generate_lib
[2.609s] -- Up-to-date: /home/saqib/linorobot2_ws/install/micro_ros_setup/./config/generate_lib/generic
[2.612s] -- Up-to-date: /home/saqib/linorobot2_ws/install/micro_ros_setup/./config/generate_lib/generic/flash.sh
[2.613s] -- Up-to-date: /home/saqib/linorobot2_ws/install/micro_ros_setup/./config/generate_lib/generic/client_uros_packages.repos
[2.615s] -- Up-to-date: /home/saqib/linorobot2_ws/install/micro_ros_setup/./config/generate_lib/generic/client-colcon.meta
[2.615s] -- Up-to-date: /home/saqib/linorobot2_ws/install/micro_ros_setup/./config/generate_lib/generic/build.sh
[2.616s] -- Up-to-date: /home/saqib/linorobot2_ws/install/micro_ros_setup/./config/generate_lib/generic/create.sh
[2.616s] -- Up-to-date: /home/saqib/linorobot2_ws/install/micro_ros_setup/./config/generate_lib/generic/demo_toolchain.cmake
[2.616s] -- Up-to-date: /home/saqib/linorobot2_ws/install/micro_ros_setup/./config/generate_lib/generic/package.xml
[2.617s] -- Up-to-date: /home/saqib/linorobot2_ws/install/micro_ros_setup/./config/generate_lib/dev_ros2_packages.txt
[2.617s] -- Up-to-date: /home/saqib/linorobot2_ws/install/micro_ros_setup/./config/generate_lib/dev_uros_packages.repos
[2.618s] -- Up-to-date: /home/saqib/linorobot2_ws/install/micro_ros_setup/./config/client_uros_packages.repos
[2.625s] -- Up-to-date: /home/saqib/linorobot2_ws/install/micro_ros_setup/./config/freertos
[2.626s] -- Up-to-date: /home/saqib/linorobot2_ws/install/micro_ros_setup/./config/freertos/olimex-stm32-e407
[2.627s] -- Up-to-date: /home/saqib/linorobot2_ws/install/micro_ros_setup/./config/freertos/olimex-stm32-e407/flash.sh
[2.628s] -- Up-to-date: /home/saqib/linorobot2_ws/install/micro_ros_setup/./config/freertos/olimex-stm32-e407/client_uros_packages.repos
[2.631s] -- Up-to-date: /home/saqib/linorobot2_ws/install/micro_ros_setup/./config/freertos/olimex-stm32-e407/client-colcon.meta
[2.637s] -- Up-to-date: /home/saqib/linorobot2_ws/install/micro_ros_setup/./config/freertos/olimex-stm32-e407/build.sh
[2.637s] -- Up-to-date: /home/saqib/linorobot2_ws/install/micro_ros_setup/./config/freertos/olimex-stm32-e407/create.sh
[2.638s] -- Up-to-date: /home/saqib/linorobot2_ws/install/micro_ros_setup/./config/freertos/olimex-stm32-e407/configure.sh
[2.638s] -- Up-to-date: /home/saqib/linorobot2_ws/install/micro_ros_setup/./config/freertos/olimex-stm32-e407/board.repos
[2.639s] -- Up-to-date: /home/saqib/linorobot2_ws/install/micro_ros_setup/./config/freertos/olimex-stm32-e407/package.xml
[2.640s] -- Up-to-date: /home/saqib/linorobot2_ws/install/micro_ros_setup/./config/freertos/list_apps.sh
[2.640s] -- Up-to-date: /home/saqib/linorobot2_ws/install/micro_ros_setup/./config/freertos/dev_ros2_packages.txt
[2.641s] -- Up-to-date: /home/saqib/linorobot2_ws/install/micro_ros_setup/./config/freertos/nucleo_f746zg
[2.641s] -- Up-to-date: /home/saqib/linorobot2_ws/install/micro_ros_setup/./config/freertos/nucleo_f746zg/flash.sh
[2.642s] -- Up-to-date: /home/saqib/linorobot2_ws/install/micro_ros_setup/./config/freertos/nucleo_f746zg/client_uros_packages.repos
[2.642s] -- Up-to-date: /home/saqib/linorobot2_ws/install/micro_ros_setup/./config/freertos/nucleo_f746zg/client-colcon.meta
[2.643s] -- Up-to-date: /home/saqib/linorobot2_ws/install/micro_ros_setup/./config/freertos/nucleo_f746zg/build.sh
[2.644s] -- Up-to-date: /home/saqib/linorobot2_ws/install/micro_ros_setup/./config/freertos/nucleo_f746zg/create.sh
[2.644s] -- Up-to-date: /home/saqib/linorobot2_ws/install/micro_ros_setup/./config/freertos/nucleo_f746zg/configure.sh
[2.645s] -- Up-to-date: /home/saqib/linorobot2_ws/install/micro_ros_setup/./config/freertos/nucleo_f746zg/board.repos
[2.645s] -- Up-to-date: /home/saqib/linorobot2_ws/install/micro_ros_setup/./config/freertos/nucleo_f746zg/package.xml
[2.646s] -- Up-to-date: /home/saqib/linorobot2_ws/install/micro_ros_setup/./config/freertos/nucleo_f446ze
[2.648s] -- Up-to-date: /home/saqib/linorobot2_ws/install/micro_ros_setup/./config/freertos/nucleo_f446ze/flash.sh
[2.649s] -- Up-to-date: /home/saqib/linorobot2_ws/install/micro_ros_setup/./config/freertos/nucleo_f446ze/client_uros_packages.repos
[2.649s] -- Up-to-date: /home/saqib/linorobot2_ws/install/micro_ros_setup/./config/freertos/nucleo_f446ze/client-colcon.meta
[2.650s] -- Up-to-date: /home/saqib/linorobot2_ws/install/micro_ros_setup/./config/freertos/nucleo_f446ze/build.sh
[2.651s] -- Up-to-date: /home/saqib/linorobot2_ws/install/micro_ros_setup/./config/freertos/nucleo_f446ze/create.sh
[2.653s] -- Up-to-date: /home/saqib/linorobot2_ws/install/micro_ros_setup/./config/freertos/nucleo_f446ze/configure.sh
[2.666s] -- Up-to-date: /home/saqib/linorobot2_ws/install/micro_ros_setup/./config/freertos/nucleo_f446ze/board.repos
[2.667s] -- Up-to-date: /home/saqib/linorobot2_ws/install/micro_ros_setup/./config/freertos/nucleo_f446ze/package.xml
[2.667s] -- Up-to-date: /home/saqib/linorobot2_ws/install/micro_ros_setup/./config/freertos/esp32
[2.668s] -- Up-to-date: /home/saqib/linorobot2_ws/install/micro_ros_setup/./config/freertos/esp32/flash.sh
[2.668s] -- Up-to-date: /home/saqib/linorobot2_ws/install/micro_ros_setup/./config/freertos/esp32/client_uros_packages.repos
[2.669s] -- Up-to-date: /home/saqib/linorobot2_ws/install/micro_ros_setup/./config/freertos/esp32/client-colcon.meta
[2.669s] -- Up-to-date: /home/saqib/linorobot2_ws/install/micro_ros_setup/./config/freertos/esp32/build.sh
[2.670s] -- Up-to-date: /home/saqib/linorobot2_ws/install/micro_ros_setup/./config/freertos/esp32/create.sh
[2.670s] -- Up-to-date: /home/saqib/linorobot2_ws/install/micro_ros_setup/./config/freertos/esp32/configure.sh
[2.671s] -- Up-to-date: /home/saqib/linorobot2_ws/install/micro_ros_setup/./config/freertos/esp32/README.md
[2.671s] -- Up-to-date: /home/saqib/linorobot2_ws/install/micro_ros_setup/./config/freertos/esp32/board.repos
[2.671s] -- Up-to-date: /home/saqib/linorobot2_ws/install/micro_ros_setup/./config/freertos/esp32/package.xml
[2.672s] -- Up-to-date: /home/saqib/linorobot2_ws/install/micro_ros_setup/./config/freertos/dev_uros_packages.repos
[2.672s] -- Up-to-date: /home/saqib/linorobot2_ws/install/micro_ros_setup/./config/freertos/nucleo_f767zi
[2.672s] -- Up-to-date: /home/saqib/linorobot2_ws/install/micro_ros_setup/./config/freertos/nucleo_f767zi/flash.sh
[2.673s] -- Up-to-date: /home/saqib/linorobot2_ws/install/micro_ros_setup/./config/freertos/nucleo_f767zi/client_uros_packages.repos
[2.673s] -- Up-to-date: /home/saqib/linorobot2_ws/install/micro_ros_setup/./config/freertos/nucleo_f767zi/client-colcon.meta
[2.674s] -- Up-to-date: /home/saqib/linorobot2_ws/install/micro_ros_setup/./config/freertos/nucleo_f767zi/build.sh
[2.674s] -- Up-to-date: /home/saqib/linorobot2_ws/install/micro_ros_setup/./config/freertos/nucleo_f767zi/create.sh
[2.674s] -- Up-to-date: /home/saqib/linorobot2_ws/install/micro_ros_setup/./config/freertos/nucleo_f767zi/configure.sh
[2.675s] -- Up-to-date: /home/saqib/linorobot2_ws/install/micro_ros_setup/./config/freertos/nucleo_f767zi/board.repos
[2.675s] -- Up-to-date: /home/saqib/linorobot2_ws/install/micro_ros_setup/./config/freertos/nucleo_f767zi/package.xml
[2.676s] -- Up-to-date: /home/saqib/linorobot2_ws/install/micro_ros_setup/./config/freertos/nucleo_f446re
[2.676s] -- Up-to-date: /home/saqib/linorobot2_ws/install/micro_ros_setup/./config/freertos/nucleo_f446re/flash.sh
[2.677s] -- Up-to-date: /home/saqib/linorobot2_ws/install/micro_ros_setup/./config/freertos/nucleo_f446re/client_uros_packages.repos
[2.677s] -- Up-to-date: /home/saqib/linorobot2_ws/install/micro_ros_setup/./config/freertos/nucleo_f446re/client-colcon.meta
[2.677s] -- Up-to-date: /home/saqib/linorobot2_ws/install/micro_ros_setup/./config/freertos/nucleo_f446re/build.sh
[2.678s] -- Up-to-date: /home/saqib/linorobot2_ws/install/micro_ros_setup/./config/freertos/nucleo_f446re/create.sh
[2.691s] -- Up-to-date: /home/saqib/linorobot2_ws/install/micro_ros_setup/./config/freertos/nucleo_f446re/configure.sh
[2.692s] -- Up-to-date: /home/saqib/linorobot2_ws/install/micro_ros_setup/./config/freertos/nucleo_f446re/board.repos
[2.692s] -- Up-to-date: /home/saqib/linorobot2_ws/install/micro_ros_setup/./config/freertos/nucleo_f446re/package.xml
[2.693s] -- Up-to-date: /home/saqib/linorobot2_ws/install/micro_ros_setup/./config/freertos/crazyflie21
[2.693s] -- Up-to-date: /home/saqib/linorobot2_ws/install/micro_ros_setup/./config/freertos/crazyflie21/flash.sh
[2.693s] -- Up-to-date: /home/saqib/linorobot2_ws/install/micro_ros_setup/./config/freertos/crazyflie21/client_uros_packages.repos
[2.694s] -- Up-to-date: /home/saqib/linorobot2_ws/install/micro_ros_setup/./config/freertos/crazyflie21/client-colcon.meta
[2.694s] -- Up-to-date: /home/saqib/linorobot2_ws/install/micro_ros_setup/./config/freertos/crazyflie21/build.sh
[2.694s] -- Up-to-date: /home/saqib/linorobot2_ws/install/micro_ros_setup/./config/freertos/crazyflie21/create.sh
[2.695s] -- Up-to-date: /home/saqib/linorobot2_ws/install/micro_ros_setup/./config/freertos/crazyflie21/configure.sh
[2.695s] -- Up-to-date: /home/saqib/linorobot2_ws/install/micro_ros_setup/./config/freertos/crazyflie21/board.repos
[2.696s] -- Up-to-date: /home/saqib/linorobot2_ws/install/micro_ros_setup/./config/freertos/crazyflie21/package.xml
[2.696s] -- Up-to-date: /home/saqib/linorobot2_ws/install/micro_ros_setup/./config/agent_uros_packages.repos
[2.696s] -- Up-to-date: /home/saqib/linorobot2_ws/install/micro_ros_setup/./config/zephyr
[2.697s] -- Up-to-date: /home/saqib/linorobot2_ws/install/micro_ros_setup/./config/zephyr/list_apps.sh
[2.697s] -- Up-to-date: /home/saqib/linorobot2_ws/install/micro_ros_setup/./config/zephyr/generic
[2.698s] -- Up-to-date: /home/saqib/linorobot2_ws/install/micro_ros_setup/./config/zephyr/generic/flash.sh
[2.698s] -- Up-to-date: /home/saqib/linorobot2_ws/install/micro_ros_setup/./config/zephyr/generic/client_uros_packages.repos
[2.698s] -- Up-to-date: /home/saqib/linorobot2_ws/install/micro_ros_setup/./config/zephyr/generic/supported_platforms
[2.699s] -- Up-to-date: /home/saqib/linorobot2_ws/install/micro_ros_setup/./config/zephyr/generic/client-colcon.meta
[2.699s] -- Up-to-date: /home/saqib/linorobot2_ws/install/micro_ros_setup/./config/zephyr/generic/build.sh
[2.699s] -- Up-to-date: /home/saqib/linorobot2_ws/install/micro_ros_setup/./config/zephyr/generic/create.sh
[2.700s] -- Up-to-date: /home/saqib/linorobot2_ws/install/micro_ros_setup/./config/zephyr/generic/configure.sh
[2.700s] -- Up-to-date: /home/saqib/linorobot2_ws/install/micro_ros_setup/./config/zephyr/generic/board.repos
[2.700s] -- Up-to-date: /home/saqib/linorobot2_ws/install/micro_ros_setup/./config/zephyr/generic/package.xml
[2.701s] -- Up-to-date: /home/saqib/linorobot2_ws/install/micro_ros_setup/./config/zephyr/dev_ros2_packages.txt
[2.701s] -- Up-to-date: /home/saqib/linorobot2_ws/install/micro_ros_setup/./config/zephyr/dev_uros_packages.repos
[2.701s] -- Up-to-date: /home/saqib/linorobot2_ws/install/micro_ros_setup/./config/client_ros2_packages.txt
[2.702s] -- Up-to-date: /home/saqib/linorobot2_ws/install/micro_ros_setup/./config/utils.sh
[2.711s] -- Up-to-date: /home/saqib/linorobot2_ws/install/micro_ros_setup/./config/host
[2.712s] -- Up-to-date: /home/saqib/linorobot2_ws/install/micro_ros_setup/./config/host/generic
[2.713s] -- Up-to-date: /home/saqib/linorobot2_ws/install/micro_ros_setup/./config/host/generic/flash.sh
[2.727s] -- Up-to-date: /home/saqib/linorobot2_ws/install/micro_ros_setup/./config/host/generic/build.sh
[2.727s] -- Up-to-date: /home/saqib/linorobot2_ws/install/micro_ros_setup/./config/host/generic/create.sh
[2.728s] -- Up-to-date: /home/saqib/linorobot2_ws/install/micro_ros_setup/./config/host/generic/client_host_packages.repos
[2.730s] -- Up-to-date: /home/saqib/linorobot2_ws/install/micro_ros_setup/./config/host/generic/client-host-colcon.meta
[2.732s] -- Up-to-date: /home/saqib/linorobot2_ws/install/micro_ros_setup/./config/host/generic/package.xml
[2.733s] -- Up-to-date: /home/saqib/linorobot2_ws/install/micro_ros_setup/./config/host/dev_ros2_packages.txt
[2.734s] -- Up-to-date: /home/saqib/linorobot2_ws/install/micro_ros_setup/./config/host/client_ros2_packages.txt
[2.734s] -- Up-to-date: /home/saqib/linorobot2_ws/install/micro_ros_setup/./config/host/dev_uros_packages.repos
[2.734s] -- Up-to-date: /home/saqib/linorobot2_ws/install/micro_ros_setup/./config/android
[2.735s] -- Up-to-date: /home/saqib/linorobot2_ws/install/micro_ros_setup/./config/android/generic
[2.735s] -- Up-to-date: /home/saqib/linorobot2_ws/install/micro_ros_setup/./config/android/generic/flash.sh
[2.736s] -- Up-to-date: /home/saqib/linorobot2_ws/install/micro_ros_setup/./config/android/generic/client_uros_packages.repos
[2.736s] -- Up-to-date: /home/saqib/linorobot2_ws/install/micro_ros_setup/./config/android/generic/client-colcon.meta
[2.736s] -- Up-to-date: /home/saqib/linorobot2_ws/install/micro_ros_setup/./config/android/generic/build.sh
[2.737s] -- Up-to-date: /home/saqib/linorobot2_ws/install/micro_ros_setup/./config/android/generic/create.sh
[2.737s] -- Up-to-date: /home/saqib/linorobot2_ws/install/micro_ros_setup/./config/android/generic/package.xml
[2.737s] -- Up-to-date: /home/saqib/linorobot2_ws/install/micro_ros_setup/./config/android/dev_ros2_packages.txt
[2.738s] -- Up-to-date: /home/saqib/linorobot2_ws/install/micro_ros_setup/./config/android/dev_uros_packages.repos
[2.738s] -- Up-to-date: /home/saqib/linorobot2_ws/install/micro_ros_setup/./config/renesas_ra
[2.739s] -- Up-to-date: /home/saqib/linorobot2_ws/install/micro_ros_setup/./config/renesas_ra/list_apps.sh
[2.739s] -- Up-to-date: /home/saqib/linorobot2_ws/install/micro_ros_setup/./config/renesas_ra/dev_ros2_packages.txt
[2.740s] -- Up-to-date: /home/saqib/linorobot2_ws/install/micro_ros_setup/./config/renesas_ra/dev_uros_packages.repos
[2.740s] -- Up-to-date: /home/saqib/linorobot2_ws/install/micro_ros_setup/./config/renesas_ra/ra6m5
[2.740s] -- Up-to-date: /home/saqib/linorobot2_ws/install/micro_ros_setup/./config/renesas_ra/ra6m5/flash.sh
[2.741s] -- Up-to-date: /home/saqib/linorobot2_ws/install/micro_ros_setup/./config/renesas_ra/ra6m5/client_uros_packages.repos
[2.741s] -- Up-to-date: /home/saqib/linorobot2_ws/install/micro_ros_setup/./config/renesas_ra/ra6m5/client-colcon.meta
[2.742s] -- Up-to-date: /home/saqib/linorobot2_ws/install/micro_ros_setup/./config/renesas_ra/ra6m5/build.sh
[2.742s] -- Up-to-date: /home/saqib/linorobot2_ws/install/micro_ros_setup/./config/renesas_ra/ra6m5/create.sh
[2.755s] -- Up-to-date: /home/saqib/linorobot2_ws/install/micro_ros_setup/./config/renesas_ra/ra6m5/configure.sh
[2.755s] -- Up-to-date: /home/saqib/linorobot2_ws/install/micro_ros_setup/./config/renesas_ra/ra6m5/board.repos
[2.756s] -- Up-to-date: /home/saqib/linorobot2_ws/install/micro_ros_setup/./config/mbed
[2.756s] -- Up-to-date: /home/saqib/linorobot2_ws/install/micro_ros_setup/./config/mbed/list_apps.sh
[2.756s] -- Up-to-date: /home/saqib/linorobot2_ws/install/micro_ros_setup/./config/mbed/generic
[2.757s] -- Up-to-date: /home/saqib/linorobot2_ws/install/micro_ros_setup/./config/mbed/generic/flash.sh
[2.757s] -- Up-to-date: /home/saqib/linorobot2_ws/install/micro_ros_setup/./config/mbed/generic/client_uros_packages.repos
[2.757s] -- Up-to-date: /home/saqib/linorobot2_ws/install/micro_ros_setup/./config/mbed/generic/supported_platforms
[2.758s] -- Up-to-date: /home/saqib/linorobot2_ws/install/micro_ros_setup/./config/mbed/generic/build.sh
[2.758s] -- Up-to-date: /home/saqib/linorobot2_ws/install/micro_ros_setup/./config/mbed/generic/create.sh
[2.759s] -- Up-to-date: /home/saqib/linorobot2_ws/install/micro_ros_setup/./config/mbed/generic/board.repos
[2.759s] -- Up-to-date: /home/saqib/linorobot2_ws/install/micro_ros_setup/./config/mbed/generic/package.xml
[2.760s] -- Up-to-date: /home/saqib/linorobot2_ws/install/micro_ros_setup/./config/mbed/dev_ros2_packages.txt
[2.760s] -- Up-to-date: /home/saqib/linorobot2_ws/install/micro_ros_setup/./config/mbed/dev_uros_packages.repos
[2.760s] -- Up-to-date: /home/saqib/linorobot2_ws/install/micro_ros_setup/./config/agent_ros2_packages.txt
[2.761s] -- Up-to-date: /home/saqib/linorobot2_ws/install/micro_ros_setup/./config/raspbian
[2.761s] -- Up-to-date: /home/saqib/linorobot2_ws/install/micro_ros_setup/./config/raspbian/generic
[2.761s] -- Up-to-date: /home/saqib/linorobot2_ws/install/micro_ros_setup/./config/raspbian/generic/flash.sh
[2.761s] -- Up-to-date: /home/saqib/linorobot2_ws/install/micro_ros_setup/./config/raspbian/generic/client_uros_packages.repos
[2.762s] -- Up-to-date: /home/saqib/linorobot2_ws/install/micro_ros_setup/./config/raspbian/generic/supported_platforms
[2.763s] -- Up-to-date: /home/saqib/linorobot2_ws/install/micro_ros_setup/./config/raspbian/generic/client-colcon.meta
[2.763s] -- Up-to-date: /home/saqib/linorobot2_ws/install/micro_ros_setup/./config/raspbian/generic/build.sh
[2.763s] -- Up-to-date: /home/saqib/linorobot2_ws/install/micro_ros_setup/./config/raspbian/generic/create.sh
[2.764s] -- Up-to-date: /home/saqib/linorobot2_ws/install/micro_ros_setup/./config/raspbian/generic/configure.sh
[2.764s] -- Up-to-date: /home/saqib/linorobot2_ws/install/micro_ros_setup/./config/raspbian/dev_ros2_packages.txt
[2.764s] -- Up-to-date: /home/saqib/linorobot2_ws/install/micro_ros_setup/./config/raspbian/dev_uros_packages.repos
[2.765s] -- Up-to-date: /home/saqib/linorobot2_ws/install/micro_ros_setup/lib/micro_ros_setup/create_ws.sh
[2.767s] -- Up-to-date: /home/saqib/linorobot2_ws/install/micro_ros_setup/lib/micro_ros_setup/create_agent_ws.sh
[2.769s] -- Up-to-date: /home/saqib/linorobot2_ws/install/micro_ros_setup/lib/micro_ros_setup/create_firmware_ws.sh
[2.773s] -- Up-to-date: /home/saqib/linorobot2_ws/install/micro_ros_setup/lib/micro_ros_setup/configure_firmware.sh
[2.806s] -- Up-to-date: /home/saqib/linorobot2_ws/install/micro_ros_setup/lib/micro_ros_setup/flash_firmware.sh
[2.807s] -- Up-to-date: /home/saqib/linorobot2_ws/install/micro_ros_setup/lib/micro_ros_setup/build_firmware.sh
[2.808s] -- Up-to-date: /home/saqib/linorobot2_ws/install/micro_ros_setup/lib/micro_ros_setup/build_agent.sh
[2.808s] -- Up-to-date: /home/saqib/linorobot2_ws/install/micro_ros_setup/lib/micro_ros_setup/yaml_filter.py
[2.809s] -- Up-to-date: /home/saqib/linorobot2_ws/install/micro_ros_setup/lib/micro_ros_setup/clean_env.sh
[2.809s] -- Up-to-date: /home/saqib/linorobot2_ws/install/micro_ros_setup/lib/micro_ros_setup/component
[3.989s] Invoked command in '/home/saqib/linorobot2_ws/build/micro_ros_setup' returned '0': CMAKE_PREFIX_PATH=${CMAKE_PREFIX_PATH}:/opt/ros/humble /usr/bin/cmake --install /home/saqib/linorobot2_ws/build/micro_ros_setup
