[0.514s] Invoking command in '/home/saqib/linorobot2_ws/build/linorobot2_base': CMAKE_PREFIX_PATH=${CMAKE_PREFIX_PATH}:/opt/ros/humble /usr/bin/cmake --build /home/saqib/linorobot2_ws/build/linorobot2_base -- -j4 -l4
[0.885s] Invoked command in '/home/saqib/linorobot2_ws/build/linorobot2_base' returned '0': CMAKE_PREFIX_PATH=${CMAKE_PREFIX_PATH}:/opt/ros/humble /usr/bin/cmake --build /home/saqib/linorobot2_ws/build/linorobot2_base -- -j4 -l4
[1.328s] Invoking command in '/home/saqib/linorobot2_ws/build/linorobot2_base': CMAKE_PREFIX_PATH=${CMAKE_PREFIX_PATH}:/opt/ros/humble /usr/bin/cmake --install /home/saqib/linorobot2_ws/build/linorobot2_base
[1.422s] -- Install configuration: ""
[1.430s] -- Up-to-date: /home/saqib/linorobot2_ws/install/linorobot2_base/share/linorobot2_base/config
[1.442s] -- Up-to-date: /home/saqib/linorobot2_ws/install/linorobot2_base/share/linorobot2_base/config/ekf.yaml
[1.447s] -- Up-to-date: /home/saqib/linorobot2_ws/install/linorobot2_base/share/ament_index/resource_index/package_run_dependencies/linorobot2_base
[1.448s] -- Up-to-date: /home/saqib/linorobot2_ws/install/linorobot2_base/share/ament_index/resource_index/parent_prefix_path/linorobot2_base
[1.448s] -- Up-to-date: /home/saqib/linorobot2_ws/install/linorobot2_base/share/linorobot2_base/environment/ament_prefix_path.sh
[1.448s] -- Up-to-date: /home/saqib/linorobot2_ws/install/linorobot2_base/share/linorobot2_base/environment/ament_prefix_path.dsv
[1.449s] -- Up-to-date: /home/saqib/linorobot2_ws/install/linorobot2_base/share/linorobot2_base/environment/path.sh
[1.449s] -- Up-to-date: /home/saqib/linorobot2_ws/install/linorobot2_base/share/linorobot2_base/environment/path.dsv
[1.449s] -- Up-to-date: /home/saqib/linorobot2_ws/install/linorobot2_base/share/linorobot2_base/local_setup.bash
[1.450s] -- Up-to-date: /home/saqib/linorobot2_ws/install/linorobot2_base/share/linorobot2_base/local_setup.sh
[1.450s] -- Up-to-date: /home/saqib/linorobot2_ws/install/linorobot2_base/share/linorobot2_base/local_setup.zsh
[1.453s] -- Up-to-date: /home/saqib/linorobot2_ws/install/linorobot2_base/share/linorobot2_base/local_setup.dsv
[1.475s] -- Installing: /home/saqib/linorobot2_ws/install/linorobot2_base/share/linorobot2_base/package.dsv
[1.478s] -- Up-to-date: /home/saqib/linorobot2_ws/install/linorobot2_base/share/ament_index/resource_index/packages/linorobot2_base
[1.479s] -- Up-to-date: /home/saqib/linorobot2_ws/install/linorobot2_base/share/linorobot2_base/cmake/linorobot2_baseConfig.cmake
[1.479s] -- Up-to-date: /home/saqib/linorobot2_ws/install/linorobot2_base/share/linorobot2_base/cmake/linorobot2_baseConfig-version.cmake
[1.480s] -- Up-to-date: /home/saqib/linorobot2_ws/install/linorobot2_base/share/linorobot2_base/package.xml
[1.481s] Invoked command in '/home/saqib/linorobot2_ws/build/linorobot2_base' returned '0': CMAKE_PREFIX_PATH=${CMAKE_PREFIX_PATH}:/opt/ros/humble /usr/bin/cmake --install /home/saqib/linorobot2_ws/build/linorobot2_base
