[1.693s] Invoking command in '/home/saqib/linorobot2_ws/build/micro_ros_msgs': CMAKE_PREFIX_PATH=${CMAKE_PREFIX_PATH}:/opt/ros/humble /usr/bin/cmake --build /home/saqib/linorobot2_ws/build/micro_ros_msgs -- -j4 -l4
[2.668s] [  2%] Built target micro_ros_msgs__cpp
[2.711s] [ 12%] Built target micro_ros_msgs__rosidl_generator_c
[3.048s] [ 23%] Built target micro_ros_msgs__rosidl_typesupport_cpp
[3.061s] [ 34%] Built target micro_ros_msgs__rosidl_typesupport_fastrtps_cpp
[3.099s] [ 34%] Built target ament_cmake_python_copy_micro_ros_msgs
[3.289s] [ 44%] Built target micro_ros_msgs__rosidl_typesupport_introspection_cpp
[3.318s] [ 55%] Built target micro_ros_msgs__rosidl_typesupport_introspection_c
[3.381s] [ 65%] Built target micro_ros_msgs__rosidl_typesupport_c
[3.482s] [ 76%] Built target micro_ros_msgs__rosidl_typesupport_fastrtps_c
[3.686s] [ 76%] Built target micro_ros_msgs
[3.827s] [ 78%] Built target micro_ros_msgs__py
[4.070s] [ 87%] Built target micro_ros_msgs__rosidl_generator_py
[4.326s] [ 91%] Built target micro_ros_msgs__rosidl_typesupport_c__pyext
[4.341s] [ 95%] Built target micro_ros_msgs__rosidl_typesupport_fastrtps_c__pyext
[4.377s] [100%] Built target micro_ros_msgs__rosidl_typesupport_introspection_c__pyext
[5.294s] running egg_info
[5.298s] writing micro_ros_msgs.egg-info/PKG-INFO
[5.300s] writing dependency_links to micro_ros_msgs.egg-info/dependency_links.txt
[5.302s] writing top-level names to micro_ros_msgs.egg-info/top_level.txt
[5.319s] reading manifest file 'micro_ros_msgs.egg-info/SOURCES.txt'
[5.330s] writing manifest file 'micro_ros_msgs.egg-info/SOURCES.txt'
[5.492s] [100%] Built target ament_cmake_python_build_micro_ros_msgs_egg
[6.417s] Invoked command in '/home/saqib/linorobot2_ws/build/micro_ros_msgs' returned '0': CMAKE_PREFIX_PATH=${CMAKE_PREFIX_PATH}:/opt/ros/humble /usr/bin/cmake --build /home/saqib/linorobot2_ws/build/micro_ros_msgs -- -j4 -l4
[7.392s] Invoking command in '/home/saqib/linorobot2_ws/build/micro_ros_msgs': CMAKE_PREFIX_PATH=${CMAKE_PREFIX_PATH}:/opt/ros/humble /usr/bin/cmake --install /home/saqib/linorobot2_ws/build/micro_ros_msgs
[7.658s] -- Install configuration: ""
[7.660s] -- Up-to-date: /home/saqib/linorobot2_ws/install/micro_ros_msgs/share/ament_index/resource_index/rosidl_interfaces/micro_ros_msgs
[7.682s] -- Up-to-date: /home/saqib/linorobot2_ws/install/micro_ros_msgs/include/micro_ros_msgs/micro_ros_msgs
[7.703s] -- Up-to-date: /home/saqib/linorobot2_ws/install/micro_ros_msgs/include/micro_ros_msgs/micro_ros_msgs/msg
[7.739s] -- Up-to-date: /home/saqib/linorobot2_ws/install/micro_ros_msgs/include/micro_ros_msgs/micro_ros_msgs/msg/node.h
[7.745s] -- Up-to-date: /home/saqib/linorobot2_ws/install/micro_ros_msgs/include/micro_ros_msgs/micro_ros_msgs/msg/detail
[7.749s] -- Up-to-date: /home/saqib/linorobot2_ws/install/micro_ros_msgs/include/micro_ros_msgs/micro_ros_msgs/msg/detail/graph__functions.h
[7.752s] -- Up-to-date: /home/saqib/linorobot2_ws/install/micro_ros_msgs/include/micro_ros_msgs/micro_ros_msgs/msg/detail/entity__functions.h
[7.760s] -- Up-to-date: /home/saqib/linorobot2_ws/install/micro_ros_msgs/include/micro_ros_msgs/micro_ros_msgs/msg/detail/graph__struct.h
[7.763s] -- Up-to-date: /home/saqib/linorobot2_ws/install/micro_ros_msgs/include/micro_ros_msgs/micro_ros_msgs/msg/detail/node__functions.c
[7.765s] -- Up-to-date: /home/saqib/linorobot2_ws/install/micro_ros_msgs/include/micro_ros_msgs/micro_ros_msgs/msg/detail/node__type_support.h
[7.782s] -- Up-to-date: /home/saqib/linorobot2_ws/install/micro_ros_msgs/include/micro_ros_msgs/micro_ros_msgs/msg/detail/node__functions.h
[7.792s] -- Up-to-date: /home/saqib/linorobot2_ws/install/micro_ros_msgs/include/micro_ros_msgs/micro_ros_msgs/msg/detail/entity__type_support.h
[7.793s] -- Up-to-date: /home/saqib/linorobot2_ws/install/micro_ros_msgs/include/micro_ros_msgs/micro_ros_msgs/msg/detail/graph__type_support.h
[7.796s] -- Up-to-date: /home/saqib/linorobot2_ws/install/micro_ros_msgs/include/micro_ros_msgs/micro_ros_msgs/msg/detail/graph__functions.c
[7.797s] -- Up-to-date: /home/saqib/linorobot2_ws/install/micro_ros_msgs/include/micro_ros_msgs/micro_ros_msgs/msg/detail/entity__functions.c
[7.814s] -- Up-to-date: /home/saqib/linorobot2_ws/install/micro_ros_msgs/include/micro_ros_msgs/micro_ros_msgs/msg/detail/node__struct.h
[7.818s] -- Up-to-date: /home/saqib/linorobot2_ws/install/micro_ros_msgs/include/micro_ros_msgs/micro_ros_msgs/msg/detail/entity__struct.h
[7.819s] -- Up-to-date: /home/saqib/linorobot2_ws/install/micro_ros_msgs/include/micro_ros_msgs/micro_ros_msgs/msg/graph.h
[7.821s] -- Up-to-date: /home/saqib/linorobot2_ws/install/micro_ros_msgs/include/micro_ros_msgs/micro_ros_msgs/msg/rosidl_generator_c__visibility_control.h
[7.822s] -- Up-to-date: /home/saqib/linorobot2_ws/install/micro_ros_msgs/include/micro_ros_msgs/micro_ros_msgs/msg/entity.h
[7.844s] -- Up-to-date: /home/saqib/linorobot2_ws/install/micro_ros_msgs/share/micro_ros_msgs/environment/library_path.sh
[7.848s] -- Up-to-date: /home/saqib/linorobot2_ws/install/micro_ros_msgs/share/micro_ros_msgs/environment/library_path.dsv
[7.850s] -- Up-to-date: /home/saqib/linorobot2_ws/install/micro_ros_msgs/lib/libmicro_ros_msgs__rosidl_generator_c.so
[7.850s] -- Up-to-date: /home/saqib/linorobot2_ws/install/micro_ros_msgs/include/micro_ros_msgs/micro_ros_msgs
[7.875s] -- Up-to-date: /home/saqib/linorobot2_ws/install/micro_ros_msgs/include/micro_ros_msgs/micro_ros_msgs/msg
[7.891s] -- Up-to-date: /home/saqib/linorobot2_ws/install/micro_ros_msgs/include/micro_ros_msgs/micro_ros_msgs/msg/detail
[7.892s] -- Up-to-date: /home/saqib/linorobot2_ws/install/micro_ros_msgs/include/micro_ros_msgs/micro_ros_msgs/msg/detail/node__rosidl_typesupport_fastrtps_c.h
[7.893s] -- Up-to-date: /home/saqib/linorobot2_ws/install/micro_ros_msgs/include/micro_ros_msgs/micro_ros_msgs/msg/detail/graph__rosidl_typesupport_fastrtps_c.h
[7.895s] -- Up-to-date: /home/saqib/linorobot2_ws/install/micro_ros_msgs/include/micro_ros_msgs/micro_ros_msgs/msg/detail/entity__rosidl_typesupport_fastrtps_c.h
[7.896s] -- Up-to-date: /home/saqib/linorobot2_ws/install/micro_ros_msgs/include/micro_ros_msgs/micro_ros_msgs/msg/rosidl_typesupport_fastrtps_c__visibility_control.h
[7.900s] -- Up-to-date: /home/saqib/linorobot2_ws/install/micro_ros_msgs/lib/libmicro_ros_msgs__rosidl_typesupport_fastrtps_c.so
[7.924s] -- Up-to-date: /home/saqib/linorobot2_ws/install/micro_ros_msgs/include/micro_ros_msgs/micro_ros_msgs
[7.924s] -- Up-to-date: /home/saqib/linorobot2_ws/install/micro_ros_msgs/include/micro_ros_msgs/micro_ros_msgs/msg
[7.925s] -- Up-to-date: /home/saqib/linorobot2_ws/install/micro_ros_msgs/include/micro_ros_msgs/micro_ros_msgs/msg/rosidl_typesupport_introspection_c__visibility_control.h
[7.926s] -- Up-to-date: /home/saqib/linorobot2_ws/install/micro_ros_msgs/include/micro_ros_msgs/micro_ros_msgs/msg/detail
[7.927s] -- Up-to-date: /home/saqib/linorobot2_ws/install/micro_ros_msgs/include/micro_ros_msgs/micro_ros_msgs/msg/detail/entity__rosidl_typesupport_introspection_c.h
[7.928s] -- Up-to-date: /home/saqib/linorobot2_ws/install/micro_ros_msgs/include/micro_ros_msgs/micro_ros_msgs/msg/detail/graph__rosidl_typesupport_introspection_c.h
[7.929s] -- Up-to-date: /home/saqib/linorobot2_ws/install/micro_ros_msgs/include/micro_ros_msgs/micro_ros_msgs/msg/detail/node__rosidl_typesupport_introspection_c.h
[7.929s] -- Up-to-date: /home/saqib/linorobot2_ws/install/micro_ros_msgs/include/micro_ros_msgs/micro_ros_msgs/msg/detail/entity__type_support.c
[7.929s] -- Up-to-date: /home/saqib/linorobot2_ws/install/micro_ros_msgs/include/micro_ros_msgs/micro_ros_msgs/msg/detail/node__type_support.c
[7.930s] -- Up-to-date: /home/saqib/linorobot2_ws/install/micro_ros_msgs/include/micro_ros_msgs/micro_ros_msgs/msg/detail/graph__type_support.c
[7.930s] -- Up-to-date: /home/saqib/linorobot2_ws/install/micro_ros_msgs/lib/libmicro_ros_msgs__rosidl_typesupport_introspection_c.so
[7.932s] -- Up-to-date: /home/saqib/linorobot2_ws/install/micro_ros_msgs/lib/libmicro_ros_msgs__rosidl_typesupport_c.so
[7.933s] -- Up-to-date: /home/saqib/linorobot2_ws/install/micro_ros_msgs/include/micro_ros_msgs/micro_ros_msgs
[7.933s] -- Up-to-date: /home/saqib/linorobot2_ws/install/micro_ros_msgs/include/micro_ros_msgs/micro_ros_msgs/msg
[7.935s] -- Up-to-date: /home/saqib/linorobot2_ws/install/micro_ros_msgs/include/micro_ros_msgs/micro_ros_msgs/msg/graph.hpp
[7.936s] -- Up-to-date: /home/saqib/linorobot2_ws/install/micro_ros_msgs/include/micro_ros_msgs/micro_ros_msgs/msg/detail
[7.938s] -- Up-to-date: /home/saqib/linorobot2_ws/install/micro_ros_msgs/include/micro_ros_msgs/micro_ros_msgs/msg/detail/graph__traits.hpp
[7.938s] -- Up-to-date: /home/saqib/linorobot2_ws/install/micro_ros_msgs/include/micro_ros_msgs/micro_ros_msgs/msg/detail/node__builder.hpp
[7.939s] -- Up-to-date: /home/saqib/linorobot2_ws/install/micro_ros_msgs/include/micro_ros_msgs/micro_ros_msgs/msg/detail/graph__builder.hpp
[7.941s] -- Up-to-date: /home/saqib/linorobot2_ws/install/micro_ros_msgs/include/micro_ros_msgs/micro_ros_msgs/msg/detail/entity__struct.hpp
[7.941s] -- Up-to-date: /home/saqib/linorobot2_ws/install/micro_ros_msgs/include/micro_ros_msgs/micro_ros_msgs/msg/detail/graph__struct.hpp
[7.942s] -- Up-to-date: /home/saqib/linorobot2_ws/install/micro_ros_msgs/include/micro_ros_msgs/micro_ros_msgs/msg/detail/node__struct.hpp
[7.944s] -- Up-to-date: /home/saqib/linorobot2_ws/install/micro_ros_msgs/include/micro_ros_msgs/micro_ros_msgs/msg/detail/node__traits.hpp
[7.945s] -- Up-to-date: /home/saqib/linorobot2_ws/install/micro_ros_msgs/include/micro_ros_msgs/micro_ros_msgs/msg/detail/entity__builder.hpp
[7.946s] -- Up-to-date: /home/saqib/linorobot2_ws/install/micro_ros_msgs/include/micro_ros_msgs/micro_ros_msgs/msg/detail/entity__traits.hpp
[7.947s] -- Up-to-date: /home/saqib/linorobot2_ws/install/micro_ros_msgs/include/micro_ros_msgs/micro_ros_msgs/msg/node.hpp
[7.948s] -- Up-to-date: /home/saqib/linorobot2_ws/install/micro_ros_msgs/include/micro_ros_msgs/micro_ros_msgs/msg/entity.hpp
[7.949s] -- Up-to-date: /home/saqib/linorobot2_ws/install/micro_ros_msgs/include/micro_ros_msgs/micro_ros_msgs
[7.950s] -- Up-to-date: /home/saqib/linorobot2_ws/install/micro_ros_msgs/include/micro_ros_msgs/micro_ros_msgs/msg
[7.951s] -- Up-to-date: /home/saqib/linorobot2_ws/install/micro_ros_msgs/include/micro_ros_msgs/micro_ros_msgs/msg/detail
[7.952s] -- Up-to-date: /home/saqib/linorobot2_ws/install/micro_ros_msgs/include/micro_ros_msgs/micro_ros_msgs/msg/detail/node__rosidl_typesupport_fastrtps_cpp.hpp
[7.954s] -- Up-to-date: /home/saqib/linorobot2_ws/install/micro_ros_msgs/include/micro_ros_msgs/micro_ros_msgs/msg/detail/entity__rosidl_typesupport_fastrtps_cpp.hpp
[7.956s] -- Up-to-date: /home/saqib/linorobot2_ws/install/micro_ros_msgs/include/micro_ros_msgs/micro_ros_msgs/msg/detail/graph__rosidl_typesupport_fastrtps_cpp.hpp
[7.958s] -- Up-to-date: /home/saqib/linorobot2_ws/install/micro_ros_msgs/include/micro_ros_msgs/micro_ros_msgs/msg/detail/dds_fastrtps
[7.958s] -- Up-to-date: /home/saqib/linorobot2_ws/install/micro_ros_msgs/include/micro_ros_msgs/micro_ros_msgs/msg/rosidl_typesupport_fastrtps_cpp__visibility_control.h
[7.959s] -- Up-to-date: /home/saqib/linorobot2_ws/install/micro_ros_msgs/lib/libmicro_ros_msgs__rosidl_typesupport_fastrtps_cpp.so
[7.961s] -- Up-to-date: /home/saqib/linorobot2_ws/install/micro_ros_msgs/include/micro_ros_msgs/micro_ros_msgs
[7.961s] -- Up-to-date: /home/saqib/linorobot2_ws/install/micro_ros_msgs/include/micro_ros_msgs/micro_ros_msgs/msg
[7.963s] -- Up-to-date: /home/saqib/linorobot2_ws/install/micro_ros_msgs/include/micro_ros_msgs/micro_ros_msgs/msg/detail
[7.964s] -- Up-to-date: /home/saqib/linorobot2_ws/install/micro_ros_msgs/include/micro_ros_msgs/micro_ros_msgs/msg/detail/node__type_support.cpp
[7.965s] -- Up-to-date: /home/saqib/linorobot2_ws/install/micro_ros_msgs/include/micro_ros_msgs/micro_ros_msgs/msg/detail/node__rosidl_typesupport_introspection_cpp.hpp
[7.966s] -- Up-to-date: /home/saqib/linorobot2_ws/install/micro_ros_msgs/include/micro_ros_msgs/micro_ros_msgs/msg/detail/entity__type_support.cpp
[7.966s] -- Up-to-date: /home/saqib/linorobot2_ws/install/micro_ros_msgs/include/micro_ros_msgs/micro_ros_msgs/msg/detail/graph__rosidl_typesupport_introspection_cpp.hpp
[7.968s] -- Up-to-date: /home/saqib/linorobot2_ws/install/micro_ros_msgs/include/micro_ros_msgs/micro_ros_msgs/msg/detail/entity__rosidl_typesupport_introspection_cpp.hpp
[7.970s] -- Up-to-date: /home/saqib/linorobot2_ws/install/micro_ros_msgs/include/micro_ros_msgs/micro_ros_msgs/msg/detail/graph__type_support.cpp
[7.971s] -- Up-to-date: /home/saqib/linorobot2_ws/install/micro_ros_msgs/lib/libmicro_ros_msgs__rosidl_typesupport_introspection_cpp.so
[7.973s] -- Up-to-date: /home/saqib/linorobot2_ws/install/micro_ros_msgs/lib/libmicro_ros_msgs__rosidl_typesupport_cpp.so
[7.974s] -- Up-to-date: /home/saqib/linorobot2_ws/install/micro_ros_msgs/share/micro_ros_msgs/environment/pythonpath.sh
[7.975s] -- Up-to-date: /home/saqib/linorobot2_ws/install/micro_ros_msgs/share/micro_ros_msgs/environment/pythonpath.dsv
[7.976s] -- Up-to-date: /home/saqib/linorobot2_ws/install/micro_ros_msgs/local/lib/python3.10/dist-packages/micro_ros_msgs-3.0.0-py3.10.egg-info
[7.977s] -- Installing: /home/saqib/linorobot2_ws/install/micro_ros_msgs/local/lib/python3.10/dist-packages/micro_ros_msgs-3.0.0-py3.10.egg-info/dependency_links.txt
[7.979s] -- Installing: /home/saqib/linorobot2_ws/install/micro_ros_msgs/local/lib/python3.10/dist-packages/micro_ros_msgs-3.0.0-py3.10.egg-info/SOURCES.txt
[7.980s] -- Installing: /home/saqib/linorobot2_ws/install/micro_ros_msgs/local/lib/python3.10/dist-packages/micro_ros_msgs-3.0.0-py3.10.egg-info/top_level.txt
[7.981s] -- Installing: /home/saqib/linorobot2_ws/install/micro_ros_msgs/local/lib/python3.10/dist-packages/micro_ros_msgs-3.0.0-py3.10.egg-info/PKG-INFO
[7.983s] -- Up-to-date: /home/saqib/linorobot2_ws/install/micro_ros_msgs/local/lib/python3.10/dist-packages/micro_ros_msgs
[7.983s] -- Up-to-date: /home/saqib/linorobot2_ws/install/micro_ros_msgs/local/lib/python3.10/dist-packages/micro_ros_msgs/msg
[7.984s] -- Up-to-date: /home/saqib/linorobot2_ws/install/micro_ros_msgs/local/lib/python3.10/dist-packages/micro_ros_msgs/msg/__init__.py
[7.986s] -- Up-to-date: /home/saqib/linorobot2_ws/install/micro_ros_msgs/local/lib/python3.10/dist-packages/micro_ros_msgs/msg/_entity.py
[7.986s] -- Up-to-date: /home/saqib/linorobot2_ws/install/micro_ros_msgs/local/lib/python3.10/dist-packages/micro_ros_msgs/msg/_node.py
[7.989s] -- Up-to-date: /home/saqib/linorobot2_ws/install/micro_ros_msgs/local/lib/python3.10/dist-packages/micro_ros_msgs/msg/_node_s.c
[7.989s] -- Up-to-date: /home/saqib/linorobot2_ws/install/micro_ros_msgs/local/lib/python3.10/dist-packages/micro_ros_msgs/msg/_graph.py
[7.990s] -- Up-to-date: /home/saqib/linorobot2_ws/install/micro_ros_msgs/local/lib/python3.10/dist-packages/micro_ros_msgs/msg/_graph_s.c
[7.991s] -- Up-to-date: /home/saqib/linorobot2_ws/install/micro_ros_msgs/local/lib/python3.10/dist-packages/micro_ros_msgs/msg/_entity_s.c
[7.992s] -- Up-to-date: /home/saqib/linorobot2_ws/install/micro_ros_msgs/local/lib/python3.10/dist-packages/micro_ros_msgs/_micro_ros_msgs_s.ep.rosidl_typesupport_fastrtps_c.c
[7.994s] -- Up-to-date: /home/saqib/linorobot2_ws/install/micro_ros_msgs/local/lib/python3.10/dist-packages/micro_ros_msgs/libmicro_ros_msgs__rosidl_generator_py.so
[7.995s] -- Up-to-date: /home/saqib/linorobot2_ws/install/micro_ros_msgs/local/lib/python3.10/dist-packages/micro_ros_msgs/micro_ros_msgs_s__rosidl_typesupport_introspection_c.cpython-310-aarch64-linux-gnu.so
[7.997s] -- Up-to-date: /home/saqib/linorobot2_ws/install/micro_ros_msgs/local/lib/python3.10/dist-packages/micro_ros_msgs/__init__.py
[7.999s] -- Up-to-date: /home/saqib/linorobot2_ws/install/micro_ros_msgs/local/lib/python3.10/dist-packages/micro_ros_msgs/_micro_ros_msgs_s.ep.rosidl_typesupport_introspection_c.c
[8.001s] -- Up-to-date: /home/saqib/linorobot2_ws/install/micro_ros_msgs/local/lib/python3.10/dist-packages/micro_ros_msgs/micro_ros_msgs_s__rosidl_typesupport_fastrtps_c.cpython-310-aarch64-linux-gnu.so
[8.002s] -- Up-to-date: /home/saqib/linorobot2_ws/install/micro_ros_msgs/local/lib/python3.10/dist-packages/micro_ros_msgs/micro_ros_msgs_s__rosidl_typesupport_c.cpython-310-aarch64-linux-gnu.so
[8.004s] -- Up-to-date: /home/saqib/linorobot2_ws/install/micro_ros_msgs/local/lib/python3.10/dist-packages/micro_ros_msgs/_micro_ros_msgs_s.ep.rosidl_typesupport_c.c
[8.063s] Listing '/home/saqib/linorobot2_ws/install/micro_ros_msgs/local/lib/python3.10/dist-packages/micro_ros_msgs'...
[8.066s] Listing '/home/saqib/linorobot2_ws/install/micro_ros_msgs/local/lib/python3.10/dist-packages/micro_ros_msgs/msg'...
[8.090s] -- Up-to-date: /home/saqib/linorobot2_ws/install/micro_ros_msgs/local/lib/python3.10/dist-packages/micro_ros_msgs/micro_ros_msgs_s__rosidl_typesupport_fastrtps_c.cpython-310-aarch64-linux-gnu.so
[8.094s] -- Up-to-date: /home/saqib/linorobot2_ws/install/micro_ros_msgs/local/lib/python3.10/dist-packages/micro_ros_msgs/micro_ros_msgs_s__rosidl_typesupport_introspection_c.cpython-310-aarch64-linux-gnu.so
[8.099s] -- Up-to-date: /home/saqib/linorobot2_ws/install/micro_ros_msgs/local/lib/python3.10/dist-packages/micro_ros_msgs/micro_ros_msgs_s__rosidl_typesupport_c.cpython-310-aarch64-linux-gnu.so
[8.103s] -- Up-to-date: /home/saqib/linorobot2_ws/install/micro_ros_msgs/lib/libmicro_ros_msgs__rosidl_generator_py.so
[8.106s] -- Up-to-date: /home/saqib/linorobot2_ws/install/micro_ros_msgs/share/micro_ros_msgs/msg/Graph.idl
[8.109s] -- Up-to-date: /home/saqib/linorobot2_ws/install/micro_ros_msgs/share/micro_ros_msgs/msg/Node.idl
[8.113s] -- Up-to-date: /home/saqib/linorobot2_ws/install/micro_ros_msgs/share/micro_ros_msgs/msg/Entity.idl
[8.118s] -- Up-to-date: /home/saqib/linorobot2_ws/install/micro_ros_msgs/share/micro_ros_msgs/msg/Graph.msg
[8.133s] -- Up-to-date: /home/saqib/linorobot2_ws/install/micro_ros_msgs/share/micro_ros_msgs/msg/Node.msg
[8.134s] -- Up-to-date: /home/saqib/linorobot2_ws/install/micro_ros_msgs/share/micro_ros_msgs/msg/Entity.msg
[8.135s] -- Up-to-date: /home/saqib/linorobot2_ws/install/micro_ros_msgs/share/ament_index/resource_index/package_run_dependencies/micro_ros_msgs
[8.136s] -- Up-to-date: /home/saqib/linorobot2_ws/install/micro_ros_msgs/share/ament_index/resource_index/parent_prefix_path/micro_ros_msgs
[8.139s] -- Up-to-date: /home/saqib/linorobot2_ws/install/micro_ros_msgs/share/micro_ros_msgs/environment/ament_prefix_path.sh
[8.141s] -- Up-to-date: /home/saqib/linorobot2_ws/install/micro_ros_msgs/share/micro_ros_msgs/environment/ament_prefix_path.dsv
[8.142s] -- Up-to-date: /home/saqib/linorobot2_ws/install/micro_ros_msgs/share/micro_ros_msgs/environment/path.sh
[8.144s] -- Up-to-date: /home/saqib/linorobot2_ws/install/micro_ros_msgs/share/micro_ros_msgs/environment/path.dsv
[8.144s] -- Up-to-date: /home/saqib/linorobot2_ws/install/micro_ros_msgs/share/micro_ros_msgs/local_setup.bash
[8.146s] -- Up-to-date: /home/saqib/linorobot2_ws/install/micro_ros_msgs/share/micro_ros_msgs/local_setup.sh
[8.147s] -- Up-to-date: /home/saqib/linorobot2_ws/install/micro_ros_msgs/share/micro_ros_msgs/local_setup.zsh
[8.148s] -- Up-to-date: /home/saqib/linorobot2_ws/install/micro_ros_msgs/share/micro_ros_msgs/local_setup.dsv
[8.150s] -- Installing: /home/saqib/linorobot2_ws/install/micro_ros_msgs/share/micro_ros_msgs/package.dsv
[8.150s] -- Up-to-date: /home/saqib/linorobot2_ws/install/micro_ros_msgs/share/ament_index/resource_index/packages/micro_ros_msgs
[8.152s] -- Up-to-date: /home/saqib/linorobot2_ws/install/micro_ros_msgs/share/micro_ros_msgs/cmake/export_micro_ros_msgs__rosidl_generator_cExport.cmake
[8.153s] -- Up-to-date: /home/saqib/linorobot2_ws/install/micro_ros_msgs/share/micro_ros_msgs/cmake/export_micro_ros_msgs__rosidl_generator_cExport-noconfig.cmake
[8.154s] -- Up-to-date: /home/saqib/linorobot2_ws/install/micro_ros_msgs/share/micro_ros_msgs/cmake/export_micro_ros_msgs__rosidl_typesupport_fastrtps_cExport.cmake
[8.156s] -- Up-to-date: /home/saqib/linorobot2_ws/install/micro_ros_msgs/share/micro_ros_msgs/cmake/export_micro_ros_msgs__rosidl_typesupport_fastrtps_cExport-noconfig.cmake
[8.156s] -- Up-to-date: /home/saqib/linorobot2_ws/install/micro_ros_msgs/share/micro_ros_msgs/cmake/micro_ros_msgs__rosidl_typesupport_introspection_cExport.cmake
[8.158s] -- Up-to-date: /home/saqib/linorobot2_ws/install/micro_ros_msgs/share/micro_ros_msgs/cmake/micro_ros_msgs__rosidl_typesupport_introspection_cExport-noconfig.cmake
[8.158s] -- Up-to-date: /home/saqib/linorobot2_ws/install/micro_ros_msgs/share/micro_ros_msgs/cmake/micro_ros_msgs__rosidl_typesupport_cExport.cmake
[8.160s] -- Up-to-date: /home/saqib/linorobot2_ws/install/micro_ros_msgs/share/micro_ros_msgs/cmake/micro_ros_msgs__rosidl_typesupport_cExport-noconfig.cmake
[8.161s] -- Up-to-date: /home/saqib/linorobot2_ws/install/micro_ros_msgs/share/micro_ros_msgs/cmake/export_micro_ros_msgs__rosidl_generator_cppExport.cmake
[8.161s] -- Up-to-date: /home/saqib/linorobot2_ws/install/micro_ros_msgs/share/micro_ros_msgs/cmake/export_micro_ros_msgs__rosidl_typesupport_fastrtps_cppExport.cmake
[8.164s] -- Up-to-date: /home/saqib/linorobot2_ws/install/micro_ros_msgs/share/micro_ros_msgs/cmake/export_micro_ros_msgs__rosidl_typesupport_fastrtps_cppExport-noconfig.cmake
[8.165s] -- Up-to-date: /home/saqib/linorobot2_ws/install/micro_ros_msgs/share/micro_ros_msgs/cmake/micro_ros_msgs__rosidl_typesupport_introspection_cppExport.cmake
[8.167s] -- Up-to-date: /home/saqib/linorobot2_ws/install/micro_ros_msgs/share/micro_ros_msgs/cmake/micro_ros_msgs__rosidl_typesupport_introspection_cppExport-noconfig.cmake
[8.168s] -- Up-to-date: /home/saqib/linorobot2_ws/install/micro_ros_msgs/share/micro_ros_msgs/cmake/micro_ros_msgs__rosidl_typesupport_cppExport.cmake
[8.172s] -- Up-to-date: /home/saqib/linorobot2_ws/install/micro_ros_msgs/share/micro_ros_msgs/cmake/micro_ros_msgs__rosidl_typesupport_cppExport-noconfig.cmake
[8.174s] -- Up-to-date: /home/saqib/linorobot2_ws/install/micro_ros_msgs/share/micro_ros_msgs/cmake/export_micro_ros_msgs__rosidl_generator_pyExport.cmake
[8.175s] -- Up-to-date: /home/saqib/linorobot2_ws/install/micro_ros_msgs/share/micro_ros_msgs/cmake/export_micro_ros_msgs__rosidl_generator_pyExport-noconfig.cmake
[8.177s] -- Up-to-date: /home/saqib/linorobot2_ws/install/micro_ros_msgs/share/micro_ros_msgs/cmake/rosidl_cmake-extras.cmake
[8.179s] -- Up-to-date: /home/saqib/linorobot2_ws/install/micro_ros_msgs/share/micro_ros_msgs/cmake/ament_cmake_export_include_directories-extras.cmake
[8.180s] -- Up-to-date: /home/saqib/linorobot2_ws/install/micro_ros_msgs/share/micro_ros_msgs/cmake/ament_cmake_export_libraries-extras.cmake
[8.181s] -- Up-to-date: /home/saqib/linorobot2_ws/install/micro_ros_msgs/share/micro_ros_msgs/cmake/ament_cmake_export_targets-extras.cmake
[8.182s] -- Up-to-date: /home/saqib/linorobot2_ws/install/micro_ros_msgs/share/micro_ros_msgs/cmake/rosidl_cmake_export_typesupport_targets-extras.cmake
[8.183s] -- Up-to-date: /home/saqib/linorobot2_ws/install/micro_ros_msgs/share/micro_ros_msgs/cmake/ament_cmake_export_dependencies-extras.cmake
[8.183s] -- Up-to-date: /home/saqib/linorobot2_ws/install/micro_ros_msgs/share/micro_ros_msgs/cmake/rosidl_cmake_export_typesupport_libraries-extras.cmake
[8.185s] -- Up-to-date: /home/saqib/linorobot2_ws/install/micro_ros_msgs/share/micro_ros_msgs/cmake/micro_ros_msgsConfig.cmake
[8.185s] -- Up-to-date: /home/saqib/linorobot2_ws/install/micro_ros_msgs/share/micro_ros_msgs/cmake/micro_ros_msgsConfig-version.cmake
[8.186s] -- Up-to-date: /home/saqib/linorobot2_ws/install/micro_ros_msgs/share/micro_ros_msgs/package.xml
[9.515s] Invoked command in '/home/saqib/linorobot2_ws/build/micro_ros_msgs' returned '0': CMAKE_PREFIX_PATH=${CMAKE_PREFIX_PATH}:/opt/ros/humble /usr/bin/cmake --install /home/saqib/linorobot2_ws/build/micro_ros_msgs
