[1.477s] Invoking command in '/home/saqib/linorobot2_ws/build/linorobot2_navigation': CMAKE_PREFIX_PATH=${CMAKE_PREFIX_PATH}:/opt/ros/humble /usr/bin/cmake --build /home/saqib/linorobot2_ws/build/linorobot2_navigation -- -j4 -l4
[1.776s] Invoked command in '/home/saqib/linorobot2_ws/build/linorobot2_navigation' returned '0': CMAKE_PREFIX_PATH=${CMAKE_PREFIX_PATH}:/opt/ros/humble /usr/bin/cmake --build /home/saqib/linorobot2_ws/build/linorobot2_navigation -- -j4 -l4
[2.296s] Invoking command in '/home/saqib/linorobot2_ws/build/linorobot2_navigation': CMAKE_PREFIX_PATH=${CMAKE_PREFIX_PATH}:/opt/ros/humble /usr/bin/cmake --install /home/saqib/linorobot2_ws/build/linorobot2_navigation
[2.352s] -- Install configuration: ""
[2.352s] -- Up-to-date: /home/saqib/linorobot2_ws/install/linorobot2_navigation/share/linorobot2_navigation/launch
[2.353s] -- Up-to-date: /home/saqib/linorobot2_ws/install/linorobot2_navigation/share/linorobot2_navigation/launch/cartographer.launch.py
[2.353s] -- Up-to-date: /home/saqib/linorobot2_ws/install/linorobot2_navigation/share/linorobot2_navigation/launch/slam.launch.py
[2.354s] -- Up-to-date: /home/saqib/linorobot2_ws/install/linorobot2_navigation/share/linorobot2_navigation/launch/occupancy_grid.launch.py
[2.354s] -- Up-to-date: /home/saqib/linorobot2_ws/install/linorobot2_navigation/share/linorobot2_navigation/launch/navigation.launch.py
[2.354s] -- Up-to-date: /home/saqib/linorobot2_ws/install/linorobot2_navigation/share/linorobot2_navigation/rviz
[2.355s] -- Up-to-date: /home/saqib/linorobot2_ws/install/linorobot2_navigation/share/linorobot2_navigation/rviz/linorobot2_slam.rviz
[2.355s] -- Up-to-date: /home/saqib/linorobot2_ws/install/linorobot2_navigation/share/linorobot2_navigation/rviz/linorobot2_navigation_minimal.rviz
[2.356s] -- Up-to-date: /home/saqib/linorobot2_ws/install/linorobot2_navigation/share/linorobot2_navigation/rviz/linorobot2_navigation.rviz
[2.357s] -- Up-to-date: /home/saqib/linorobot2_ws/install/linorobot2_navigation/share/linorobot2_navigation/config
[2.358s] -- Up-to-date: /home/saqib/linorobot2_ws/install/linorobot2_navigation/share/linorobot2_navigation/config/navigation.yaml
[2.358s] -- Installing: /home/saqib/linorobot2_ws/install/linorobot2_navigation/share/linorobot2_navigation/config/rpi_robot_lds_2d.lua
[2.359s] -- Up-to-date: /home/saqib/linorobot2_ws/install/linorobot2_navigation/share/linorobot2_navigation/config/slam.yaml
[2.359s] -- Up-to-date: /home/saqib/linorobot2_ws/install/linorobot2_navigation/share/linorobot2_navigation/maps
[2.360s] -- Up-to-date: /home/saqib/linorobot2_ws/install/linorobot2_navigation/share/linorobot2_navigation/maps/playground.yaml
[2.360s] -- Up-to-date: /home/saqib/linorobot2_ws/install/linorobot2_navigation/share/linorobot2_navigation/maps/playground.pgm
[2.360s] -- Up-to-date: /home/saqib/linorobot2_ws/install/linorobot2_navigation/share/ament_index/resource_index/package_run_dependencies/linorobot2_navigation
[2.361s] -- Up-to-date: /home/saqib/linorobot2_ws/install/linorobot2_navigation/share/ament_index/resource_index/parent_prefix_path/linorobot2_navigation
[2.365s] -- Up-to-date: /home/saqib/linorobot2_ws/install/linorobot2_navigation/share/linorobot2_navigation/environment/ament_prefix_path.sh
[2.366s] -- Up-to-date: /home/saqib/linorobot2_ws/install/linorobot2_navigation/share/linorobot2_navigation/environment/ament_prefix_path.dsv
[2.366s] -- Up-to-date: /home/saqib/linorobot2_ws/install/linorobot2_navigation/share/linorobot2_navigation/environment/path.sh
[2.366s] -- Up-to-date: /home/saqib/linorobot2_ws/install/linorobot2_navigation/share/linorobot2_navigation/environment/path.dsv
[2.367s] -- Up-to-date: /home/saqib/linorobot2_ws/install/linorobot2_navigation/share/linorobot2_navigation/local_setup.bash
[2.367s] -- Up-to-date: /home/saqib/linorobot2_ws/install/linorobot2_navigation/share/linorobot2_navigation/local_setup.sh
[2.373s] -- Up-to-date: /home/saqib/linorobot2_ws/install/linorobot2_navigation/share/linorobot2_navigation/local_setup.zsh
[2.373s] -- Up-to-date: /home/saqib/linorobot2_ws/install/linorobot2_navigation/share/linorobot2_navigation/local_setup.dsv
[2.374s] -- Installing: /home/saqib/linorobot2_ws/install/linorobot2_navigation/share/linorobot2_navigation/package.dsv
[2.384s] -- Up-to-date: /home/saqib/linorobot2_ws/install/linorobot2_navigation/share/ament_index/resource_index/packages/linorobot2_navigation
[2.387s] -- Up-to-date: /home/saqib/linorobot2_ws/install/linorobot2_navigation/share/linorobot2_navigation/cmake/linorobot2_navigationConfig.cmake
[2.416s] -- Up-to-date: /home/saqib/linorobot2_ws/install/linorobot2_navigation/share/linorobot2_navigation/cmake/linorobot2_navigationConfig-version.cmake
[2.419s] -- Up-to-date: /home/saqib/linorobot2_ws/install/linorobot2_navigation/share/linorobot2_navigation/package.xml
[2.487s] Invoked command in '/home/saqib/linorobot2_ws/build/linorobot2_navigation' returned '0': CMAKE_PREFIX_PATH=${CMAKE_PREFIX_PATH}:/opt/ros/humble /usr/bin/cmake --install /home/saqib/linorobot2_ws/build/linorobot2_navigation
