[1.476s] Invoking command in '/home/saqib/linorobot2_ws/build/ldlidar_sl_ros2': CMAKE_PREFIX_PATH=${CMAKE_PREFIX_PATH}:/opt/ros/humble /usr/bin/cmake --build /home/saqib/linorobot2_ws/build/ldlidar_sl_ros2 -- -j4 -l4
[2.161s] [100%] Built target ldlidar_sl_ros2_node
[2.364s] Invoked command in '/home/saqib/linorobot2_ws/build/ldlidar_sl_ros2' returned '0': CMAKE_PREFIX_PATH=${CMAKE_PREFIX_PATH}:/opt/ros/humble /usr/bin/cmake --build /home/saqib/linorobot2_ws/build/ldlidar_sl_ros2 -- -j4 -l4
[3.432s] Invoking command in '/home/saqib/linorobot2_ws/build/ldlidar_sl_ros2': CMAKE_PREFIX_PATH=${CMAKE_PREFIX_PATH}:/opt/ros/humble /usr/bin/cmake --install /home/saqib/linorobot2_ws/build/ldlidar_sl_ros2
[3.521s] -- Install configuration: ""
[3.534s] -- Up-to-date: /home/saqib/linorobot2_ws/install/ldlidar_sl_ros2/lib/ldlidar_sl_ros2/ldlidar_sl_ros2_node
[3.535s] -- Up-to-date: /home/saqib/linorobot2_ws/install/ldlidar_sl_ros2/share/ldlidar_sl_ros2//launch
[3.541s] -- Up-to-date: /home/saqib/linorobot2_ws/install/ldlidar_sl_ros2/share/ldlidar_sl_ros2//launch/ld14.launch.py
[3.544s] -- Up-to-date: /home/saqib/linorobot2_ws/install/ldlidar_sl_ros2/share/ldlidar_sl_ros2//launch/ld14p.launch.py
[3.547s] -- Up-to-date: /home/saqib/linorobot2_ws/install/ldlidar_sl_ros2/share/ldlidar_sl_ros2//launch/viewer_ld14p.launch.py
[3.548s] -- Up-to-date: /home/saqib/linorobot2_ws/install/ldlidar_sl_ros2/share/ldlidar_sl_ros2//launch/viewer_ld14.launch.py
[3.550s] -- Up-to-date: /home/saqib/linorobot2_ws/install/ldlidar_sl_ros2/share/ldlidar_sl_ros2//rviz2
[3.552s] -- Up-to-date: /home/saqib/linorobot2_ws/install/ldlidar_sl_ros2/share/ldlidar_sl_ros2//rviz2/ldlidar.rviz
[3.553s] -- Up-to-date: /home/saqib/linorobot2_ws/install/ldlidar_sl_ros2/share/ldlidar_sl_ros2//scripts
[3.555s] -- Up-to-date: /home/saqib/linorobot2_ws/install/ldlidar_sl_ros2/share/ldlidar_sl_ros2//scripts/delete_udev_rules.sh
[3.567s] -- Up-to-date: /home/saqib/linorobot2_ws/install/ldlidar_sl_ros2/share/ldlidar_sl_ros2//scripts/ldlidar.rules
[3.567s] -- Up-to-date: /home/saqib/linorobot2_ws/install/ldlidar_sl_ros2/share/ldlidar_sl_ros2//scripts/create_udev_rules.sh
[3.568s] -- Up-to-date: /home/saqib/linorobot2_ws/install/ldlidar_sl_ros2/share/ament_index/resource_index/package_run_dependencies/ldlidar_sl_ros2
[3.568s] -- Up-to-date: /home/saqib/linorobot2_ws/install/ldlidar_sl_ros2/share/ament_index/resource_index/parent_prefix_path/ldlidar_sl_ros2
[3.575s] -- Up-to-date: /home/saqib/linorobot2_ws/install/ldlidar_sl_ros2/share/ldlidar_sl_ros2/environment/ament_prefix_path.sh
[3.576s] -- Up-to-date: /home/saqib/linorobot2_ws/install/ldlidar_sl_ros2/share/ldlidar_sl_ros2/environment/ament_prefix_path.dsv
[3.577s] -- Up-to-date: /home/saqib/linorobot2_ws/install/ldlidar_sl_ros2/share/ldlidar_sl_ros2/environment/path.sh
[3.577s] -- Up-to-date: /home/saqib/linorobot2_ws/install/ldlidar_sl_ros2/share/ldlidar_sl_ros2/environment/path.dsv
[3.578s] -- Up-to-date: /home/saqib/linorobot2_ws/install/ldlidar_sl_ros2/share/ldlidar_sl_ros2/local_setup.bash
[3.584s] -- Up-to-date: /home/saqib/linorobot2_ws/install/ldlidar_sl_ros2/share/ldlidar_sl_ros2/local_setup.sh
[3.585s] -- Up-to-date: /home/saqib/linorobot2_ws/install/ldlidar_sl_ros2/share/ldlidar_sl_ros2/local_setup.zsh
[3.585s] -- Up-to-date: /home/saqib/linorobot2_ws/install/ldlidar_sl_ros2/share/ldlidar_sl_ros2/local_setup.dsv
[3.586s] -- Installing: /home/saqib/linorobot2_ws/install/ldlidar_sl_ros2/share/ldlidar_sl_ros2/package.dsv
[3.590s] -- Up-to-date: /home/saqib/linorobot2_ws/install/ldlidar_sl_ros2/share/ament_index/resource_index/packages/ldlidar_sl_ros2
[3.606s] -- Up-to-date: /home/saqib/linorobot2_ws/install/ldlidar_sl_ros2/share/ldlidar_sl_ros2/cmake/ldlidar_sl_ros2Config.cmake
[3.607s] -- Up-to-date: /home/saqib/linorobot2_ws/install/ldlidar_sl_ros2/share/ldlidar_sl_ros2/cmake/ldlidar_sl_ros2Config-version.cmake
[3.608s] -- Up-to-date: /home/saqib/linorobot2_ws/install/ldlidar_sl_ros2/share/ldlidar_sl_ros2/package.xml
[5.369s] Invoked command in '/home/saqib/linorobot2_ws/build/ldlidar_sl_ros2' returned '0': CMAKE_PREFIX_PATH=${CMAKE_PREFIX_PATH}:/opt/ros/humble /usr/bin/cmake --install /home/saqib/linorobot2_ws/build/ldlidar_sl_ros2
