-- The C compiler identification is GNU 11.4.0
-- The CXX compiler identification is GNU 11.4.0
-- Detecting C compiler ABI info
-- Detecting C compiler ABI info - done
-- Check for working C compiler: /usr/bin/cc - skipped
-- Detecting C compile features
-- Detecting C compile features - done
-- Detecting CXX compiler ABI info
-- Detecting CXX compiler ABI info - done
-- Check for working CXX compiler: /usr/bin/c++ - skipped
-- Detecting CXX compile features
-- Detecting CXX compile features - done
-- Found ament_cmake: 1.3.7 (/opt/ros/humble/share/ament_cmake/cmake)
-- Found Python3: /usr/bin/python3.10 (found version "3.10.12") found components: Interpreter 
-- Configuring done
-- Generating done
-- Build files have been written to: /home/saqib/linorobot2_ws/build/linorobot2
-- Install configuration: ""
-- Installing: /home/saqib/linorobot2_ws/install/linorobot2/share/ament_index/resource_index/package_run_dependencies/linorobot2
-- Installing: /home/saqib/linorobot2_ws/install/linorobot2/share/ament_index/resource_index/parent_prefix_path/linorobot2
-- Installing: /home/saqib/linorobot2_ws/install/linorobot2/share/linorobot2/environment/ament_prefix_path.sh
-- Installing: /home/saqib/linorobot2_ws/install/linorobot2/share/linorobot2/environment/ament_prefix_path.dsv
-- Installing: /home/saqib/linorobot2_ws/install/linorobot2/share/linorobot2/environment/path.sh
-- Installing: /home/saqib/linorobot2_ws/install/linorobot2/share/linorobot2/environment/path.dsv
-- Installing: /home/saqib/linorobot2_ws/install/linorobot2/share/linorobot2/local_setup.bash
-- Installing: /home/saqib/linorobot2_ws/install/linorobot2/share/linorobot2/local_setup.sh
-- Installing: /home/saqib/linorobot2_ws/install/linorobot2/share/linorobot2/local_setup.zsh
-- Installing: /home/saqib/linorobot2_ws/install/linorobot2/share/linorobot2/local_setup.dsv
-- Installing: /home/saqib/linorobot2_ws/install/linorobot2/share/linorobot2/package.dsv
-- Installing: /home/saqib/linorobot2_ws/install/linorobot2/share/ament_index/resource_index/packages/linorobot2
-- Installing: /home/saqib/linorobot2_ws/install/linorobot2/share/linorobot2/cmake/linorobot2Config.cmake
-- Installing: /home/saqib/linorobot2_ws/install/linorobot2/share/linorobot2/cmake/linorobot2Config-version.cmake
-- Installing: /home/saqib/linorobot2_ws/install/linorobot2/share/linorobot2/package.xml
