[0.764s] Invoking command in '/home/saqib/linorobot2_ws/build/linorobot2': CMAKE_PREFIX_PATH=${CMAKE_PREFIX_PATH}:/opt/ros/humble /usr/bin/cmake /home/saqib/linorobot2_ws/src/linorobot2/linorobot2 -DCMAKE_INSTALL_PREFIX=/home/saqib/linorobot2_ws/install/linorobot2
[2.306s] -- The C compiler identification is GNU 11.4.0
[3.266s] -- The CXX compiler identification is GNU 11.4.0
[3.332s] -- Detecting C compiler ABI info
[3.911s] -- Detecting C compiler ABI info - done
[3.947s] -- Check for working C compiler: /usr/bin/cc - skipped
[3.949s] -- Detecting C compile features
[3.951s] -- Detecting C compile features - done
[3.975s] -- Detecting CXX compiler ABI info
[4.551s] -- Detecting CXX compiler ABI info - done
[4.591s] -- Check for working CXX compiler: /usr/bin/c++ - skipped
[4.592s] -- Detecting CXX compile features
[4.594s] -- Detecting CXX compile features - done
[4.630s] -- Found ament_cmake: 1.3.7 (/opt/ros/humble/share/ament_cmake/cmake)
[5.930s] -- Found Python3: /usr/bin/python3.10 (found version "3.10.12") found components: Interpreter 
[7.390s] -- Configuring done
[7.445s] -- Generating done
[7.453s] -- Build files have been written to: /home/saqib/linorobot2_ws/build/linorobot2
[7.474s] Invoked command in '/home/saqib/linorobot2_ws/build/linorobot2' returned '0': CMAKE_PREFIX_PATH=${CMAKE_PREFIX_PATH}:/opt/ros/humble /usr/bin/cmake /home/saqib/linorobot2_ws/src/linorobot2/linorobot2 -DCMAKE_INSTALL_PREFIX=/home/saqib/linorobot2_ws/install/linorobot2
[7.476s] Invoking command in '/home/saqib/linorobot2_ws/build/linorobot2': CMAKE_PREFIX_PATH=${CMAKE_PREFIX_PATH}:/opt/ros/humble /usr/bin/cmake --build /home/saqib/linorobot2_ws/build/linorobot2 -- -j4 -l4
[7.751s] Invoked command in '/home/saqib/linorobot2_ws/build/linorobot2' returned '0': CMAKE_PREFIX_PATH=${CMAKE_PREFIX_PATH}:/opt/ros/humble /usr/bin/cmake --build /home/saqib/linorobot2_ws/build/linorobot2 -- -j4 -l4
[7.958s] Invoking command in '/home/saqib/linorobot2_ws/build/linorobot2': CMAKE_PREFIX_PATH=${CMAKE_PREFIX_PATH}:/opt/ros/humble /usr/bin/cmake --install /home/saqib/linorobot2_ws/build/linorobot2
[7.985s] -- Install configuration: ""
[7.990s] -- Installing: /home/saqib/linorobot2_ws/install/linorobot2/share/ament_index/resource_index/package_run_dependencies/linorobot2
[7.996s] -- Installing: /home/saqib/linorobot2_ws/install/linorobot2/share/ament_index/resource_index/parent_prefix_path/linorobot2
[8.003s] -- Installing: /home/saqib/linorobot2_ws/install/linorobot2/share/linorobot2/environment/ament_prefix_path.sh
[8.006s] -- Installing: /home/saqib/linorobot2_ws/install/linorobot2/share/linorobot2/environment/ament_prefix_path.dsv
[8.017s] -- Installing: /home/saqib/linorobot2_ws/install/linorobot2/share/linorobot2/environment/path.sh
[8.020s] -- Installing: /home/saqib/linorobot2_ws/install/linorobot2/share/linorobot2/environment/path.dsv
[8.021s] -- Installing: /home/saqib/linorobot2_ws/install/linorobot2/share/linorobot2/local_setup.bash
[8.026s] -- Installing: /home/saqib/linorobot2_ws/install/linorobot2/share/linorobot2/local_setup.sh
[8.026s] -- Installing: /home/saqib/linorobot2_ws/install/linorobot2/share/linorobot2/local_setup.zsh
[8.027s] -- Installing: /home/saqib/linorobot2_ws/install/linorobot2/share/linorobot2/local_setup.dsv
[8.027s] -- Installing: /home/saqib/linorobot2_ws/install/linorobot2/share/linorobot2/package.dsv
[8.028s] -- Installing: /home/saqib/linorobot2_ws/install/linorobot2/share/ament_index/resource_index/packages/linorobot2
[8.029s] -- Installing: /home/saqib/linorobot2_ws/install/linorobot2/share/linorobot2/cmake/linorobot2Config.cmake
[8.029s] -- Installing: /home/saqib/linorobot2_ws/install/linorobot2/share/linorobot2/cmake/linorobot2Config-version.cmake
[8.030s] -- Installing: /home/saqib/linorobot2_ws/install/linorobot2/share/linorobot2/package.xml
[8.515s] Invoked command in '/home/saqib/linorobot2_ws/build/linorobot2' returned '0': CMAKE_PREFIX_PATH=${CMAKE_PREFIX_PATH}:/opt/ros/humble /usr/bin/cmake --install /home/saqib/linorobot2_ws/build/linorobot2
