[0.831s] Invoking command in '/home/saqib/linorobot2_ws/build/linorobot2_navigation': CMAKE_PREFIX_PATH=${CMAKE_PREFIX_PATH}:/opt/ros/humble /usr/bin/cmake --build /home/saqib/linorobot2_ws/build/linorobot2_navigation -- -j4 -l4
[1.160s] Invoked command in '/home/saqib/linorobot2_ws/build/linorobot2_navigation' returned '0': CMAKE_PREFIX_PATH=${CMAKE_PREFIX_PATH}:/opt/ros/humble /usr/bin/cmake --build /home/saqib/linorobot2_ws/build/linorobot2_navigation -- -j4 -l4
[1.451s] Invoking command in '/home/saqib/linorobot2_ws/build/linorobot2_navigation': CMAKE_PREFIX_PATH=${CMAKE_PREFIX_PATH}:/opt/ros/humble /usr/bin/cmake --install /home/saqib/linorobot2_ws/build/linorobot2_navigation
[1.643s] -- Install configuration: ""
[1.651s] -- Up-to-date: /home/saqib/linorobot2_ws/install/linorobot2_navigation/share/linorobot2_navigation/launch
[1.655s] -- Up-to-date: /home/saqib/linorobot2_ws/install/linorobot2_navigation/share/linorobot2_navigation/launch/slam.launch.py
[1.656s] -- Up-to-date: /home/saqib/linorobot2_ws/install/linorobot2_navigation/share/linorobot2_navigation/launch/navigation.launch.py
[1.657s] -- Up-to-date: /home/saqib/linorobot2_ws/install/linorobot2_navigation/share/linorobot2_navigation/rviz
[1.658s] -- Up-to-date: /home/saqib/linorobot2_ws/install/linorobot2_navigation/share/linorobot2_navigation/rviz/linorobot2_slam.rviz
[1.661s] -- Up-to-date: /home/saqib/linorobot2_ws/install/linorobot2_navigation/share/linorobot2_navigation/rviz/linorobot2_navigation_minimal.rviz
[1.662s] -- Up-to-date: /home/saqib/linorobot2_ws/install/linorobot2_navigation/share/linorobot2_navigation/rviz/linorobot2_navigation.rviz
[1.664s] -- Up-to-date: /home/saqib/linorobot2_ws/install/linorobot2_navigation/share/linorobot2_navigation/config
[1.665s] -- Up-to-date: /home/saqib/linorobot2_ws/install/linorobot2_navigation/share/linorobot2_navigation/config/navigation.yaml
[1.666s] -- Up-to-date: /home/saqib/linorobot2_ws/install/linorobot2_navigation/share/linorobot2_navigation/config/slam.yaml
[1.667s] -- Up-to-date: /home/saqib/linorobot2_ws/install/linorobot2_navigation/share/linorobot2_navigation/maps
[1.667s] -- Up-to-date: /home/saqib/linorobot2_ws/install/linorobot2_navigation/share/linorobot2_navigation/maps/playground.yaml
[1.670s] -- Up-to-date: /home/saqib/linorobot2_ws/install/linorobot2_navigation/share/linorobot2_navigation/maps/playground.pgm
[1.679s] -- Up-to-date: /home/saqib/linorobot2_ws/install/linorobot2_navigation/share/ament_index/resource_index/package_run_dependencies/linorobot2_navigation
[1.682s] -- Up-to-date: /home/saqib/linorobot2_ws/install/linorobot2_navigation/share/ament_index/resource_index/parent_prefix_path/linorobot2_navigation
[1.682s] -- Up-to-date: /home/saqib/linorobot2_ws/install/linorobot2_navigation/share/linorobot2_navigation/environment/ament_prefix_path.sh
[1.683s] -- Up-to-date: /home/saqib/linorobot2_ws/install/linorobot2_navigation/share/linorobot2_navigation/environment/ament_prefix_path.dsv
[1.684s] -- Up-to-date: /home/saqib/linorobot2_ws/install/linorobot2_navigation/share/linorobot2_navigation/environment/path.sh
[1.684s] -- Up-to-date: /home/saqib/linorobot2_ws/install/linorobot2_navigation/share/linorobot2_navigation/environment/path.dsv
[1.684s] -- Up-to-date: /home/saqib/linorobot2_ws/install/linorobot2_navigation/share/linorobot2_navigation/local_setup.bash
[1.685s] -- Up-to-date: /home/saqib/linorobot2_ws/install/linorobot2_navigation/share/linorobot2_navigation/local_setup.sh
[1.685s] -- Up-to-date: /home/saqib/linorobot2_ws/install/linorobot2_navigation/share/linorobot2_navigation/local_setup.zsh
[1.687s] -- Up-to-date: /home/saqib/linorobot2_ws/install/linorobot2_navigation/share/linorobot2_navigation/local_setup.dsv
[1.687s] -- Installing: /home/saqib/linorobot2_ws/install/linorobot2_navigation/share/linorobot2_navigation/package.dsv
[1.689s] -- Up-to-date: /home/saqib/linorobot2_ws/install/linorobot2_navigation/share/ament_index/resource_index/packages/linorobot2_navigation
[1.689s] -- Up-to-date: /home/saqib/linorobot2_ws/install/linorobot2_navigation/share/linorobot2_navigation/cmake/linorobot2_navigationConfig.cmake
[1.690s] -- Up-to-date: /home/saqib/linorobot2_ws/install/linorobot2_navigation/share/linorobot2_navigation/cmake/linorobot2_navigationConfig-version.cmake
[1.690s] -- Up-to-date: /home/saqib/linorobot2_ws/install/linorobot2_navigation/share/linorobot2_navigation/package.xml
[2.811s] Invoked command in '/home/saqib/linorobot2_ws/build/linorobot2_navigation' returned '0': CMAKE_PREFIX_PATH=${CMAKE_PREFIX_PATH}:/opt/ros/humble /usr/bin/cmake --install /home/saqib/linorobot2_ws/build/linorobot2_navigation
