[0.521s] Invoking command in '/home/saqib/linorobot2_ws/build/micro_ros_setup': CMAKE_PREFIX_PATH=${CMAKE_PREFIX_PATH}:/opt/ros/humble /usr/bin/cmake --build /home/saqib/linorobot2_ws/build/micro_ros_setup -- -j4 -l4
[0.805s] Invoked command in '/home/saqib/linorobot2_ws/build/micro_ros_setup' returned '0': CMAKE_PREFIX_PATH=${CMAKE_PREFIX_PATH}:/opt/ros/humble /usr/bin/cmake --build /home/saqib/linorobot2_ws/build/micro_ros_setup -- -j4 -l4
[1.311s] Invoking command in '/home/saqib/linorobot2_ws/build/micro_ros_setup': CMAKE_PREFIX_PATH=${CMAKE_PREFIX_PATH}:/opt/ros/humble /usr/bin/cmake --install /home/saqib/linorobot2_ws/build/micro_ros_setup
[1.367s] -- Install configuration: ""
[1.379s] -- Up-to-date: /home/saqib/linorobot2_ws/install/micro_ros_setup/share/ament_index/resource_index/package_run_dependencies/micro_ros_setup
[1.380s] -- Up-to-date: /home/saqib/linorobot2_ws/install/micro_ros_setup/share/ament_index/resource_index/parent_prefix_path/micro_ros_setup
[1.380s] -- Up-to-date: /home/saqib/linorobot2_ws/install/micro_ros_setup/share/micro_ros_setup/environment/ament_prefix_path.sh
[1.380s] -- Up-to-date: /home/saqib/linorobot2_ws/install/micro_ros_setup/share/micro_ros_setup/environment/ament_prefix_path.dsv
[1.381s] -- Up-to-date: /home/saqib/linorobot2_ws/install/micro_ros_setup/share/micro_ros_setup/environment/path.sh
[1.381s] -- Up-to-date: /home/saqib/linorobot2_ws/install/micro_ros_setup/share/micro_ros_setup/environment/path.dsv
[1.382s] -- Up-to-date: /home/saqib/linorobot2_ws/install/micro_ros_setup/share/micro_ros_setup/local_setup.bash
[1.382s] -- Up-to-date: /home/saqib/linorobot2_ws/install/micro_ros_setup/share/micro_ros_setup/local_setup.sh
[1.382s] -- Up-to-date: /home/saqib/linorobot2_ws/install/micro_ros_setup/share/micro_ros_setup/local_setup.zsh
[1.383s] -- Up-to-date: /home/saqib/linorobot2_ws/install/micro_ros_setup/share/micro_ros_setup/local_setup.dsv
[1.383s] -- Installing: /home/saqib/linorobot2_ws/install/micro_ros_setup/share/micro_ros_setup/package.dsv
[1.390s] -- Up-to-date: /home/saqib/linorobot2_ws/install/micro_ros_setup/share/ament_index/resource_index/packages/micro_ros_setup
[1.390s] -- Up-to-date: /home/saqib/linorobot2_ws/install/micro_ros_setup/share/micro_ros_setup/cmake/micro_ros_setupConfig.cmake
[1.398s] -- Up-to-date: /home/saqib/linorobot2_ws/install/micro_ros_setup/share/micro_ros_setup/cmake/micro_ros_setupConfig-version.cmake
[1.418s] -- Up-to-date: /home/saqib/linorobot2_ws/install/micro_ros_setup/share/micro_ros_setup/package.xml
[1.423s] -- Up-to-date: /home/saqib/linorobot2_ws/install/micro_ros_setup/./config
[1.426s] -- Up-to-date: /home/saqib/linorobot2_ws/install/micro_ros_setup/./config/generate_lib
[1.428s] -- Up-to-date: /home/saqib/linorobot2_ws/install/micro_ros_setup/./config/generate_lib/generic
[1.428s] -- Up-to-date: /home/saqib/linorobot2_ws/install/micro_ros_setup/./config/generate_lib/generic/flash.sh
[1.437s] -- Up-to-date: /home/saqib/linorobot2_ws/install/micro_ros_setup/./config/generate_lib/generic/client_uros_packages.repos
[1.438s] -- Up-to-date: /home/saqib/linorobot2_ws/install/micro_ros_setup/./config/generate_lib/generic/client-colcon.meta
[1.440s] -- Up-to-date: /home/saqib/linorobot2_ws/install/micro_ros_setup/./config/generate_lib/generic/build.sh
[1.441s] -- Up-to-date: /home/saqib/linorobot2_ws/install/micro_ros_setup/./config/generate_lib/generic/create.sh
[1.442s] -- Up-to-date: /home/saqib/linorobot2_ws/install/micro_ros_setup/./config/generate_lib/generic/demo_toolchain.cmake
[1.443s] -- Up-to-date: /home/saqib/linorobot2_ws/install/micro_ros_setup/./config/generate_lib/generic/package.xml
[1.444s] -- Up-to-date: /home/saqib/linorobot2_ws/install/micro_ros_setup/./config/generate_lib/dev_ros2_packages.txt
[1.445s] -- Up-to-date: /home/saqib/linorobot2_ws/install/micro_ros_setup/./config/generate_lib/dev_uros_packages.repos
[1.445s] -- Up-to-date: /home/saqib/linorobot2_ws/install/micro_ros_setup/./config/client_uros_packages.repos
[1.461s] -- Up-to-date: /home/saqib/linorobot2_ws/install/micro_ros_setup/./config/freertos
[1.464s] -- Up-to-date: /home/saqib/linorobot2_ws/install/micro_ros_setup/./config/freertos/olimex-stm32-e407
[1.474s] -- Up-to-date: /home/saqib/linorobot2_ws/install/micro_ros_setup/./config/freertos/olimex-stm32-e407/flash.sh
[1.481s] -- Up-to-date: /home/saqib/linorobot2_ws/install/micro_ros_setup/./config/freertos/olimex-stm32-e407/client_uros_packages.repos
[1.482s] -- Up-to-date: /home/saqib/linorobot2_ws/install/micro_ros_setup/./config/freertos/olimex-stm32-e407/client-colcon.meta
[1.488s] -- Up-to-date: /home/saqib/linorobot2_ws/install/micro_ros_setup/./config/freertos/olimex-stm32-e407/build.sh
[1.488s] -- Up-to-date: /home/saqib/linorobot2_ws/install/micro_ros_setup/./config/freertos/olimex-stm32-e407/create.sh
[1.488s] -- Up-to-date: /home/saqib/linorobot2_ws/install/micro_ros_setup/./config/freertos/olimex-stm32-e407/configure.sh
[1.489s] -- Up-to-date: /home/saqib/linorobot2_ws/install/micro_ros_setup/./config/freertos/olimex-stm32-e407/board.repos
[1.489s] -- Up-to-date: /home/saqib/linorobot2_ws/install/micro_ros_setup/./config/freertos/olimex-stm32-e407/package.xml
[1.490s] -- Up-to-date: /home/saqib/linorobot2_ws/install/micro_ros_setup/./config/freertos/list_apps.sh
[1.490s] -- Up-to-date: /home/saqib/linorobot2_ws/install/micro_ros_setup/./config/freertos/dev_ros2_packages.txt
[1.491s] -- Up-to-date: /home/saqib/linorobot2_ws/install/micro_ros_setup/./config/freertos/nucleo_f746zg
[1.491s] -- Up-to-date: /home/saqib/linorobot2_ws/install/micro_ros_setup/./config/freertos/nucleo_f746zg/flash.sh
[1.491s] -- Up-to-date: /home/saqib/linorobot2_ws/install/micro_ros_setup/./config/freertos/nucleo_f746zg/client_uros_packages.repos
[1.493s] -- Up-to-date: /home/saqib/linorobot2_ws/install/micro_ros_setup/./config/freertos/nucleo_f746zg/client-colcon.meta
[1.501s] -- Up-to-date: /home/saqib/linorobot2_ws/install/micro_ros_setup/./config/freertos/nucleo_f746zg/build.sh
[1.502s] -- Up-to-date: /home/saqib/linorobot2_ws/install/micro_ros_setup/./config/freertos/nucleo_f746zg/create.sh
[1.503s] -- Up-to-date: /home/saqib/linorobot2_ws/install/micro_ros_setup/./config/freertos/nucleo_f746zg/configure.sh
[1.504s] -- Up-to-date: /home/saqib/linorobot2_ws/install/micro_ros_setup/./config/freertos/nucleo_f746zg/board.repos
[1.507s] -- Up-to-date: /home/saqib/linorobot2_ws/install/micro_ros_setup/./config/freertos/nucleo_f746zg/package.xml
[1.509s] -- Up-to-date: /home/saqib/linorobot2_ws/install/micro_ros_setup/./config/freertos/nucleo_f446ze
[1.510s] -- Up-to-date: /home/saqib/linorobot2_ws/install/micro_ros_setup/./config/freertos/nucleo_f446ze/flash.sh
[1.511s] -- Up-to-date: /home/saqib/linorobot2_ws/install/micro_ros_setup/./config/freertos/nucleo_f446ze/client_uros_packages.repos
[1.512s] -- Up-to-date: /home/saqib/linorobot2_ws/install/micro_ros_setup/./config/freertos/nucleo_f446ze/client-colcon.meta
[1.514s] -- Up-to-date: /home/saqib/linorobot2_ws/install/micro_ros_setup/./config/freertos/nucleo_f446ze/build.sh
[1.515s] -- Up-to-date: /home/saqib/linorobot2_ws/install/micro_ros_setup/./config/freertos/nucleo_f446ze/create.sh
[1.516s] -- Up-to-date: /home/saqib/linorobot2_ws/install/micro_ros_setup/./config/freertos/nucleo_f446ze/configure.sh
[1.518s] -- Up-to-date: /home/saqib/linorobot2_ws/install/micro_ros_setup/./config/freertos/nucleo_f446ze/board.repos
[1.520s] -- Up-to-date: /home/saqib/linorobot2_ws/install/micro_ros_setup/./config/freertos/nucleo_f446ze/package.xml
[1.521s] -- Up-to-date: /home/saqib/linorobot2_ws/install/micro_ros_setup/./config/freertos/esp32
[1.522s] -- Up-to-date: /home/saqib/linorobot2_ws/install/micro_ros_setup/./config/freertos/esp32/flash.sh
[1.523s] -- Up-to-date: /home/saqib/linorobot2_ws/install/micro_ros_setup/./config/freertos/esp32/client_uros_packages.repos
[1.524s] -- Up-to-date: /home/saqib/linorobot2_ws/install/micro_ros_setup/./config/freertos/esp32/client-colcon.meta
[1.525s] -- Up-to-date: /home/saqib/linorobot2_ws/install/micro_ros_setup/./config/freertos/esp32/build.sh
[1.526s] -- Up-to-date: /home/saqib/linorobot2_ws/install/micro_ros_setup/./config/freertos/esp32/create.sh
[1.528s] -- Up-to-date: /home/saqib/linorobot2_ws/install/micro_ros_setup/./config/freertos/esp32/configure.sh
[1.529s] -- Up-to-date: /home/saqib/linorobot2_ws/install/micro_ros_setup/./config/freertos/esp32/README.md
[1.530s] -- Up-to-date: /home/saqib/linorobot2_ws/install/micro_ros_setup/./config/freertos/esp32/board.repos
[1.532s] -- Up-to-date: /home/saqib/linorobot2_ws/install/micro_ros_setup/./config/freertos/esp32/package.xml
[1.533s] -- Up-to-date: /home/saqib/linorobot2_ws/install/micro_ros_setup/./config/freertos/dev_uros_packages.repos
[1.534s] -- Up-to-date: /home/saqib/linorobot2_ws/install/micro_ros_setup/./config/freertos/nucleo_f767zi
[1.535s] -- Up-to-date: /home/saqib/linorobot2_ws/install/micro_ros_setup/./config/freertos/nucleo_f767zi/flash.sh
[1.535s] -- Up-to-date: /home/saqib/linorobot2_ws/install/micro_ros_setup/./config/freertos/nucleo_f767zi/client_uros_packages.repos
[1.536s] -- Up-to-date: /home/saqib/linorobot2_ws/install/micro_ros_setup/./config/freertos/nucleo_f767zi/client-colcon.meta
[1.537s] -- Up-to-date: /home/saqib/linorobot2_ws/install/micro_ros_setup/./config/freertos/nucleo_f767zi/build.sh
[1.538s] -- Up-to-date: /home/saqib/linorobot2_ws/install/micro_ros_setup/./config/freertos/nucleo_f767zi/create.sh
[1.538s] -- Up-to-date: /home/saqib/linorobot2_ws/install/micro_ros_setup/./config/freertos/nucleo_f767zi/configure.sh
[1.539s] -- Up-to-date: /home/saqib/linorobot2_ws/install/micro_ros_setup/./config/freertos/nucleo_f767zi/board.repos
[1.540s] -- Up-to-date: /home/saqib/linorobot2_ws/install/micro_ros_setup/./config/freertos/nucleo_f767zi/package.xml
[1.541s] -- Up-to-date: /home/saqib/linorobot2_ws/install/micro_ros_setup/./config/freertos/nucleo_f446re
[1.542s] -- Up-to-date: /home/saqib/linorobot2_ws/install/micro_ros_setup/./config/freertos/nucleo_f446re/flash.sh
[1.543s] -- Up-to-date: /home/saqib/linorobot2_ws/install/micro_ros_setup/./config/freertos/nucleo_f446re/client_uros_packages.repos
[1.544s] -- Up-to-date: /home/saqib/linorobot2_ws/install/micro_ros_setup/./config/freertos/nucleo_f446re/client-colcon.meta
[1.545s] -- Up-to-date: /home/saqib/linorobot2_ws/install/micro_ros_setup/./config/freertos/nucleo_f446re/build.sh
[1.546s] -- Up-to-date: /home/saqib/linorobot2_ws/install/micro_ros_setup/./config/freertos/nucleo_f446re/create.sh
[1.547s] -- Up-to-date: /home/saqib/linorobot2_ws/install/micro_ros_setup/./config/freertos/nucleo_f446re/configure.sh
[1.549s] -- Up-to-date: /home/saqib/linorobot2_ws/install/micro_ros_setup/./config/freertos/nucleo_f446re/board.repos
[1.550s] -- Up-to-date: /home/saqib/linorobot2_ws/install/micro_ros_setup/./config/freertos/nucleo_f446re/package.xml
[1.551s] -- Up-to-date: /home/saqib/linorobot2_ws/install/micro_ros_setup/./config/freertos/crazyflie21
[1.552s] -- Up-to-date: /home/saqib/linorobot2_ws/install/micro_ros_setup/./config/freertos/crazyflie21/flash.sh
[1.552s] -- Up-to-date: /home/saqib/linorobot2_ws/install/micro_ros_setup/./config/freertos/crazyflie21/client_uros_packages.repos
[1.554s] -- Up-to-date: /home/saqib/linorobot2_ws/install/micro_ros_setup/./config/freertos/crazyflie21/client-colcon.meta
[1.554s] -- Up-to-date: /home/saqib/linorobot2_ws/install/micro_ros_setup/./config/freertos/crazyflie21/build.sh
[1.556s] -- Up-to-date: /home/saqib/linorobot2_ws/install/micro_ros_setup/./config/freertos/crazyflie21/create.sh
[1.558s] -- Up-to-date: /home/saqib/linorobot2_ws/install/micro_ros_setup/./config/freertos/crazyflie21/configure.sh
[1.559s] -- Up-to-date: /home/saqib/linorobot2_ws/install/micro_ros_setup/./config/freertos/crazyflie21/board.repos
[1.562s] -- Up-to-date: /home/saqib/linorobot2_ws/install/micro_ros_setup/./config/freertos/crazyflie21/package.xml
[1.568s] -- Up-to-date: /home/saqib/linorobot2_ws/install/micro_ros_setup/./config/agent_uros_packages.repos
[1.577s] -- Up-to-date: /home/saqib/linorobot2_ws/install/micro_ros_setup/./config/zephyr
[1.578s] -- Up-to-date: /home/saqib/linorobot2_ws/install/micro_ros_setup/./config/zephyr/list_apps.sh
[1.579s] -- Up-to-date: /home/saqib/linorobot2_ws/install/micro_ros_setup/./config/zephyr/generic
[1.579s] -- Up-to-date: /home/saqib/linorobot2_ws/install/micro_ros_setup/./config/zephyr/generic/flash.sh
[1.579s] -- Up-to-date: /home/saqib/linorobot2_ws/install/micro_ros_setup/./config/zephyr/generic/client_uros_packages.repos
[1.580s] -- Up-to-date: /home/saqib/linorobot2_ws/install/micro_ros_setup/./config/zephyr/generic/supported_platforms
[1.580s] -- Up-to-date: /home/saqib/linorobot2_ws/install/micro_ros_setup/./config/zephyr/generic/client-colcon.meta
[1.581s] -- Up-to-date: /home/saqib/linorobot2_ws/install/micro_ros_setup/./config/zephyr/generic/build.sh
[1.581s] -- Up-to-date: /home/saqib/linorobot2_ws/install/micro_ros_setup/./config/zephyr/generic/create.sh
[1.582s] -- Up-to-date: /home/saqib/linorobot2_ws/install/micro_ros_setup/./config/zephyr/generic/configure.sh
[1.582s] -- Up-to-date: /home/saqib/linorobot2_ws/install/micro_ros_setup/./config/zephyr/generic/board.repos
[1.583s] -- Up-to-date: /home/saqib/linorobot2_ws/install/micro_ros_setup/./config/zephyr/generic/package.xml
[1.583s] -- Up-to-date: /home/saqib/linorobot2_ws/install/micro_ros_setup/./config/zephyr/dev_ros2_packages.txt
[1.583s] -- Up-to-date: /home/saqib/linorobot2_ws/install/micro_ros_setup/./config/zephyr/dev_uros_packages.repos
[1.584s] -- Up-to-date: /home/saqib/linorobot2_ws/install/micro_ros_setup/./config/client_ros2_packages.txt
[1.584s] -- Up-to-date: /home/saqib/linorobot2_ws/install/micro_ros_setup/./config/utils.sh
[1.584s] -- Up-to-date: /home/saqib/linorobot2_ws/install/micro_ros_setup/./config/host
[1.592s] -- Up-to-date: /home/saqib/linorobot2_ws/install/micro_ros_setup/./config/host/generic
[1.595s] -- Up-to-date: /home/saqib/linorobot2_ws/install/micro_ros_setup/./config/host/generic/flash.sh
[1.600s] -- Up-to-date: /home/saqib/linorobot2_ws/install/micro_ros_setup/./config/host/generic/build.sh
[1.605s] -- Up-to-date: /home/saqib/linorobot2_ws/install/micro_ros_setup/./config/host/generic/create.sh
[1.606s] -- Up-to-date: /home/saqib/linorobot2_ws/install/micro_ros_setup/./config/host/generic/client_host_packages.repos
[1.608s] -- Up-to-date: /home/saqib/linorobot2_ws/install/micro_ros_setup/./config/host/generic/client-host-colcon.meta
[1.609s] -- Up-to-date: /home/saqib/linorobot2_ws/install/micro_ros_setup/./config/host/generic/package.xml
[1.610s] -- Up-to-date: /home/saqib/linorobot2_ws/install/micro_ros_setup/./config/host/dev_ros2_packages.txt
[1.611s] -- Up-to-date: /home/saqib/linorobot2_ws/install/micro_ros_setup/./config/host/client_ros2_packages.txt
[1.612s] -- Up-to-date: /home/saqib/linorobot2_ws/install/micro_ros_setup/./config/host/dev_uros_packages.repos
[1.614s] -- Up-to-date: /home/saqib/linorobot2_ws/install/micro_ros_setup/./config/android
[1.615s] -- Up-to-date: /home/saqib/linorobot2_ws/install/micro_ros_setup/./config/android/generic
[1.616s] -- Up-to-date: /home/saqib/linorobot2_ws/install/micro_ros_setup/./config/android/generic/flash.sh
[1.617s] -- Up-to-date: /home/saqib/linorobot2_ws/install/micro_ros_setup/./config/android/generic/client_uros_packages.repos
[1.618s] -- Up-to-date: /home/saqib/linorobot2_ws/install/micro_ros_setup/./config/android/generic/client-colcon.meta
[1.619s] -- Up-to-date: /home/saqib/linorobot2_ws/install/micro_ros_setup/./config/android/generic/build.sh
[1.621s] -- Up-to-date: /home/saqib/linorobot2_ws/install/micro_ros_setup/./config/android/generic/create.sh
[1.622s] -- Up-to-date: /home/saqib/linorobot2_ws/install/micro_ros_setup/./config/android/generic/package.xml
[1.623s] -- Up-to-date: /home/saqib/linorobot2_ws/install/micro_ros_setup/./config/android/dev_ros2_packages.txt
[1.624s] -- Up-to-date: /home/saqib/linorobot2_ws/install/micro_ros_setup/./config/android/dev_uros_packages.repos
[1.624s] -- Up-to-date: /home/saqib/linorobot2_ws/install/micro_ros_setup/./config/renesas_ra
[1.625s] -- Up-to-date: /home/saqib/linorobot2_ws/install/micro_ros_setup/./config/renesas_ra/list_apps.sh
[1.626s] -- Up-to-date: /home/saqib/linorobot2_ws/install/micro_ros_setup/./config/renesas_ra/dev_ros2_packages.txt
[1.627s] -- Up-to-date: /home/saqib/linorobot2_ws/install/micro_ros_setup/./config/renesas_ra/dev_uros_packages.repos
[1.628s] -- Up-to-date: /home/saqib/linorobot2_ws/install/micro_ros_setup/./config/renesas_ra/ra6m5
[1.628s] -- Up-to-date: /home/saqib/linorobot2_ws/install/micro_ros_setup/./config/renesas_ra/ra6m5/flash.sh
[1.629s] -- Up-to-date: /home/saqib/linorobot2_ws/install/micro_ros_setup/./config/renesas_ra/ra6m5/client_uros_packages.repos
[1.630s] -- Up-to-date: /home/saqib/linorobot2_ws/install/micro_ros_setup/./config/renesas_ra/ra6m5/client-colcon.meta
[1.631s] -- Up-to-date: /home/saqib/linorobot2_ws/install/micro_ros_setup/./config/renesas_ra/ra6m5/build.sh
[1.633s] -- Up-to-date: /home/saqib/linorobot2_ws/install/micro_ros_setup/./config/renesas_ra/ra6m5/create.sh
[1.634s] -- Up-to-date: /home/saqib/linorobot2_ws/install/micro_ros_setup/./config/renesas_ra/ra6m5/configure.sh
[1.636s] -- Up-to-date: /home/saqib/linorobot2_ws/install/micro_ros_setup/./config/renesas_ra/ra6m5/board.repos
[1.637s] -- Up-to-date: /home/saqib/linorobot2_ws/install/micro_ros_setup/./config/mbed
[1.638s] -- Up-to-date: /home/saqib/linorobot2_ws/install/micro_ros_setup/./config/mbed/list_apps.sh
[1.639s] -- Up-to-date: /home/saqib/linorobot2_ws/install/micro_ros_setup/./config/mbed/generic
[1.640s] -- Up-to-date: /home/saqib/linorobot2_ws/install/micro_ros_setup/./config/mbed/generic/flash.sh
[1.640s] -- Up-to-date: /home/saqib/linorobot2_ws/install/micro_ros_setup/./config/mbed/generic/client_uros_packages.repos
[1.641s] -- Up-to-date: /home/saqib/linorobot2_ws/install/micro_ros_setup/./config/mbed/generic/supported_platforms
[1.642s] -- Up-to-date: /home/saqib/linorobot2_ws/install/micro_ros_setup/./config/mbed/generic/build.sh
[1.643s] -- Up-to-date: /home/saqib/linorobot2_ws/install/micro_ros_setup/./config/mbed/generic/create.sh
[1.643s] -- Up-to-date: /home/saqib/linorobot2_ws/install/micro_ros_setup/./config/mbed/generic/board.repos
[1.645s] -- Up-to-date: /home/saqib/linorobot2_ws/install/micro_ros_setup/./config/mbed/generic/package.xml
[1.646s] -- Up-to-date: /home/saqib/linorobot2_ws/install/micro_ros_setup/./config/mbed/dev_ros2_packages.txt
[1.647s] -- Up-to-date: /home/saqib/linorobot2_ws/install/micro_ros_setup/./config/mbed/dev_uros_packages.repos
[1.648s] -- Up-to-date: /home/saqib/linorobot2_ws/install/micro_ros_setup/./config/agent_ros2_packages.txt
[1.649s] -- Up-to-date: /home/saqib/linorobot2_ws/install/micro_ros_setup/./config/raspbian
[1.650s] -- Up-to-date: /home/saqib/linorobot2_ws/install/micro_ros_setup/./config/raspbian/generic
[1.651s] -- Up-to-date: /home/saqib/linorobot2_ws/install/micro_ros_setup/./config/raspbian/generic/flash.sh
[1.652s] -- Up-to-date: /home/saqib/linorobot2_ws/install/micro_ros_setup/./config/raspbian/generic/client_uros_packages.repos
[1.653s] -- Up-to-date: /home/saqib/linorobot2_ws/install/micro_ros_setup/./config/raspbian/generic/supported_platforms
[1.654s] -- Up-to-date: /home/saqib/linorobot2_ws/install/micro_ros_setup/./config/raspbian/generic/client-colcon.meta
[1.654s] -- Up-to-date: /home/saqib/linorobot2_ws/install/micro_ros_setup/./config/raspbian/generic/build.sh
[1.655s] -- Up-to-date: /home/saqib/linorobot2_ws/install/micro_ros_setup/./config/raspbian/generic/create.sh
[1.656s] -- Up-to-date: /home/saqib/linorobot2_ws/install/micro_ros_setup/./config/raspbian/generic/configure.sh
[1.657s] -- Up-to-date: /home/saqib/linorobot2_ws/install/micro_ros_setup/./config/raspbian/dev_ros2_packages.txt
[1.658s] -- Up-to-date: /home/saqib/linorobot2_ws/install/micro_ros_setup/./config/raspbian/dev_uros_packages.repos
[1.661s] -- Up-to-date: /home/saqib/linorobot2_ws/install/micro_ros_setup/lib/micro_ros_setup/create_ws.sh
[1.662s] -- Up-to-date: /home/saqib/linorobot2_ws/install/micro_ros_setup/lib/micro_ros_setup/create_agent_ws.sh
[1.667s] -- Up-to-date: /home/saqib/linorobot2_ws/install/micro_ros_setup/lib/micro_ros_setup/create_firmware_ws.sh
[1.670s] -- Up-to-date: /home/saqib/linorobot2_ws/install/micro_ros_setup/lib/micro_ros_setup/configure_firmware.sh
[1.671s] -- Up-to-date: /home/saqib/linorobot2_ws/install/micro_ros_setup/lib/micro_ros_setup/flash_firmware.sh
[1.671s] -- Up-to-date: /home/saqib/linorobot2_ws/install/micro_ros_setup/lib/micro_ros_setup/build_firmware.sh
[1.671s] -- Up-to-date: /home/saqib/linorobot2_ws/install/micro_ros_setup/lib/micro_ros_setup/build_agent.sh
[1.672s] -- Up-to-date: /home/saqib/linorobot2_ws/install/micro_ros_setup/lib/micro_ros_setup/yaml_filter.py
[1.672s] -- Up-to-date: /home/saqib/linorobot2_ws/install/micro_ros_setup/lib/micro_ros_setup/clean_env.sh
[1.672s] -- Up-to-date: /home/saqib/linorobot2_ws/install/micro_ros_setup/lib/micro_ros_setup/component
[1.903s] Invoked command in '/home/saqib/linorobot2_ws/build/micro_ros_setup' returned '0': CMAKE_PREFIX_PATH=${CMAKE_PREFIX_PATH}:/opt/ros/humble /usr/bin/cmake --install /home/saqib/linorobot2_ws/build/micro_ros_setup
