[0.948s] Invoking command in '/home/saqib/linorobot2_ws/build/linorobot2': CMAKE_PREFIX_PATH=${CMAKE_PREFIX_PATH}:/opt/ros/humble /usr/bin/cmake --build /home/saqib/linorobot2_ws/build/linorobot2 -- -j4 -l4
[1.448s] Invoked command in '/home/saqib/linorobot2_ws/build/linorobot2' returned '0': CMAKE_PREFIX_PATH=${CMAKE_PREFIX_PATH}:/opt/ros/humble /usr/bin/cmake --build /home/saqib/linorobot2_ws/build/linorobot2 -- -j4 -l4
[2.050s] Invoking command in '/home/saqib/linorobot2_ws/build/linorobot2': CMAKE_PREFIX_PATH=${CMAKE_PREFIX_PATH}:/opt/ros/humble /usr/bin/cmake --install /home/saqib/linorobot2_ws/build/linorobot2
[2.141s] -- Install configuration: ""
[2.144s] -- Up-to-date: /home/saqib/linorobot2_ws/install/linorobot2/share/ament_index/resource_index/package_run_dependencies/linorobot2
[2.152s] -- Up-to-date: /home/saqib/linorobot2_ws/install/linorobot2/share/ament_index/resource_index/parent_prefix_path/linorobot2
[2.154s] -- Up-to-date: /home/saqib/linorobot2_ws/install/linorobot2/share/linorobot2/environment/ament_prefix_path.sh
[2.160s] -- Up-to-date: /home/saqib/linorobot2_ws/install/linorobot2/share/linorobot2/environment/ament_prefix_path.dsv
[2.164s] -- Up-to-date: /home/saqib/linorobot2_ws/install/linorobot2/share/linorobot2/environment/path.sh
[2.165s] -- Up-to-date: /home/saqib/linorobot2_ws/install/linorobot2/share/linorobot2/environment/path.dsv
[2.165s] -- Up-to-date: /home/saqib/linorobot2_ws/install/linorobot2/share/linorobot2/local_setup.bash
[2.166s] -- Up-to-date: /home/saqib/linorobot2_ws/install/linorobot2/share/linorobot2/local_setup.sh
[2.167s] -- Up-to-date: /home/saqib/linorobot2_ws/install/linorobot2/share/linorobot2/local_setup.zsh
[2.167s] -- Up-to-date: /home/saqib/linorobot2_ws/install/linorobot2/share/linorobot2/local_setup.dsv
[2.168s] -- Installing: /home/saqib/linorobot2_ws/install/linorobot2/share/linorobot2/package.dsv
[2.168s] -- Up-to-date: /home/saqib/linorobot2_ws/install/linorobot2/share/ament_index/resource_index/packages/linorobot2
[2.169s] -- Up-to-date: /home/saqib/linorobot2_ws/install/linorobot2/share/linorobot2/cmake/linorobot2Config.cmake
[2.220s] -- Up-to-date: /home/saqib/linorobot2_ws/install/linorobot2/share/linorobot2/cmake/linorobot2Config-version.cmake
[2.222s] -- Up-to-date: /home/saqib/linorobot2_ws/install/linorobot2/share/linorobot2/package.xml
[2.231s] Invoked command in '/home/saqib/linorobot2_ws/build/linorobot2' returned '0': CMAKE_PREFIX_PATH=${CMAKE_PREFIX_PATH}:/opt/ros/humble /usr/bin/cmake --install /home/saqib/linorobot2_ws/build/linorobot2
