[1.573s] Invoking command in '/home/saqib/linorobot2_ws/build/micro_ros_msgs': CMAKE_PREFIX_PATH=${CMAKE_PREFIX_PATH}:/opt/ros/humble /usr/bin/cmake --build /home/saqib/linorobot2_ws/build/micro_ros_msgs -- -j4 -l4
[1.984s] [  2%] Built target micro_ros_msgs__cpp
[2.017s] [ 12%] Built target micro_ros_msgs__rosidl_generator_c
[2.174s] [ 12%] Built target ament_cmake_python_copy_micro_ros_msgs
[2.327s] [ 34%] Built target micro_ros_msgs__rosidl_typesupport_introspection_cpp
[2.333s] [ 34%] Built target micro_ros_msgs__rosidl_typesupport_cpp
[2.334s] [ 44%] Built target micro_ros_msgs__rosidl_typesupport_fastrtps_cpp
[2.454s] [ 55%] Built target micro_ros_msgs__rosidl_typesupport_fastrtps_c
[2.570s] [ 65%] Built target micro_ros_msgs__rosidl_typesupport_introspection_c
[2.652s] [ 76%] Built target micro_ros_msgs__rosidl_typesupport_c
[2.748s] [ 76%] Built target micro_ros_msgs
[2.904s] [ 78%] Built target micro_ros_msgs__py
[3.095s] [ 87%] Built target micro_ros_msgs__rosidl_generator_py
[3.267s] [ 91%] Built target micro_ros_msgs__rosidl_typesupport_introspection_c__pyext
[3.358s] [ 95%] Built target micro_ros_msgs__rosidl_typesupport_fastrtps_c__pyext
[3.360s] [100%] Built target micro_ros_msgs__rosidl_typesupport_c__pyext
[4.270s] running egg_info
[4.278s] writing micro_ros_msgs.egg-info/PKG-INFO
[4.280s] writing dependency_links to micro_ros_msgs.egg-info/dependency_links.txt
[4.281s] writing top-level names to micro_ros_msgs.egg-info/top_level.txt
[4.289s] reading manifest file 'micro_ros_msgs.egg-info/SOURCES.txt'
[4.296s] writing manifest file 'micro_ros_msgs.egg-info/SOURCES.txt'
[4.500s] [100%] Built target ament_cmake_python_build_micro_ros_msgs_egg
[6.131s] Invoked command in '/home/saqib/linorobot2_ws/build/micro_ros_msgs' returned '0': CMAKE_PREFIX_PATH=${CMAKE_PREFIX_PATH}:/opt/ros/humble /usr/bin/cmake --build /home/saqib/linorobot2_ws/build/micro_ros_msgs -- -j4 -l4
[7.435s] Invoking command in '/home/saqib/linorobot2_ws/build/micro_ros_msgs': CMAKE_PREFIX_PATH=${CMAKE_PREFIX_PATH}:/opt/ros/humble /usr/bin/cmake --install /home/saqib/linorobot2_ws/build/micro_ros_msgs
[7.500s] -- Install configuration: ""
[7.516s] -- Up-to-date: /home/saqib/linorobot2_ws/install/micro_ros_msgs/share/ament_index/resource_index/rosidl_interfaces/micro_ros_msgs
[7.525s] -- Up-to-date: /home/saqib/linorobot2_ws/install/micro_ros_msgs/include/micro_ros_msgs/micro_ros_msgs
[7.540s] -- Up-to-date: /home/saqib/linorobot2_ws/install/micro_ros_msgs/include/micro_ros_msgs/micro_ros_msgs/msg
[7.542s] -- Up-to-date: /home/saqib/linorobot2_ws/install/micro_ros_msgs/include/micro_ros_msgs/micro_ros_msgs/msg/node.h
[7.544s] -- Up-to-date: /home/saqib/linorobot2_ws/install/micro_ros_msgs/include/micro_ros_msgs/micro_ros_msgs/msg/detail
[7.545s] -- Up-to-date: /home/saqib/linorobot2_ws/install/micro_ros_msgs/include/micro_ros_msgs/micro_ros_msgs/msg/detail/graph__functions.h
[7.547s] -- Up-to-date: /home/saqib/linorobot2_ws/install/micro_ros_msgs/include/micro_ros_msgs/micro_ros_msgs/msg/detail/entity__functions.h
[7.548s] -- Up-to-date: /home/saqib/linorobot2_ws/install/micro_ros_msgs/include/micro_ros_msgs/micro_ros_msgs/msg/detail/graph__struct.h
[7.549s] -- Up-to-date: /home/saqib/linorobot2_ws/install/micro_ros_msgs/include/micro_ros_msgs/micro_ros_msgs/msg/detail/node__functions.c
[7.549s] -- Up-to-date: /home/saqib/linorobot2_ws/install/micro_ros_msgs/include/micro_ros_msgs/micro_ros_msgs/msg/detail/node__type_support.h
[7.550s] -- Up-to-date: /home/saqib/linorobot2_ws/install/micro_ros_msgs/include/micro_ros_msgs/micro_ros_msgs/msg/detail/node__functions.h
[7.550s] -- Up-to-date: /home/saqib/linorobot2_ws/install/micro_ros_msgs/include/micro_ros_msgs/micro_ros_msgs/msg/detail/entity__type_support.h
[7.551s] -- Up-to-date: /home/saqib/linorobot2_ws/install/micro_ros_msgs/include/micro_ros_msgs/micro_ros_msgs/msg/detail/graph__type_support.h
[7.552s] -- Up-to-date: /home/saqib/linorobot2_ws/install/micro_ros_msgs/include/micro_ros_msgs/micro_ros_msgs/msg/detail/graph__functions.c
[7.553s] -- Up-to-date: /home/saqib/linorobot2_ws/install/micro_ros_msgs/include/micro_ros_msgs/micro_ros_msgs/msg/detail/entity__functions.c
[7.553s] -- Up-to-date: /home/saqib/linorobot2_ws/install/micro_ros_msgs/include/micro_ros_msgs/micro_ros_msgs/msg/detail/node__struct.h
[7.554s] -- Up-to-date: /home/saqib/linorobot2_ws/install/micro_ros_msgs/include/micro_ros_msgs/micro_ros_msgs/msg/detail/entity__struct.h
[7.554s] -- Up-to-date: /home/saqib/linorobot2_ws/install/micro_ros_msgs/include/micro_ros_msgs/micro_ros_msgs/msg/graph.h
[7.570s] -- Up-to-date: /home/saqib/linorobot2_ws/install/micro_ros_msgs/include/micro_ros_msgs/micro_ros_msgs/msg/rosidl_generator_c__visibility_control.h
[7.570s] -- Up-to-date: /home/saqib/linorobot2_ws/install/micro_ros_msgs/include/micro_ros_msgs/micro_ros_msgs/msg/entity.h
[7.571s] -- Up-to-date: /home/saqib/linorobot2_ws/install/micro_ros_msgs/share/micro_ros_msgs/environment/library_path.sh
[7.572s] -- Up-to-date: /home/saqib/linorobot2_ws/install/micro_ros_msgs/share/micro_ros_msgs/environment/library_path.dsv
[7.573s] -- Up-to-date: /home/saqib/linorobot2_ws/install/micro_ros_msgs/lib/libmicro_ros_msgs__rosidl_generator_c.so
[7.574s] -- Up-to-date: /home/saqib/linorobot2_ws/install/micro_ros_msgs/include/micro_ros_msgs/micro_ros_msgs
[7.575s] -- Up-to-date: /home/saqib/linorobot2_ws/install/micro_ros_msgs/include/micro_ros_msgs/micro_ros_msgs/msg
[7.576s] -- Up-to-date: /home/saqib/linorobot2_ws/install/micro_ros_msgs/include/micro_ros_msgs/micro_ros_msgs/msg/detail
[7.577s] -- Up-to-date: /home/saqib/linorobot2_ws/install/micro_ros_msgs/include/micro_ros_msgs/micro_ros_msgs/msg/detail/node__rosidl_typesupport_fastrtps_c.h
[7.577s] -- Up-to-date: /home/saqib/linorobot2_ws/install/micro_ros_msgs/include/micro_ros_msgs/micro_ros_msgs/msg/detail/graph__rosidl_typesupport_fastrtps_c.h
[7.577s] -- Up-to-date: /home/saqib/linorobot2_ws/install/micro_ros_msgs/include/micro_ros_msgs/micro_ros_msgs/msg/detail/entity__rosidl_typesupport_fastrtps_c.h
[7.578s] -- Up-to-date: /home/saqib/linorobot2_ws/install/micro_ros_msgs/include/micro_ros_msgs/micro_ros_msgs/msg/rosidl_typesupport_fastrtps_c__visibility_control.h
[7.578s] -- Up-to-date: /home/saqib/linorobot2_ws/install/micro_ros_msgs/lib/libmicro_ros_msgs__rosidl_typesupport_fastrtps_c.so
[7.580s] -- Up-to-date: /home/saqib/linorobot2_ws/install/micro_ros_msgs/include/micro_ros_msgs/micro_ros_msgs
[7.584s] -- Up-to-date: /home/saqib/linorobot2_ws/install/micro_ros_msgs/include/micro_ros_msgs/micro_ros_msgs/msg
[7.586s] -- Up-to-date: /home/saqib/linorobot2_ws/install/micro_ros_msgs/include/micro_ros_msgs/micro_ros_msgs/msg/rosidl_typesupport_introspection_c__visibility_control.h
[7.587s] -- Up-to-date: /home/saqib/linorobot2_ws/install/micro_ros_msgs/include/micro_ros_msgs/micro_ros_msgs/msg/detail
[7.588s] -- Up-to-date: /home/saqib/linorobot2_ws/install/micro_ros_msgs/include/micro_ros_msgs/micro_ros_msgs/msg/detail/entity__rosidl_typesupport_introspection_c.h
[7.589s] -- Up-to-date: /home/saqib/linorobot2_ws/install/micro_ros_msgs/include/micro_ros_msgs/micro_ros_msgs/msg/detail/graph__rosidl_typesupport_introspection_c.h
[7.589s] -- Up-to-date: /home/saqib/linorobot2_ws/install/micro_ros_msgs/include/micro_ros_msgs/micro_ros_msgs/msg/detail/node__rosidl_typesupport_introspection_c.h
[7.590s] -- Up-to-date: /home/saqib/linorobot2_ws/install/micro_ros_msgs/include/micro_ros_msgs/micro_ros_msgs/msg/detail/entity__type_support.c
[7.593s] -- Up-to-date: /home/saqib/linorobot2_ws/install/micro_ros_msgs/include/micro_ros_msgs/micro_ros_msgs/msg/detail/node__type_support.c
[7.598s] -- Up-to-date: /home/saqib/linorobot2_ws/install/micro_ros_msgs/include/micro_ros_msgs/micro_ros_msgs/msg/detail/graph__type_support.c
[7.602s] -- Up-to-date: /home/saqib/linorobot2_ws/install/micro_ros_msgs/lib/libmicro_ros_msgs__rosidl_typesupport_introspection_c.so
[7.603s] -- Up-to-date: /home/saqib/linorobot2_ws/install/micro_ros_msgs/lib/libmicro_ros_msgs__rosidl_typesupport_c.so
[7.603s] -- Up-to-date: /home/saqib/linorobot2_ws/install/micro_ros_msgs/include/micro_ros_msgs/micro_ros_msgs
[7.604s] -- Up-to-date: /home/saqib/linorobot2_ws/install/micro_ros_msgs/include/micro_ros_msgs/micro_ros_msgs/msg
[7.605s] -- Up-to-date: /home/saqib/linorobot2_ws/install/micro_ros_msgs/include/micro_ros_msgs/micro_ros_msgs/msg/graph.hpp
[7.605s] -- Up-to-date: /home/saqib/linorobot2_ws/install/micro_ros_msgs/include/micro_ros_msgs/micro_ros_msgs/msg/detail
[7.606s] -- Up-to-date: /home/saqib/linorobot2_ws/install/micro_ros_msgs/include/micro_ros_msgs/micro_ros_msgs/msg/detail/graph__traits.hpp
[7.606s] -- Up-to-date: /home/saqib/linorobot2_ws/install/micro_ros_msgs/include/micro_ros_msgs/micro_ros_msgs/msg/detail/node__builder.hpp
[7.606s] -- Up-to-date: /home/saqib/linorobot2_ws/install/micro_ros_msgs/include/micro_ros_msgs/micro_ros_msgs/msg/detail/graph__builder.hpp
[7.613s] -- Up-to-date: /home/saqib/linorobot2_ws/install/micro_ros_msgs/include/micro_ros_msgs/micro_ros_msgs/msg/detail/entity__struct.hpp
[7.615s] -- Up-to-date: /home/saqib/linorobot2_ws/install/micro_ros_msgs/include/micro_ros_msgs/micro_ros_msgs/msg/detail/graph__struct.hpp
[7.616s] -- Up-to-date: /home/saqib/linorobot2_ws/install/micro_ros_msgs/include/micro_ros_msgs/micro_ros_msgs/msg/detail/node__struct.hpp
[7.617s] -- Up-to-date: /home/saqib/linorobot2_ws/install/micro_ros_msgs/include/micro_ros_msgs/micro_ros_msgs/msg/detail/node__traits.hpp
[7.617s] -- Up-to-date: /home/saqib/linorobot2_ws/install/micro_ros_msgs/include/micro_ros_msgs/micro_ros_msgs/msg/detail/entity__builder.hpp
[7.617s] -- Up-to-date: /home/saqib/linorobot2_ws/install/micro_ros_msgs/include/micro_ros_msgs/micro_ros_msgs/msg/detail/entity__traits.hpp
[7.618s] -- Up-to-date: /home/saqib/linorobot2_ws/install/micro_ros_msgs/include/micro_ros_msgs/micro_ros_msgs/msg/node.hpp
[7.618s] -- Up-to-date: /home/saqib/linorobot2_ws/install/micro_ros_msgs/include/micro_ros_msgs/micro_ros_msgs/msg/entity.hpp
[7.624s] -- Up-to-date: /home/saqib/linorobot2_ws/install/micro_ros_msgs/include/micro_ros_msgs/micro_ros_msgs
[7.624s] -- Up-to-date: /home/saqib/linorobot2_ws/install/micro_ros_msgs/include/micro_ros_msgs/micro_ros_msgs/msg
[7.625s] -- Up-to-date: /home/saqib/linorobot2_ws/install/micro_ros_msgs/include/micro_ros_msgs/micro_ros_msgs/msg/detail
[7.632s] -- Up-to-date: /home/saqib/linorobot2_ws/install/micro_ros_msgs/include/micro_ros_msgs/micro_ros_msgs/msg/detail/node__rosidl_typesupport_fastrtps_cpp.hpp
[7.632s] -- Up-to-date: /home/saqib/linorobot2_ws/install/micro_ros_msgs/include/micro_ros_msgs/micro_ros_msgs/msg/detail/entity__rosidl_typesupport_fastrtps_cpp.hpp
[7.633s] -- Up-to-date: /home/saqib/linorobot2_ws/install/micro_ros_msgs/include/micro_ros_msgs/micro_ros_msgs/msg/detail/graph__rosidl_typesupport_fastrtps_cpp.hpp
[7.633s] -- Up-to-date: /home/saqib/linorobot2_ws/install/micro_ros_msgs/include/micro_ros_msgs/micro_ros_msgs/msg/detail/dds_fastrtps
[7.634s] -- Up-to-date: /home/saqib/linorobot2_ws/install/micro_ros_msgs/include/micro_ros_msgs/micro_ros_msgs/msg/rosidl_typesupport_fastrtps_cpp__visibility_control.h
[7.645s] -- Up-to-date: /home/saqib/linorobot2_ws/install/micro_ros_msgs/lib/libmicro_ros_msgs__rosidl_typesupport_fastrtps_cpp.so
[7.647s] -- Up-to-date: /home/saqib/linorobot2_ws/install/micro_ros_msgs/include/micro_ros_msgs/micro_ros_msgs
[7.653s] -- Up-to-date: /home/saqib/linorobot2_ws/install/micro_ros_msgs/include/micro_ros_msgs/micro_ros_msgs/msg
[7.654s] -- Up-to-date: /home/saqib/linorobot2_ws/install/micro_ros_msgs/include/micro_ros_msgs/micro_ros_msgs/msg/detail
[7.655s] -- Up-to-date: /home/saqib/linorobot2_ws/install/micro_ros_msgs/include/micro_ros_msgs/micro_ros_msgs/msg/detail/node__type_support.cpp
[7.661s] -- Up-to-date: /home/saqib/linorobot2_ws/install/micro_ros_msgs/include/micro_ros_msgs/micro_ros_msgs/msg/detail/node__rosidl_typesupport_introspection_cpp.hpp
[7.662s] -- Up-to-date: /home/saqib/linorobot2_ws/install/micro_ros_msgs/include/micro_ros_msgs/micro_ros_msgs/msg/detail/entity__type_support.cpp
[7.663s] -- Up-to-date: /home/saqib/linorobot2_ws/install/micro_ros_msgs/include/micro_ros_msgs/micro_ros_msgs/msg/detail/graph__rosidl_typesupport_introspection_cpp.hpp
[7.663s] -- Up-to-date: /home/saqib/linorobot2_ws/install/micro_ros_msgs/include/micro_ros_msgs/micro_ros_msgs/msg/detail/entity__rosidl_typesupport_introspection_cpp.hpp
[7.664s] -- Up-to-date: /home/saqib/linorobot2_ws/install/micro_ros_msgs/include/micro_ros_msgs/micro_ros_msgs/msg/detail/graph__type_support.cpp
[7.669s] -- Up-to-date: /home/saqib/linorobot2_ws/install/micro_ros_msgs/lib/libmicro_ros_msgs__rosidl_typesupport_introspection_cpp.so
[7.670s] -- Up-to-date: /home/saqib/linorobot2_ws/install/micro_ros_msgs/lib/libmicro_ros_msgs__rosidl_typesupport_cpp.so
[7.670s] -- Up-to-date: /home/saqib/linorobot2_ws/install/micro_ros_msgs/share/micro_ros_msgs/environment/pythonpath.sh
[7.716s] -- Up-to-date: /home/saqib/linorobot2_ws/install/micro_ros_msgs/share/micro_ros_msgs/environment/pythonpath.dsv
[7.718s] -- Up-to-date: /home/saqib/linorobot2_ws/install/micro_ros_msgs/local/lib/python3.10/dist-packages/micro_ros_msgs-3.0.0-py3.10.egg-info
[7.752s] -- Installing: /home/saqib/linorobot2_ws/install/micro_ros_msgs/local/lib/python3.10/dist-packages/micro_ros_msgs-3.0.0-py3.10.egg-info/dependency_links.txt
[7.754s] -- Installing: /home/saqib/linorobot2_ws/install/micro_ros_msgs/local/lib/python3.10/dist-packages/micro_ros_msgs-3.0.0-py3.10.egg-info/SOURCES.txt
[7.755s] -- Installing: /home/saqib/linorobot2_ws/install/micro_ros_msgs/local/lib/python3.10/dist-packages/micro_ros_msgs-3.0.0-py3.10.egg-info/top_level.txt
[7.755s] -- Installing: /home/saqib/linorobot2_ws/install/micro_ros_msgs/local/lib/python3.10/dist-packages/micro_ros_msgs-3.0.0-py3.10.egg-info/PKG-INFO
[7.756s] -- Up-to-date: /home/saqib/linorobot2_ws/install/micro_ros_msgs/local/lib/python3.10/dist-packages/micro_ros_msgs
[7.757s] -- Up-to-date: /home/saqib/linorobot2_ws/install/micro_ros_msgs/local/lib/python3.10/dist-packages/micro_ros_msgs/msg
[7.757s] -- Up-to-date: /home/saqib/linorobot2_ws/install/micro_ros_msgs/local/lib/python3.10/dist-packages/micro_ros_msgs/msg/__init__.py
[7.758s] -- Up-to-date: /home/saqib/linorobot2_ws/install/micro_ros_msgs/local/lib/python3.10/dist-packages/micro_ros_msgs/msg/_entity.py
[7.759s] -- Up-to-date: /home/saqib/linorobot2_ws/install/micro_ros_msgs/local/lib/python3.10/dist-packages/micro_ros_msgs/msg/_node.py
[7.759s] -- Up-to-date: /home/saqib/linorobot2_ws/install/micro_ros_msgs/local/lib/python3.10/dist-packages/micro_ros_msgs/msg/_node_s.c
[7.760s] -- Up-to-date: /home/saqib/linorobot2_ws/install/micro_ros_msgs/local/lib/python3.10/dist-packages/micro_ros_msgs/msg/_graph.py
[7.761s] -- Up-to-date: /home/saqib/linorobot2_ws/install/micro_ros_msgs/local/lib/python3.10/dist-packages/micro_ros_msgs/msg/_graph_s.c
[7.761s] -- Up-to-date: /home/saqib/linorobot2_ws/install/micro_ros_msgs/local/lib/python3.10/dist-packages/micro_ros_msgs/msg/_entity_s.c
[7.762s] -- Up-to-date: /home/saqib/linorobot2_ws/install/micro_ros_msgs/local/lib/python3.10/dist-packages/micro_ros_msgs/_micro_ros_msgs_s.ep.rosidl_typesupport_fastrtps_c.c
[7.762s] -- Up-to-date: /home/saqib/linorobot2_ws/install/micro_ros_msgs/local/lib/python3.10/dist-packages/micro_ros_msgs/libmicro_ros_msgs__rosidl_generator_py.so
[7.767s] -- Up-to-date: /home/saqib/linorobot2_ws/install/micro_ros_msgs/local/lib/python3.10/dist-packages/micro_ros_msgs/micro_ros_msgs_s__rosidl_typesupport_introspection_c.cpython-310-aarch64-linux-gnu.so
[7.768s] -- Up-to-date: /home/saqib/linorobot2_ws/install/micro_ros_msgs/local/lib/python3.10/dist-packages/micro_ros_msgs/__init__.py
[7.769s] -- Up-to-date: /home/saqib/linorobot2_ws/install/micro_ros_msgs/local/lib/python3.10/dist-packages/micro_ros_msgs/_micro_ros_msgs_s.ep.rosidl_typesupport_introspection_c.c
[7.770s] -- Up-to-date: /home/saqib/linorobot2_ws/install/micro_ros_msgs/local/lib/python3.10/dist-packages/micro_ros_msgs/micro_ros_msgs_s__rosidl_typesupport_fastrtps_c.cpython-310-aarch64-linux-gnu.so
[7.771s] -- Up-to-date: /home/saqib/linorobot2_ws/install/micro_ros_msgs/local/lib/python3.10/dist-packages/micro_ros_msgs/micro_ros_msgs_s__rosidl_typesupport_c.cpython-310-aarch64-linux-gnu.so
[7.772s] -- Up-to-date: /home/saqib/linorobot2_ws/install/micro_ros_msgs/local/lib/python3.10/dist-packages/micro_ros_msgs/_micro_ros_msgs_s.ep.rosidl_typesupport_c.c
[8.014s] Listing '/home/saqib/linorobot2_ws/install/micro_ros_msgs/local/lib/python3.10/dist-packages/micro_ros_msgs'...
[8.016s] Listing '/home/saqib/linorobot2_ws/install/micro_ros_msgs/local/lib/python3.10/dist-packages/micro_ros_msgs/msg'...
[8.217s] -- Up-to-date: /home/saqib/linorobot2_ws/install/micro_ros_msgs/local/lib/python3.10/dist-packages/micro_ros_msgs/micro_ros_msgs_s__rosidl_typesupport_fastrtps_c.cpython-310-aarch64-linux-gnu.so
[8.220s] -- Up-to-date: /home/saqib/linorobot2_ws/install/micro_ros_msgs/local/lib/python3.10/dist-packages/micro_ros_msgs/micro_ros_msgs_s__rosidl_typesupport_introspection_c.cpython-310-aarch64-linux-gnu.so
[8.222s] -- Up-to-date: /home/saqib/linorobot2_ws/install/micro_ros_msgs/local/lib/python3.10/dist-packages/micro_ros_msgs/micro_ros_msgs_s__rosidl_typesupport_c.cpython-310-aarch64-linux-gnu.so
[8.225s] -- Up-to-date: /home/saqib/linorobot2_ws/install/micro_ros_msgs/lib/libmicro_ros_msgs__rosidl_generator_py.so
[8.227s] -- Up-to-date: /home/saqib/linorobot2_ws/install/micro_ros_msgs/share/micro_ros_msgs/msg/Graph.idl
[8.228s] -- Up-to-date: /home/saqib/linorobot2_ws/install/micro_ros_msgs/share/micro_ros_msgs/msg/Node.idl
[8.231s] -- Up-to-date: /home/saqib/linorobot2_ws/install/micro_ros_msgs/share/micro_ros_msgs/msg/Entity.idl
[8.233s] -- Up-to-date: /home/saqib/linorobot2_ws/install/micro_ros_msgs/share/micro_ros_msgs/msg/Graph.msg
[8.234s] -- Up-to-date: /home/saqib/linorobot2_ws/install/micro_ros_msgs/share/micro_ros_msgs/msg/Node.msg
[8.234s] -- Up-to-date: /home/saqib/linorobot2_ws/install/micro_ros_msgs/share/micro_ros_msgs/msg/Entity.msg
[8.236s] -- Up-to-date: /home/saqib/linorobot2_ws/install/micro_ros_msgs/share/ament_index/resource_index/package_run_dependencies/micro_ros_msgs
[8.237s] -- Up-to-date: /home/saqib/linorobot2_ws/install/micro_ros_msgs/share/ament_index/resource_index/parent_prefix_path/micro_ros_msgs
[8.238s] -- Up-to-date: /home/saqib/linorobot2_ws/install/micro_ros_msgs/share/micro_ros_msgs/environment/ament_prefix_path.sh
[8.239s] -- Up-to-date: /home/saqib/linorobot2_ws/install/micro_ros_msgs/share/micro_ros_msgs/environment/ament_prefix_path.dsv
[8.240s] -- Up-to-date: /home/saqib/linorobot2_ws/install/micro_ros_msgs/share/micro_ros_msgs/environment/path.sh
[8.242s] -- Up-to-date: /home/saqib/linorobot2_ws/install/micro_ros_msgs/share/micro_ros_msgs/environment/path.dsv
[8.242s] -- Up-to-date: /home/saqib/linorobot2_ws/install/micro_ros_msgs/share/micro_ros_msgs/local_setup.bash
[8.244s] -- Up-to-date: /home/saqib/linorobot2_ws/install/micro_ros_msgs/share/micro_ros_msgs/local_setup.sh
[8.248s] -- Up-to-date: /home/saqib/linorobot2_ws/install/micro_ros_msgs/share/micro_ros_msgs/local_setup.zsh
[8.251s] -- Up-to-date: /home/saqib/linorobot2_ws/install/micro_ros_msgs/share/micro_ros_msgs/local_setup.dsv
[8.252s] -- Installing: /home/saqib/linorobot2_ws/install/micro_ros_msgs/share/micro_ros_msgs/package.dsv
[8.253s] -- Up-to-date: /home/saqib/linorobot2_ws/install/micro_ros_msgs/share/ament_index/resource_index/packages/micro_ros_msgs
[8.255s] -- Up-to-date: /home/saqib/linorobot2_ws/install/micro_ros_msgs/share/micro_ros_msgs/cmake/export_micro_ros_msgs__rosidl_generator_cExport.cmake
[8.256s] -- Up-to-date: /home/saqib/linorobot2_ws/install/micro_ros_msgs/share/micro_ros_msgs/cmake/export_micro_ros_msgs__rosidl_generator_cExport-noconfig.cmake
[8.257s] -- Up-to-date: /home/saqib/linorobot2_ws/install/micro_ros_msgs/share/micro_ros_msgs/cmake/export_micro_ros_msgs__rosidl_typesupport_fastrtps_cExport.cmake
[8.263s] -- Up-to-date: /home/saqib/linorobot2_ws/install/micro_ros_msgs/share/micro_ros_msgs/cmake/export_micro_ros_msgs__rosidl_typesupport_fastrtps_cExport-noconfig.cmake
[8.266s] -- Up-to-date: /home/saqib/linorobot2_ws/install/micro_ros_msgs/share/micro_ros_msgs/cmake/micro_ros_msgs__rosidl_typesupport_introspection_cExport.cmake
[8.266s] -- Up-to-date: /home/saqib/linorobot2_ws/install/micro_ros_msgs/share/micro_ros_msgs/cmake/micro_ros_msgs__rosidl_typesupport_introspection_cExport-noconfig.cmake
[8.266s] -- Up-to-date: /home/saqib/linorobot2_ws/install/micro_ros_msgs/share/micro_ros_msgs/cmake/micro_ros_msgs__rosidl_typesupport_cExport.cmake
[8.267s] -- Up-to-date: /home/saqib/linorobot2_ws/install/micro_ros_msgs/share/micro_ros_msgs/cmake/micro_ros_msgs__rosidl_typesupport_cExport-noconfig.cmake
[8.268s] -- Up-to-date: /home/saqib/linorobot2_ws/install/micro_ros_msgs/share/micro_ros_msgs/cmake/export_micro_ros_msgs__rosidl_generator_cppExport.cmake
[8.268s] -- Up-to-date: /home/saqib/linorobot2_ws/install/micro_ros_msgs/share/micro_ros_msgs/cmake/export_micro_ros_msgs__rosidl_typesupport_fastrtps_cppExport.cmake
[8.269s] -- Up-to-date: /home/saqib/linorobot2_ws/install/micro_ros_msgs/share/micro_ros_msgs/cmake/export_micro_ros_msgs__rosidl_typesupport_fastrtps_cppExport-noconfig.cmake
[8.269s] -- Up-to-date: /home/saqib/linorobot2_ws/install/micro_ros_msgs/share/micro_ros_msgs/cmake/micro_ros_msgs__rosidl_typesupport_introspection_cppExport.cmake
[8.269s] -- Up-to-date: /home/saqib/linorobot2_ws/install/micro_ros_msgs/share/micro_ros_msgs/cmake/micro_ros_msgs__rosidl_typesupport_introspection_cppExport-noconfig.cmake
[8.270s] -- Up-to-date: /home/saqib/linorobot2_ws/install/micro_ros_msgs/share/micro_ros_msgs/cmake/micro_ros_msgs__rosidl_typesupport_cppExport.cmake
[8.270s] -- Up-to-date: /home/saqib/linorobot2_ws/install/micro_ros_msgs/share/micro_ros_msgs/cmake/micro_ros_msgs__rosidl_typesupport_cppExport-noconfig.cmake
[8.271s] -- Up-to-date: /home/saqib/linorobot2_ws/install/micro_ros_msgs/share/micro_ros_msgs/cmake/export_micro_ros_msgs__rosidl_generator_pyExport.cmake
[8.271s] -- Up-to-date: /home/saqib/linorobot2_ws/install/micro_ros_msgs/share/micro_ros_msgs/cmake/export_micro_ros_msgs__rosidl_generator_pyExport-noconfig.cmake
[8.272s] -- Up-to-date: /home/saqib/linorobot2_ws/install/micro_ros_msgs/share/micro_ros_msgs/cmake/rosidl_cmake-extras.cmake
[8.272s] -- Up-to-date: /home/saqib/linorobot2_ws/install/micro_ros_msgs/share/micro_ros_msgs/cmake/ament_cmake_export_include_directories-extras.cmake
[8.273s] -- Up-to-date: /home/saqib/linorobot2_ws/install/micro_ros_msgs/share/micro_ros_msgs/cmake/ament_cmake_export_libraries-extras.cmake
[8.273s] -- Up-to-date: /home/saqib/linorobot2_ws/install/micro_ros_msgs/share/micro_ros_msgs/cmake/ament_cmake_export_targets-extras.cmake
[8.274s] -- Up-to-date: /home/saqib/linorobot2_ws/install/micro_ros_msgs/share/micro_ros_msgs/cmake/rosidl_cmake_export_typesupport_targets-extras.cmake
[8.274s] -- Up-to-date: /home/saqib/linorobot2_ws/install/micro_ros_msgs/share/micro_ros_msgs/cmake/ament_cmake_export_dependencies-extras.cmake
[8.275s] -- Up-to-date: /home/saqib/linorobot2_ws/install/micro_ros_msgs/share/micro_ros_msgs/cmake/rosidl_cmake_export_typesupport_libraries-extras.cmake
[8.275s] -- Up-to-date: /home/saqib/linorobot2_ws/install/micro_ros_msgs/share/micro_ros_msgs/cmake/micro_ros_msgsConfig.cmake
[8.276s] -- Up-to-date: /home/saqib/linorobot2_ws/install/micro_ros_msgs/share/micro_ros_msgs/cmake/micro_ros_msgsConfig-version.cmake
[8.276s] -- Up-to-date: /home/saqib/linorobot2_ws/install/micro_ros_msgs/share/micro_ros_msgs/package.xml
[8.489s] Invoked command in '/home/saqib/linorobot2_ws/build/micro_ros_msgs' returned '0': CMAKE_PREFIX_PATH=${CMAKE_PREFIX_PATH}:/opt/ros/humble /usr/bin/cmake --install /home/saqib/linorobot2_ws/build/micro_ros_msgs
