[0.845s] Invoking command in '/home/saqib/linorobot2_ws/build/linorobot2': CMAKE_PREFIX_PATH=${CMAKE_PREFIX_PATH}:/opt/ros/humble /usr/bin/cmake --build /home/saqib/linorobot2_ws/build/linorobot2 -- -j4 -l4
[1.174s] Invoked command in '/home/saqib/linorobot2_ws/build/linorobot2' returned '0': CMAKE_PREFIX_PATH=${CMAKE_PREFIX_PATH}:/opt/ros/humble /usr/bin/cmake --build /home/saqib/linorobot2_ws/build/linorobot2 -- -j4 -l4
[1.772s] Invoking command in '/home/saqib/linorobot2_ws/build/linorobot2': CMAKE_PREFIX_PATH=${CMAKE_PREFIX_PATH}:/opt/ros/humble /usr/bin/cmake --install /home/saqib/linorobot2_ws/build/linorobot2
[1.886s] -- Install configuration: ""
[1.887s] -- Up-to-date: /home/saqib/linorobot2_ws/install/linorobot2/share/ament_index/resource_index/package_run_dependencies/linorobot2
[1.887s] -- Up-to-date: /home/saqib/linorobot2_ws/install/linorobot2/share/ament_index/resource_index/parent_prefix_path/linorobot2
[1.888s] -- Up-to-date: /home/saqib/linorobot2_ws/install/linorobot2/share/linorobot2/environment/ament_prefix_path.sh
[1.889s] -- Up-to-date: /home/saqib/linorobot2_ws/install/linorobot2/share/linorobot2/environment/ament_prefix_path.dsv
[1.889s] -- Up-to-date: /home/saqib/linorobot2_ws/install/linorobot2/share/linorobot2/environment/path.sh
[1.890s] -- Up-to-date: /home/saqib/linorobot2_ws/install/linorobot2/share/linorobot2/environment/path.dsv
[1.890s] -- Up-to-date: /home/saqib/linorobot2_ws/install/linorobot2/share/linorobot2/local_setup.bash
[1.891s] -- Up-to-date: /home/saqib/linorobot2_ws/install/linorobot2/share/linorobot2/local_setup.sh
[1.892s] -- Up-to-date: /home/saqib/linorobot2_ws/install/linorobot2/share/linorobot2/local_setup.zsh
[1.893s] -- Up-to-date: /home/saqib/linorobot2_ws/install/linorobot2/share/linorobot2/local_setup.dsv
[1.894s] -- Installing: /home/saqib/linorobot2_ws/install/linorobot2/share/linorobot2/package.dsv
[1.895s] -- Up-to-date: /home/saqib/linorobot2_ws/install/linorobot2/share/ament_index/resource_index/packages/linorobot2
[1.895s] -- Up-to-date: /home/saqib/linorobot2_ws/install/linorobot2/share/linorobot2/cmake/linorobot2Config.cmake
[1.896s] -- Up-to-date: /home/saqib/linorobot2_ws/install/linorobot2/share/linorobot2/cmake/linorobot2Config-version.cmake
[1.896s] -- Up-to-date: /home/saqib/linorobot2_ws/install/linorobot2/share/linorobot2/package.xml
[2.599s] Invoked command in '/home/saqib/linorobot2_ws/build/linorobot2' returned '0': CMAKE_PREFIX_PATH=${CMAKE_PREFIX_PATH}:/opt/ros/humble /usr/bin/cmake --install /home/saqib/linorobot2_ws/build/linorobot2
