[1.728s] Invoking command in '/home/saqib/linorobot2_ws/build/ldlidar_sl_ros2': CMAKE_PREFIX_PATH=${CMAKE_PREFIX_PATH}:/opt/ros/humble /usr/bin/cmake --build /home/saqib/linorobot2_ws/build/ldlidar_sl_ros2 -- -j4 -l4
[2.186s] [100%] Built target ldlidar_sl_ros2_node
[2.388s] Invoked command in '/home/saqib/linorobot2_ws/build/ldlidar_sl_ros2' returned '0': CMAKE_PREFIX_PATH=${CMAKE_PREFIX_PATH}:/opt/ros/humble /usr/bin/cmake --build /home/saqib/linorobot2_ws/build/ldlidar_sl_ros2 -- -j4 -l4
[3.146s] Invoking command in '/home/saqib/linorobot2_ws/build/ldlidar_sl_ros2': CMAKE_PREFIX_PATH=${CMAKE_PREFIX_PATH}:/opt/ros/humble /usr/bin/cmake --install /home/saqib/linorobot2_ws/build/ldlidar_sl_ros2
[3.187s] -- Install configuration: ""
[3.190s] -- Up-to-date: /home/saqib/linorobot2_ws/install/ldlidar_sl_ros2/lib/ldlidar_sl_ros2/ldlidar_sl_ros2_node
[3.192s] -- Up-to-date: /home/saqib/linorobot2_ws/install/ldlidar_sl_ros2/share/ldlidar_sl_ros2//launch
[3.194s] -- Up-to-date: /home/saqib/linorobot2_ws/install/ldlidar_sl_ros2/share/ldlidar_sl_ros2//launch/ld14.launch.py
[3.196s] -- Up-to-date: /home/saqib/linorobot2_ws/install/ldlidar_sl_ros2/share/ldlidar_sl_ros2//launch/ld14p.launch.py
[3.200s] -- Up-to-date: /home/saqib/linorobot2_ws/install/ldlidar_sl_ros2/share/ldlidar_sl_ros2//launch/viewer_ld14p.launch.py
[3.201s] -- Up-to-date: /home/saqib/linorobot2_ws/install/ldlidar_sl_ros2/share/ldlidar_sl_ros2//launch/viewer_ld14.launch.py
[3.204s] -- Up-to-date: /home/saqib/linorobot2_ws/install/ldlidar_sl_ros2/share/ldlidar_sl_ros2//rviz2
[3.205s] -- Up-to-date: /home/saqib/linorobot2_ws/install/ldlidar_sl_ros2/share/ldlidar_sl_ros2//rviz2/ldlidar.rviz
[3.226s] -- Up-to-date: /home/saqib/linorobot2_ws/install/ldlidar_sl_ros2/share/ldlidar_sl_ros2//scripts
[3.231s] -- Up-to-date: /home/saqib/linorobot2_ws/install/ldlidar_sl_ros2/share/ldlidar_sl_ros2//scripts/delete_udev_rules.sh
[3.232s] -- Up-to-date: /home/saqib/linorobot2_ws/install/ldlidar_sl_ros2/share/ldlidar_sl_ros2//scripts/ldlidar.rules
[3.232s] -- Up-to-date: /home/saqib/linorobot2_ws/install/ldlidar_sl_ros2/share/ldlidar_sl_ros2//scripts/create_udev_rules.sh
[3.241s] -- Up-to-date: /home/saqib/linorobot2_ws/install/ldlidar_sl_ros2/share/ament_index/resource_index/package_run_dependencies/ldlidar_sl_ros2
[3.241s] -- Up-to-date: /home/saqib/linorobot2_ws/install/ldlidar_sl_ros2/share/ament_index/resource_index/parent_prefix_path/ldlidar_sl_ros2
[3.242s] -- Up-to-date: /home/saqib/linorobot2_ws/install/ldlidar_sl_ros2/share/ldlidar_sl_ros2/environment/ament_prefix_path.sh
[3.243s] -- Up-to-date: /home/saqib/linorobot2_ws/install/ldlidar_sl_ros2/share/ldlidar_sl_ros2/environment/ament_prefix_path.dsv
[3.243s] -- Up-to-date: /home/saqib/linorobot2_ws/install/ldlidar_sl_ros2/share/ldlidar_sl_ros2/environment/path.sh
[3.244s] -- Up-to-date: /home/saqib/linorobot2_ws/install/ldlidar_sl_ros2/share/ldlidar_sl_ros2/environment/path.dsv
[3.244s] -- Up-to-date: /home/saqib/linorobot2_ws/install/ldlidar_sl_ros2/share/ldlidar_sl_ros2/local_setup.bash
[3.245s] -- Up-to-date: /home/saqib/linorobot2_ws/install/ldlidar_sl_ros2/share/ldlidar_sl_ros2/local_setup.sh
[3.246s] -- Up-to-date: /home/saqib/linorobot2_ws/install/ldlidar_sl_ros2/share/ldlidar_sl_ros2/local_setup.zsh
[3.246s] -- Up-to-date: /home/saqib/linorobot2_ws/install/ldlidar_sl_ros2/share/ldlidar_sl_ros2/local_setup.dsv
[3.247s] -- Installing: /home/saqib/linorobot2_ws/install/ldlidar_sl_ros2/share/ldlidar_sl_ros2/package.dsv
[3.249s] -- Up-to-date: /home/saqib/linorobot2_ws/install/ldlidar_sl_ros2/share/ament_index/resource_index/packages/ldlidar_sl_ros2
[3.249s] -- Up-to-date: /home/saqib/linorobot2_ws/install/ldlidar_sl_ros2/share/ldlidar_sl_ros2/cmake/ldlidar_sl_ros2Config.cmake
[3.270s] -- Up-to-date: /home/saqib/linorobot2_ws/install/ldlidar_sl_ros2/share/ldlidar_sl_ros2/cmake/ldlidar_sl_ros2Config-version.cmake
[3.271s] -- Up-to-date: /home/saqib/linorobot2_ws/install/ldlidar_sl_ros2/share/ldlidar_sl_ros2/package.xml
[3.281s] Invoked command in '/home/saqib/linorobot2_ws/build/ldlidar_sl_ros2' returned '0': CMAKE_PREFIX_PATH=${CMAKE_PREFIX_PATH}:/opt/ros/humble /usr/bin/cmake --install /home/saqib/linorobot2_ws/build/ldlidar_sl_ros2
