[1.222s] Invoking command in '/home/saqib/linorobot2_ws/build/ldlidar_sl_ros2': CMAKE_PREFIX_PATH=${CMAKE_PREFIX_PATH}:/opt/ros/humble /usr/bin/cmake --build /home/saqib/linorobot2_ws/build/ldlidar_sl_ros2 -- -j4 -l4
[1.842s] [100%] Built target ldlidar_sl_ros2_node
[1.968s] Invoked command in '/home/saqib/linorobot2_ws/build/ldlidar_sl_ros2' returned '0': CMAKE_PREFIX_PATH=${CMAKE_PREFIX_PATH}:/opt/ros/humble /usr/bin/cmake --build /home/saqib/linorobot2_ws/build/ldlidar_sl_ros2 -- -j4 -l4
[2.924s] Invoking command in '/home/saqib/linorobot2_ws/build/ldlidar_sl_ros2': CMAKE_PREFIX_PATH=${CMAKE_PREFIX_PATH}:/opt/ros/humble /usr/bin/cmake --install /home/saqib/linorobot2_ws/build/ldlidar_sl_ros2
[3.322s] -- Install configuration: ""
[3.323s] -- Up-to-date: /home/saqib/linorobot2_ws/install/ldlidar_sl_ros2/lib/ldlidar_sl_ros2/ldlidar_sl_ros2_node
[3.324s] -- Up-to-date: /home/saqib/linorobot2_ws/install/ldlidar_sl_ros2/share/ldlidar_sl_ros2//launch
[3.325s] -- Up-to-date: /home/saqib/linorobot2_ws/install/ldlidar_sl_ros2/share/ldlidar_sl_ros2//launch/ld14.launch.py
[3.326s] -- Up-to-date: /home/saqib/linorobot2_ws/install/ldlidar_sl_ros2/share/ldlidar_sl_ros2//launch/ld14p.launch.py
[3.328s] -- Up-to-date: /home/saqib/linorobot2_ws/install/ldlidar_sl_ros2/share/ldlidar_sl_ros2//launch/viewer_ld14p.launch.py
[3.329s] -- Up-to-date: /home/saqib/linorobot2_ws/install/ldlidar_sl_ros2/share/ldlidar_sl_ros2//launch/viewer_ld14.launch.py
[3.330s] -- Up-to-date: /home/saqib/linorobot2_ws/install/ldlidar_sl_ros2/share/ldlidar_sl_ros2//rviz2
[3.332s] -- Up-to-date: /home/saqib/linorobot2_ws/install/ldlidar_sl_ros2/share/ldlidar_sl_ros2//rviz2/ldlidar.rviz
[3.333s] -- Up-to-date: /home/saqib/linorobot2_ws/install/ldlidar_sl_ros2/share/ldlidar_sl_ros2//scripts
[3.334s] -- Up-to-date: /home/saqib/linorobot2_ws/install/ldlidar_sl_ros2/share/ldlidar_sl_ros2//scripts/delete_udev_rules.sh
[3.335s] -- Up-to-date: /home/saqib/linorobot2_ws/install/ldlidar_sl_ros2/share/ldlidar_sl_ros2//scripts/ldlidar.rules
[3.338s] -- Up-to-date: /home/saqib/linorobot2_ws/install/ldlidar_sl_ros2/share/ldlidar_sl_ros2//scripts/create_udev_rules.sh
[3.339s] -- Up-to-date: /home/saqib/linorobot2_ws/install/ldlidar_sl_ros2/share/ament_index/resource_index/package_run_dependencies/ldlidar_sl_ros2
[3.341s] -- Up-to-date: /home/saqib/linorobot2_ws/install/ldlidar_sl_ros2/share/ament_index/resource_index/parent_prefix_path/ldlidar_sl_ros2
[3.342s] -- Up-to-date: /home/saqib/linorobot2_ws/install/ldlidar_sl_ros2/share/ldlidar_sl_ros2/environment/ament_prefix_path.sh
[3.344s] -- Up-to-date: /home/saqib/linorobot2_ws/install/ldlidar_sl_ros2/share/ldlidar_sl_ros2/environment/ament_prefix_path.dsv
[3.345s] -- Up-to-date: /home/saqib/linorobot2_ws/install/ldlidar_sl_ros2/share/ldlidar_sl_ros2/environment/path.sh
[3.346s] -- Up-to-date: /home/saqib/linorobot2_ws/install/ldlidar_sl_ros2/share/ldlidar_sl_ros2/environment/path.dsv
[3.349s] -- Up-to-date: /home/saqib/linorobot2_ws/install/ldlidar_sl_ros2/share/ldlidar_sl_ros2/local_setup.bash
[3.350s] -- Up-to-date: /home/saqib/linorobot2_ws/install/ldlidar_sl_ros2/share/ldlidar_sl_ros2/local_setup.sh
[3.350s] -- Up-to-date: /home/saqib/linorobot2_ws/install/ldlidar_sl_ros2/share/ldlidar_sl_ros2/local_setup.zsh
[3.351s] -- Up-to-date: /home/saqib/linorobot2_ws/install/ldlidar_sl_ros2/share/ldlidar_sl_ros2/local_setup.dsv
[3.351s] -- Installing: /home/saqib/linorobot2_ws/install/ldlidar_sl_ros2/share/ldlidar_sl_ros2/package.dsv
[3.352s] -- Up-to-date: /home/saqib/linorobot2_ws/install/ldlidar_sl_ros2/share/ament_index/resource_index/packages/ldlidar_sl_ros2
[3.354s] -- Up-to-date: /home/saqib/linorobot2_ws/install/ldlidar_sl_ros2/share/ldlidar_sl_ros2/cmake/ldlidar_sl_ros2Config.cmake
[3.354s] -- Up-to-date: /home/saqib/linorobot2_ws/install/ldlidar_sl_ros2/share/ldlidar_sl_ros2/cmake/ldlidar_sl_ros2Config-version.cmake
[3.355s] -- Up-to-date: /home/saqib/linorobot2_ws/install/ldlidar_sl_ros2/share/ldlidar_sl_ros2/package.xml
[4.334s] Invoked command in '/home/saqib/linorobot2_ws/build/ldlidar_sl_ros2' returned '0': CMAKE_PREFIX_PATH=${CMAKE_PREFIX_PATH}:/opt/ros/humble /usr/bin/cmake --install /home/saqib/linorobot2_ws/build/ldlidar_sl_ros2
