[0.393s] Invoking command in '/home/saqib/linorobot2_ws/build/linorobot2_bringup': CMAKE_PREFIX_PATH=/home/saqib/linorobot2_ws/install/micro_ros_agent:/home/saqib/linorobot2_ws/install/micro_ros_msgs:/home/saqib/linorobot2_ws/install/micro_ros_setup:/home/saqib/linorobot2_ws/install/linorobot2_bringup:/home/saqib/linorobot2_ws/install/linorobot2_navigation:/home/saqib/linorobot2_ws/install/linorobot2_description:/home/saqib/linorobot2_ws/install/linorobot2_base:/home/saqib/linorobot2_ws/install/linorobot2:/home/saqib/linorobot2_ws/install/ldlidar_sl_ros2:/opt/ros/humble /usr/bin/cmake --build /home/saqib/linorobot2_ws/build/linorobot2_bringup -- -j4 -l4
[0.588s] Invoked command in '/home/saqib/linorobot2_ws/build/linorobot2_bringup' returned '0': CMAKE_PREFIX_PATH=/home/saqib/linorobot2_ws/install/micro_ros_agent:/home/saqib/linorobot2_ws/install/micro_ros_msgs:/home/saqib/linorobot2_ws/install/micro_ros_setup:/home/saqib/linorobot2_ws/install/linorobot2_bringup:/home/saqib/linorobot2_ws/install/linorobot2_navigation:/home/saqib/linorobot2_ws/install/linorobot2_description:/home/saqib/linorobot2_ws/install/linorobot2_base:/home/saqib/linorobot2_ws/install/linorobot2:/home/saqib/linorobot2_ws/install/ldlidar_sl_ros2:/opt/ros/humble /usr/bin/cmake --build /home/saqib/linorobot2_ws/build/linorobot2_bringup -- -j4 -l4
[0.740s] Invoking command in '/home/saqib/linorobot2_ws/build/linorobot2_bringup': CMAKE_PREFIX_PATH=/home/saqib/linorobot2_ws/install/micro_ros_agent:/home/saqib/linorobot2_ws/install/micro_ros_msgs:/home/saqib/linorobot2_ws/install/micro_ros_setup:/home/saqib/linorobot2_ws/install/linorobot2_bringup:/home/saqib/linorobot2_ws/install/linorobot2_navigation:/home/saqib/linorobot2_ws/install/linorobot2_description:/home/saqib/linorobot2_ws/install/linorobot2_base:/home/saqib/linorobot2_ws/install/linorobot2:/home/saqib/linorobot2_ws/install/ldlidar_sl_ros2:/opt/ros/humble /usr/bin/cmake --install /home/saqib/linorobot2_ws/build/linorobot2_bringup
[0.778s] -- Install configuration: ""
[0.779s] -- Up-to-date: /home/saqib/linorobot2_ws/install/linorobot2_bringup/share/linorobot2_bringup/launch
[0.780s] -- Up-to-date: /home/saqib/linorobot2_ws/install/linorobot2_bringup/share/linorobot2_bringup/launch/extra.launch.py
[0.780s] -- Up-to-date: /home/saqib/linorobot2_ws/install/linorobot2_bringup/share/linorobot2_bringup/launch/lasers.launch.py
[0.780s] -- Up-to-date: /home/saqib/linorobot2_ws/install/linorobot2_bringup/share/linorobot2_bringup/launch/custom_robot.launch.py
[0.781s] -- Installing: /home/saqib/linorobot2_ws/install/linorobot2_bringup/share/linorobot2_bringup/launch/bringup_custom.launch..py
[0.782s] -- Up-to-date: /home/saqib/linorobot2_ws/install/linorobot2_bringup/share/linorobot2_bringup/launch/sensors.launch.py
[0.782s] -- Up-to-date: /home/saqib/linorobot2_ws/install/linorobot2_bringup/share/linorobot2_bringup/launch/joy_teleop.launch.py
[0.783s] -- Installing: /home/saqib/linorobot2_ws/install/linorobot2_bringup/share/linorobot2_bringup/launch/default_robot.launch.py
[0.784s] -- Up-to-date: /home/saqib/linorobot2_ws/install/linorobot2_bringup/share/linorobot2_bringup/launch/bringup.launch.py
[0.785s] -- Up-to-date: /home/saqib/linorobot2_ws/install/linorobot2_bringup/share/linorobot2_bringup/launch/depth.launch.py
[0.785s] -- Up-to-date: /home/saqib/linorobot2_ws/install/linorobot2_bringup/share/linorobot2_bringup/config
[0.786s] -- Up-to-date: /home/saqib/linorobot2_ws/install/linorobot2_bringup/share/linorobot2_bringup/config/box_laser_filter.yaml
[0.786s] -- Up-to-date: /home/saqib/linorobot2_ws/install/linorobot2_bringup/share/linorobot2_bringup/config/fake_laser.yaml
[0.787s] -- Up-to-date: /home/saqib/linorobot2_ws/install/linorobot2_bringup/share/linorobot2_bringup/config/zed_common.yaml
[0.787s] -- Up-to-date: /home/saqib/linorobot2_ws/install/linorobot2_bringup/share/linorobot2_bringup/config/ydlidar.yaml
[0.788s] -- Up-to-date: /home/saqib/linorobot2_ws/install/linorobot2_bringup/share/linorobot2_bringup/config/joy.yaml
[0.788s] -- Up-to-date: /home/saqib/linorobot2_ws/install/linorobot2_bringup/share/ament_index/resource_index/package_run_dependencies/linorobot2_bringup
[0.789s] -- Up-to-date: /home/saqib/linorobot2_ws/install/linorobot2_bringup/share/ament_index/resource_index/parent_prefix_path/linorobot2_bringup
[0.789s] -- Up-to-date: /home/saqib/linorobot2_ws/install/linorobot2_bringup/share/linorobot2_bringup/environment/ament_prefix_path.sh
[0.790s] -- Up-to-date: /home/saqib/linorobot2_ws/install/linorobot2_bringup/share/linorobot2_bringup/environment/ament_prefix_path.dsv
[0.790s] -- Up-to-date: /home/saqib/linorobot2_ws/install/linorobot2_bringup/share/linorobot2_bringup/environment/path.sh
[0.791s] -- Up-to-date: /home/saqib/linorobot2_ws/install/linorobot2_bringup/share/linorobot2_bringup/environment/path.dsv
[0.792s] -- Up-to-date: /home/saqib/linorobot2_ws/install/linorobot2_bringup/share/linorobot2_bringup/local_setup.bash
[0.792s] -- Up-to-date: /home/saqib/linorobot2_ws/install/linorobot2_bringup/share/linorobot2_bringup/local_setup.sh
[0.792s] -- Up-to-date: /home/saqib/linorobot2_ws/install/linorobot2_bringup/share/linorobot2_bringup/local_setup.zsh
[0.793s] -- Up-to-date: /home/saqib/linorobot2_ws/install/linorobot2_bringup/share/linorobot2_bringup/local_setup.dsv
[0.793s] -- Installing: /home/saqib/linorobot2_ws/install/linorobot2_bringup/share/linorobot2_bringup/package.dsv
[0.796s] -- Up-to-date: /home/saqib/linorobot2_ws/install/linorobot2_bringup/share/ament_index/resource_index/packages/linorobot2_bringup
[0.797s] -- Up-to-date: /home/saqib/linorobot2_ws/install/linorobot2_bringup/share/linorobot2_bringup/cmake/linorobot2_bringupConfig.cmake
[0.797s] -- Up-to-date: /home/saqib/linorobot2_ws/install/linorobot2_bringup/share/linorobot2_bringup/cmake/linorobot2_bringupConfig-version.cmake
[0.798s] -- Up-to-date: /home/saqib/linorobot2_ws/install/linorobot2_bringup/share/linorobot2_bringup/package.xml
[0.804s] Invoked command in '/home/saqib/linorobot2_ws/build/linorobot2_bringup' returned '0': CMAKE_PREFIX_PATH=/home/saqib/linorobot2_ws/install/micro_ros_agent:/home/saqib/linorobot2_ws/install/micro_ros_msgs:/home/saqib/linorobot2_ws/install/micro_ros_setup:/home/saqib/linorobot2_ws/install/linorobot2_bringup:/home/saqib/linorobot2_ws/install/linorobot2_navigation:/home/saqib/linorobot2_ws/install/linorobot2_description:/home/saqib/linorobot2_ws/install/linorobot2_base:/home/saqib/linorobot2_ws/install/linorobot2:/home/saqib/linorobot2_ws/install/ldlidar_sl_ros2:/opt/ros/humble /usr/bin/cmake --install /home/saqib/linorobot2_ws/build/linorobot2_bringup
