[1.912s] Invoking command in '/home/saqib/linorobot2_ws/build/linorobot2_description': CMAKE_PREFIX_PATH=${CMAKE_PREFIX_PATH}:/opt/ros/humble /usr/bin/cmake --build /home/saqib/linorobot2_ws/build/linorobot2_description -- -j4 -l4
[3.162s] Invoked command in '/home/saqib/linorobot2_ws/build/linorobot2_description' returned '0': CMAKE_PREFIX_PATH=${CMAKE_PREFIX_PATH}:/opt/ros/humble /usr/bin/cmake --build /home/saqib/linorobot2_ws/build/linorobot2_description -- -j4 -l4
[3.520s] Invoking command in '/home/saqib/linorobot2_ws/build/linorobot2_description': CMAKE_PREFIX_PATH=${CMAKE_PREFIX_PATH}:/opt/ros/humble /usr/bin/cmake --install /home/saqib/linorobot2_ws/build/linorobot2_description
[3.660s] -- Install configuration: ""
[3.662s] -- Up-to-date: /home/saqib/linorobot2_ws/install/linorobot2_description/share/linorobot2_description/launch
[3.663s] -- Up-to-date: /home/saqib/linorobot2_ws/install/linorobot2_description/share/linorobot2_description/launch/description.launch.py
[3.664s] -- Up-to-date: /home/saqib/linorobot2_ws/install/linorobot2_description/share/linorobot2_description/urdf
[3.664s] -- Up-to-date: /home/saqib/linorobot2_ws/install/linorobot2_description/share/linorobot2_description/urdf/sensors
[3.665s] -- Up-to-date: /home/saqib/linorobot2_ws/install/linorobot2_description/share/linorobot2_description/urdf/sensors/laser.urdf.xacro
[3.680s] -- Up-to-date: /home/saqib/linorobot2_ws/install/linorobot2_description/share/linorobot2_description/urdf/sensors/depth_sensor.urdf.xacro
[3.681s] -- Up-to-date: /home/saqib/linorobot2_ws/install/linorobot2_description/share/linorobot2_description/urdf/sensors/generic_laser.urdf.xacro
[3.682s] -- Up-to-date: /home/saqib/linorobot2_ws/install/linorobot2_description/share/linorobot2_description/urdf/sensors/imu.urdf.xacro
[3.682s] -- Up-to-date: /home/saqib/linorobot2_ws/install/linorobot2_description/share/linorobot2_description/urdf/4wd_properties.urdf.xacro
[3.684s] -- Up-to-date: /home/saqib/linorobot2_ws/install/linorobot2_description/share/linorobot2_description/urdf/mech
[3.686s] -- Up-to-date: /home/saqib/linorobot2_ws/install/linorobot2_description/share/linorobot2_description/urdf/mech/caster_wheel.urdf.xacro
[3.687s] -- Up-to-date: /home/saqib/linorobot2_ws/install/linorobot2_description/share/linorobot2_description/urdf/mech/base.urdf.xacro
[3.688s] -- Up-to-date: /home/saqib/linorobot2_ws/install/linorobot2_description/share/linorobot2_description/urdf/mech/wheel.urdf.xacro
[3.689s] -- Up-to-date: /home/saqib/linorobot2_ws/install/linorobot2_description/share/linorobot2_description/urdf/mech/mecanum_wheel.urdf.xacro
[3.691s] -- Up-to-date: /home/saqib/linorobot2_ws/install/linorobot2_description/share/linorobot2_description/urdf/2wd_properties.urdf.xacro
[3.692s] -- Up-to-date: /home/saqib/linorobot2_ws/install/linorobot2_description/share/linorobot2_description/urdf/mecanum_properties.urdf.xacro
[3.704s] -- Up-to-date: /home/saqib/linorobot2_ws/install/linorobot2_description/share/linorobot2_description/urdf/robots
[3.706s] -- Up-to-date: /home/saqib/linorobot2_ws/install/linorobot2_description/share/linorobot2_description/urdf/robots/vattenkar.urdf.xacro
[3.707s] -- Up-to-date: /home/saqib/linorobot2_ws/install/linorobot2_description/share/linorobot2_description/urdf/robots/4wd.urdf.xacro
[3.709s] -- Up-to-date: /home/saqib/linorobot2_ws/install/linorobot2_description/share/linorobot2_description/urdf/robots/2wd.urdf.xacro
[3.710s] -- Up-to-date: /home/saqib/linorobot2_ws/install/linorobot2_description/share/linorobot2_description/urdf/robots/mecanum.urdf.xacro
[3.711s] -- Up-to-date: /home/saqib/linorobot2_ws/install/linorobot2_description/share/linorobot2_description/urdf/controllers
[3.712s] -- Up-to-date: /home/saqib/linorobot2_ws/install/linorobot2_description/share/linorobot2_description/urdf/controllers/diff_drive.urdf.xacro
[3.729s] -- Up-to-date: /home/saqib/linorobot2_ws/install/linorobot2_description/share/linorobot2_description/urdf/controllers/omni_drive.urdf.xacro
[3.730s] -- Up-to-date: /home/saqib/linorobot2_ws/install/linorobot2_description/share/linorobot2_description/urdf/controllers/skid_steer.urdf.xacro
[3.731s] -- Up-to-date: /home/saqib/linorobot2_ws/install/linorobot2_description/share/linorobot2_description/rviz
[3.731s] -- Up-to-date: /home/saqib/linorobot2_ws/install/linorobot2_description/share/linorobot2_description/rviz/description.rviz
[3.732s] -- Up-to-date: /home/saqib/linorobot2_ws/install/linorobot2_description/share/ament_index/resource_index/package_run_dependencies/linorobot2_description
[3.732s] -- Up-to-date: /home/saqib/linorobot2_ws/install/linorobot2_description/share/ament_index/resource_index/parent_prefix_path/linorobot2_description
[3.733s] -- Up-to-date: /home/saqib/linorobot2_ws/install/linorobot2_description/share/linorobot2_description/environment/ament_prefix_path.sh
[3.733s] -- Up-to-date: /home/saqib/linorobot2_ws/install/linorobot2_description/share/linorobot2_description/environment/ament_prefix_path.dsv
[3.734s] -- Up-to-date: /home/saqib/linorobot2_ws/install/linorobot2_description/share/linorobot2_description/environment/path.sh
[3.734s] -- Up-to-date: /home/saqib/linorobot2_ws/install/linorobot2_description/share/linorobot2_description/environment/path.dsv
[3.735s] -- Up-to-date: /home/saqib/linorobot2_ws/install/linorobot2_description/share/linorobot2_description/local_setup.bash
[3.735s] -- Up-to-date: /home/saqib/linorobot2_ws/install/linorobot2_description/share/linorobot2_description/local_setup.sh
[3.736s] -- Up-to-date: /home/saqib/linorobot2_ws/install/linorobot2_description/share/linorobot2_description/local_setup.zsh
[3.737s] -- Up-to-date: /home/saqib/linorobot2_ws/install/linorobot2_description/share/linorobot2_description/local_setup.dsv
[3.737s] -- Installing: /home/saqib/linorobot2_ws/install/linorobot2_description/share/linorobot2_description/package.dsv
[3.746s] -- Up-to-date: /home/saqib/linorobot2_ws/install/linorobot2_description/share/ament_index/resource_index/packages/linorobot2_description
[3.746s] -- Up-to-date: /home/saqib/linorobot2_ws/install/linorobot2_description/share/linorobot2_description/cmake/linorobot2_descriptionConfig.cmake
[3.747s] -- Up-to-date: /home/saqib/linorobot2_ws/install/linorobot2_description/share/linorobot2_description/cmake/linorobot2_descriptionConfig-version.cmake
[3.748s] -- Up-to-date: /home/saqib/linorobot2_ws/install/linorobot2_description/share/linorobot2_description/package.xml
[3.769s] Invoked command in '/home/saqib/linorobot2_ws/build/linorobot2_description' returned '0': CMAKE_PREFIX_PATH=${CMAKE_PREFIX_PATH}:/opt/ros/humble /usr/bin/cmake --install /home/saqib/linorobot2_ws/build/linorobot2_description
