[0.464s] Invoking command in '/home/saqib/linorobot2_ws/build/micro_ros_setup': CMAKE_PREFIX_PATH=${CMAKE_PREFIX_PATH}:/opt/ros/humble /usr/bin/cmake --build /home/saqib/linorobot2_ws/build/micro_ros_setup -- -j4 -l4
[0.664s] Invoked command in '/home/saqib/linorobot2_ws/build/micro_ros_setup' returned '0': CMAKE_PREFIX_PATH=${CMAKE_PREFIX_PATH}:/opt/ros/humble /usr/bin/cmake --build /home/saqib/linorobot2_ws/build/micro_ros_setup -- -j4 -l4
[0.846s] Invoking command in '/home/saqib/linorobot2_ws/build/micro_ros_setup': CMAKE_PREFIX_PATH=${CMAKE_PREFIX_PATH}:/opt/ros/humble /usr/bin/cmake --install /home/saqib/linorobot2_ws/build/micro_ros_setup
[0.918s] -- Install configuration: ""
[0.920s] -- Up-to-date: /home/saqib/linorobot2_ws/install/micro_ros_setup/share/ament_index/resource_index/package_run_dependencies/micro_ros_setup
[0.922s] -- Up-to-date: /home/saqib/linorobot2_ws/install/micro_ros_setup/share/ament_index/resource_index/parent_prefix_path/micro_ros_setup
[0.923s] -- Up-to-date: /home/saqib/linorobot2_ws/install/micro_ros_setup/share/micro_ros_setup/environment/ament_prefix_path.sh
[0.925s] -- Up-to-date: /home/saqib/linorobot2_ws/install/micro_ros_setup/share/micro_ros_setup/environment/ament_prefix_path.dsv
[0.926s] -- Up-to-date: /home/saqib/linorobot2_ws/install/micro_ros_setup/share/micro_ros_setup/environment/path.sh
[0.927s] -- Up-to-date: /home/saqib/linorobot2_ws/install/micro_ros_setup/share/micro_ros_setup/environment/path.dsv
[0.929s] -- Up-to-date: /home/saqib/linorobot2_ws/install/micro_ros_setup/share/micro_ros_setup/local_setup.bash
[0.929s] -- Up-to-date: /home/saqib/linorobot2_ws/install/micro_ros_setup/share/micro_ros_setup/local_setup.sh
[0.931s] -- Up-to-date: /home/saqib/linorobot2_ws/install/micro_ros_setup/share/micro_ros_setup/local_setup.zsh
[0.932s] -- Up-to-date: /home/saqib/linorobot2_ws/install/micro_ros_setup/share/micro_ros_setup/local_setup.dsv
[0.934s] -- Installing: /home/saqib/linorobot2_ws/install/micro_ros_setup/share/micro_ros_setup/package.dsv
[0.934s] -- Up-to-date: /home/saqib/linorobot2_ws/install/micro_ros_setup/share/ament_index/resource_index/packages/micro_ros_setup
[0.936s] -- Up-to-date: /home/saqib/linorobot2_ws/install/micro_ros_setup/share/micro_ros_setup/cmake/micro_ros_setupConfig.cmake
[0.937s] -- Up-to-date: /home/saqib/linorobot2_ws/install/micro_ros_setup/share/micro_ros_setup/cmake/micro_ros_setupConfig-version.cmake
[0.938s] -- Up-to-date: /home/saqib/linorobot2_ws/install/micro_ros_setup/share/micro_ros_setup/package.xml
[0.939s] -- Up-to-date: /home/saqib/linorobot2_ws/install/micro_ros_setup/./config
[0.940s] -- Up-to-date: /home/saqib/linorobot2_ws/install/micro_ros_setup/./config/generate_lib
[0.941s] -- Up-to-date: /home/saqib/linorobot2_ws/install/micro_ros_setup/./config/generate_lib/generic
[0.942s] -- Up-to-date: /home/saqib/linorobot2_ws/install/micro_ros_setup/./config/generate_lib/generic/flash.sh
[0.942s] -- Up-to-date: /home/saqib/linorobot2_ws/install/micro_ros_setup/./config/generate_lib/generic/client_uros_packages.repos
[0.944s] -- Up-to-date: /home/saqib/linorobot2_ws/install/micro_ros_setup/./config/generate_lib/generic/client-colcon.meta
[0.944s] -- Up-to-date: /home/saqib/linorobot2_ws/install/micro_ros_setup/./config/generate_lib/generic/build.sh
[0.945s] -- Up-to-date: /home/saqib/linorobot2_ws/install/micro_ros_setup/./config/generate_lib/generic/create.sh
[0.945s] -- Up-to-date: /home/saqib/linorobot2_ws/install/micro_ros_setup/./config/generate_lib/generic/demo_toolchain.cmake
[0.946s] -- Up-to-date: /home/saqib/linorobot2_ws/install/micro_ros_setup/./config/generate_lib/generic/package.xml
[0.947s] -- Up-to-date: /home/saqib/linorobot2_ws/install/micro_ros_setup/./config/generate_lib/dev_ros2_packages.txt
[0.948s] -- Up-to-date: /home/saqib/linorobot2_ws/install/micro_ros_setup/./config/generate_lib/dev_uros_packages.repos
[0.949s] -- Up-to-date: /home/saqib/linorobot2_ws/install/micro_ros_setup/./config/client_uros_packages.repos
[0.949s] -- Up-to-date: /home/saqib/linorobot2_ws/install/micro_ros_setup/./config/freertos
[0.950s] -- Up-to-date: /home/saqib/linorobot2_ws/install/micro_ros_setup/./config/freertos/olimex-stm32-e407
[0.954s] -- Up-to-date: /home/saqib/linorobot2_ws/install/micro_ros_setup/./config/freertos/olimex-stm32-e407/flash.sh
[0.959s] -- Up-to-date: /home/saqib/linorobot2_ws/install/micro_ros_setup/./config/freertos/olimex-stm32-e407/client_uros_packages.repos
[0.960s] -- Up-to-date: /home/saqib/linorobot2_ws/install/micro_ros_setup/./config/freertos/olimex-stm32-e407/client-colcon.meta
[0.960s] -- Up-to-date: /home/saqib/linorobot2_ws/install/micro_ros_setup/./config/freertos/olimex-stm32-e407/build.sh
[0.962s] -- Up-to-date: /home/saqib/linorobot2_ws/install/micro_ros_setup/./config/freertos/olimex-stm32-e407/create.sh
[0.962s] -- Up-to-date: /home/saqib/linorobot2_ws/install/micro_ros_setup/./config/freertos/olimex-stm32-e407/configure.sh
[0.963s] -- Up-to-date: /home/saqib/linorobot2_ws/install/micro_ros_setup/./config/freertos/olimex-stm32-e407/board.repos
[0.963s] -- Up-to-date: /home/saqib/linorobot2_ws/install/micro_ros_setup/./config/freertos/olimex-stm32-e407/package.xml
[0.964s] -- Up-to-date: /home/saqib/linorobot2_ws/install/micro_ros_setup/./config/freertos/list_apps.sh
[0.964s] -- Up-to-date: /home/saqib/linorobot2_ws/install/micro_ros_setup/./config/freertos/dev_ros2_packages.txt
[0.965s] -- Up-to-date: /home/saqib/linorobot2_ws/install/micro_ros_setup/./config/freertos/nucleo_f746zg
[0.965s] -- Up-to-date: /home/saqib/linorobot2_ws/install/micro_ros_setup/./config/freertos/nucleo_f746zg/flash.sh
[0.965s] -- Up-to-date: /home/saqib/linorobot2_ws/install/micro_ros_setup/./config/freertos/nucleo_f746zg/client_uros_packages.repos
[0.966s] -- Up-to-date: /home/saqib/linorobot2_ws/install/micro_ros_setup/./config/freertos/nucleo_f746zg/client-colcon.meta
[0.966s] -- Up-to-date: /home/saqib/linorobot2_ws/install/micro_ros_setup/./config/freertos/nucleo_f746zg/build.sh
[0.967s] -- Up-to-date: /home/saqib/linorobot2_ws/install/micro_ros_setup/./config/freertos/nucleo_f746zg/create.sh
[0.967s] -- Up-to-date: /home/saqib/linorobot2_ws/install/micro_ros_setup/./config/freertos/nucleo_f746zg/configure.sh
[0.969s] -- Up-to-date: /home/saqib/linorobot2_ws/install/micro_ros_setup/./config/freertos/nucleo_f746zg/board.repos
[0.969s] -- Up-to-date: /home/saqib/linorobot2_ws/install/micro_ros_setup/./config/freertos/nucleo_f746zg/package.xml
[0.970s] -- Up-to-date: /home/saqib/linorobot2_ws/install/micro_ros_setup/./config/freertos/nucleo_f446ze
[0.971s] -- Up-to-date: /home/saqib/linorobot2_ws/install/micro_ros_setup/./config/freertos/nucleo_f446ze/flash.sh
[0.972s] -- Up-to-date: /home/saqib/linorobot2_ws/install/micro_ros_setup/./config/freertos/nucleo_f446ze/client_uros_packages.repos
[0.973s] -- Up-to-date: /home/saqib/linorobot2_ws/install/micro_ros_setup/./config/freertos/nucleo_f446ze/client-colcon.meta
[0.974s] -- Up-to-date: /home/saqib/linorobot2_ws/install/micro_ros_setup/./config/freertos/nucleo_f446ze/build.sh
[0.975s] -- Up-to-date: /home/saqib/linorobot2_ws/install/micro_ros_setup/./config/freertos/nucleo_f446ze/create.sh
[0.976s] -- Up-to-date: /home/saqib/linorobot2_ws/install/micro_ros_setup/./config/freertos/nucleo_f446ze/configure.sh
[0.977s] -- Up-to-date: /home/saqib/linorobot2_ws/install/micro_ros_setup/./config/freertos/nucleo_f446ze/board.repos
[0.979s] -- Up-to-date: /home/saqib/linorobot2_ws/install/micro_ros_setup/./config/freertos/nucleo_f446ze/package.xml
[0.980s] -- Up-to-date: /home/saqib/linorobot2_ws/install/micro_ros_setup/./config/freertos/esp32
[0.981s] -- Up-to-date: /home/saqib/linorobot2_ws/install/micro_ros_setup/./config/freertos/esp32/flash.sh
[0.983s] -- Up-to-date: /home/saqib/linorobot2_ws/install/micro_ros_setup/./config/freertos/esp32/client_uros_packages.repos
[0.985s] -- Up-to-date: /home/saqib/linorobot2_ws/install/micro_ros_setup/./config/freertos/esp32/client-colcon.meta
[0.989s] -- Up-to-date: /home/saqib/linorobot2_ws/install/micro_ros_setup/./config/freertos/esp32/build.sh
[1.001s] -- Up-to-date: /home/saqib/linorobot2_ws/install/micro_ros_setup/./config/freertos/esp32/create.sh
[1.003s] -- Up-to-date: /home/saqib/linorobot2_ws/install/micro_ros_setup/./config/freertos/esp32/configure.sh
[1.004s] -- Up-to-date: /home/saqib/linorobot2_ws/install/micro_ros_setup/./config/freertos/esp32/README.md
[1.005s] -- Up-to-date: /home/saqib/linorobot2_ws/install/micro_ros_setup/./config/freertos/esp32/board.repos
[1.005s] -- Up-to-date: /home/saqib/linorobot2_ws/install/micro_ros_setup/./config/freertos/esp32/package.xml
[1.008s] -- Up-to-date: /home/saqib/linorobot2_ws/install/micro_ros_setup/./config/freertos/dev_uros_packages.repos
[1.009s] -- Up-to-date: /home/saqib/linorobot2_ws/install/micro_ros_setup/./config/freertos/nucleo_f767zi
[1.010s] -- Up-to-date: /home/saqib/linorobot2_ws/install/micro_ros_setup/./config/freertos/nucleo_f767zi/flash.sh
[1.010s] -- Up-to-date: /home/saqib/linorobot2_ws/install/micro_ros_setup/./config/freertos/nucleo_f767zi/client_uros_packages.repos
[1.011s] -- Up-to-date: /home/saqib/linorobot2_ws/install/micro_ros_setup/./config/freertos/nucleo_f767zi/client-colcon.meta
[1.012s] -- Up-to-date: /home/saqib/linorobot2_ws/install/micro_ros_setup/./config/freertos/nucleo_f767zi/build.sh
[1.013s] -- Up-to-date: /home/saqib/linorobot2_ws/install/micro_ros_setup/./config/freertos/nucleo_f767zi/create.sh
[1.014s] -- Up-to-date: /home/saqib/linorobot2_ws/install/micro_ros_setup/./config/freertos/nucleo_f767zi/configure.sh
[1.015s] -- Up-to-date: /home/saqib/linorobot2_ws/install/micro_ros_setup/./config/freertos/nucleo_f767zi/board.repos
[1.016s] -- Up-to-date: /home/saqib/linorobot2_ws/install/micro_ros_setup/./config/freertos/nucleo_f767zi/package.xml
[1.017s] -- Up-to-date: /home/saqib/linorobot2_ws/install/micro_ros_setup/./config/freertos/nucleo_f446re
[1.019s] -- Up-to-date: /home/saqib/linorobot2_ws/install/micro_ros_setup/./config/freertos/nucleo_f446re/flash.sh
[1.020s] -- Up-to-date: /home/saqib/linorobot2_ws/install/micro_ros_setup/./config/freertos/nucleo_f446re/client_uros_packages.repos
[1.021s] -- Up-to-date: /home/saqib/linorobot2_ws/install/micro_ros_setup/./config/freertos/nucleo_f446re/client-colcon.meta
[1.021s] -- Up-to-date: /home/saqib/linorobot2_ws/install/micro_ros_setup/./config/freertos/nucleo_f446re/build.sh
[1.022s] -- Up-to-date: /home/saqib/linorobot2_ws/install/micro_ros_setup/./config/freertos/nucleo_f446re/create.sh
[1.023s] -- Up-to-date: /home/saqib/linorobot2_ws/install/micro_ros_setup/./config/freertos/nucleo_f446re/configure.sh
[1.024s] -- Up-to-date: /home/saqib/linorobot2_ws/install/micro_ros_setup/./config/freertos/nucleo_f446re/board.repos
[1.025s] -- Up-to-date: /home/saqib/linorobot2_ws/install/micro_ros_setup/./config/freertos/nucleo_f446re/package.xml
[1.025s] -- Up-to-date: /home/saqib/linorobot2_ws/install/micro_ros_setup/./config/freertos/crazyflie21
[1.026s] -- Up-to-date: /home/saqib/linorobot2_ws/install/micro_ros_setup/./config/freertos/crazyflie21/flash.sh
[1.027s] -- Up-to-date: /home/saqib/linorobot2_ws/install/micro_ros_setup/./config/freertos/crazyflie21/client_uros_packages.repos
[1.027s] -- Up-to-date: /home/saqib/linorobot2_ws/install/micro_ros_setup/./config/freertos/crazyflie21/client-colcon.meta
[1.028s] -- Up-to-date: /home/saqib/linorobot2_ws/install/micro_ros_setup/./config/freertos/crazyflie21/build.sh
[1.029s] -- Up-to-date: /home/saqib/linorobot2_ws/install/micro_ros_setup/./config/freertos/crazyflie21/create.sh
[1.030s] -- Up-to-date: /home/saqib/linorobot2_ws/install/micro_ros_setup/./config/freertos/crazyflie21/configure.sh
[1.030s] -- Up-to-date: /home/saqib/linorobot2_ws/install/micro_ros_setup/./config/freertos/crazyflie21/board.repos
[1.031s] -- Up-to-date: /home/saqib/linorobot2_ws/install/micro_ros_setup/./config/freertos/crazyflie21/package.xml
[1.032s] -- Up-to-date: /home/saqib/linorobot2_ws/install/micro_ros_setup/./config/agent_uros_packages.repos
[1.033s] -- Up-to-date: /home/saqib/linorobot2_ws/install/micro_ros_setup/./config/zephyr
[1.034s] -- Up-to-date: /home/saqib/linorobot2_ws/install/micro_ros_setup/./config/zephyr/list_apps.sh
[1.035s] -- Up-to-date: /home/saqib/linorobot2_ws/install/micro_ros_setup/./config/zephyr/generic
[1.036s] -- Up-to-date: /home/saqib/linorobot2_ws/install/micro_ros_setup/./config/zephyr/generic/flash.sh
[1.036s] -- Up-to-date: /home/saqib/linorobot2_ws/install/micro_ros_setup/./config/zephyr/generic/client_uros_packages.repos
[1.038s] -- Up-to-date: /home/saqib/linorobot2_ws/install/micro_ros_setup/./config/zephyr/generic/supported_platforms
[1.039s] -- Up-to-date: /home/saqib/linorobot2_ws/install/micro_ros_setup/./config/zephyr/generic/client-colcon.meta
[1.040s] -- Up-to-date: /home/saqib/linorobot2_ws/install/micro_ros_setup/./config/zephyr/generic/build.sh
[1.040s] -- Up-to-date: /home/saqib/linorobot2_ws/install/micro_ros_setup/./config/zephyr/generic/create.sh
[1.041s] -- Up-to-date: /home/saqib/linorobot2_ws/install/micro_ros_setup/./config/zephyr/generic/configure.sh
[1.042s] -- Up-to-date: /home/saqib/linorobot2_ws/install/micro_ros_setup/./config/zephyr/generic/board.repos
[1.042s] -- Up-to-date: /home/saqib/linorobot2_ws/install/micro_ros_setup/./config/zephyr/generic/package.xml
[1.043s] -- Up-to-date: /home/saqib/linorobot2_ws/install/micro_ros_setup/./config/zephyr/dev_ros2_packages.txt
[1.044s] -- Up-to-date: /home/saqib/linorobot2_ws/install/micro_ros_setup/./config/zephyr/dev_uros_packages.repos
[1.046s] -- Up-to-date: /home/saqib/linorobot2_ws/install/micro_ros_setup/./config/client_ros2_packages.txt
[1.047s] -- Up-to-date: /home/saqib/linorobot2_ws/install/micro_ros_setup/./config/utils.sh
[1.048s] -- Up-to-date: /home/saqib/linorobot2_ws/install/micro_ros_setup/./config/host
[1.048s] -- Up-to-date: /home/saqib/linorobot2_ws/install/micro_ros_setup/./config/host/generic
[1.049s] -- Up-to-date: /home/saqib/linorobot2_ws/install/micro_ros_setup/./config/host/generic/flash.sh
[1.050s] -- Up-to-date: /home/saqib/linorobot2_ws/install/micro_ros_setup/./config/host/generic/build.sh
[1.051s] -- Up-to-date: /home/saqib/linorobot2_ws/install/micro_ros_setup/./config/host/generic/create.sh
[1.052s] -- Up-to-date: /home/saqib/linorobot2_ws/install/micro_ros_setup/./config/host/generic/client_host_packages.repos
[1.053s] -- Up-to-date: /home/saqib/linorobot2_ws/install/micro_ros_setup/./config/host/generic/client-host-colcon.meta
[1.054s] -- Up-to-date: /home/saqib/linorobot2_ws/install/micro_ros_setup/./config/host/generic/package.xml
[1.055s] -- Up-to-date: /home/saqib/linorobot2_ws/install/micro_ros_setup/./config/host/dev_ros2_packages.txt
[1.056s] -- Up-to-date: /home/saqib/linorobot2_ws/install/micro_ros_setup/./config/host/client_ros2_packages.txt
[1.057s] -- Up-to-date: /home/saqib/linorobot2_ws/install/micro_ros_setup/./config/host/dev_uros_packages.repos
[1.058s] -- Up-to-date: /home/saqib/linorobot2_ws/install/micro_ros_setup/./config/android
[1.059s] -- Up-to-date: /home/saqib/linorobot2_ws/install/micro_ros_setup/./config/android/generic
[1.060s] -- Up-to-date: /home/saqib/linorobot2_ws/install/micro_ros_setup/./config/android/generic/flash.sh
[1.060s] -- Up-to-date: /home/saqib/linorobot2_ws/install/micro_ros_setup/./config/android/generic/client_uros_packages.repos
[1.069s] -- Up-to-date: /home/saqib/linorobot2_ws/install/micro_ros_setup/./config/android/generic/client-colcon.meta
[1.070s] -- Up-to-date: /home/saqib/linorobot2_ws/install/micro_ros_setup/./config/android/generic/build.sh
[1.071s] -- Up-to-date: /home/saqib/linorobot2_ws/install/micro_ros_setup/./config/android/generic/create.sh
[1.071s] -- Up-to-date: /home/saqib/linorobot2_ws/install/micro_ros_setup/./config/android/generic/package.xml
[1.072s] -- Up-to-date: /home/saqib/linorobot2_ws/install/micro_ros_setup/./config/android/dev_ros2_packages.txt
[1.073s] -- Up-to-date: /home/saqib/linorobot2_ws/install/micro_ros_setup/./config/android/dev_uros_packages.repos
[1.074s] -- Up-to-date: /home/saqib/linorobot2_ws/install/micro_ros_setup/./config/renesas_ra
[1.074s] -- Up-to-date: /home/saqib/linorobot2_ws/install/micro_ros_setup/./config/renesas_ra/list_apps.sh
[1.075s] -- Up-to-date: /home/saqib/linorobot2_ws/install/micro_ros_setup/./config/renesas_ra/dev_ros2_packages.txt
[1.075s] -- Up-to-date: /home/saqib/linorobot2_ws/install/micro_ros_setup/./config/renesas_ra/dev_uros_packages.repos
[1.076s] -- Up-to-date: /home/saqib/linorobot2_ws/install/micro_ros_setup/./config/renesas_ra/ra6m5
[1.077s] -- Up-to-date: /home/saqib/linorobot2_ws/install/micro_ros_setup/./config/renesas_ra/ra6m5/flash.sh
[1.077s] -- Up-to-date: /home/saqib/linorobot2_ws/install/micro_ros_setup/./config/renesas_ra/ra6m5/client_uros_packages.repos
[1.078s] -- Up-to-date: /home/saqib/linorobot2_ws/install/micro_ros_setup/./config/renesas_ra/ra6m5/client-colcon.meta
[1.078s] -- Up-to-date: /home/saqib/linorobot2_ws/install/micro_ros_setup/./config/renesas_ra/ra6m5/build.sh
[1.079s] -- Up-to-date: /home/saqib/linorobot2_ws/install/micro_ros_setup/./config/renesas_ra/ra6m5/create.sh
[1.080s] -- Up-to-date: /home/saqib/linorobot2_ws/install/micro_ros_setup/./config/renesas_ra/ra6m5/configure.sh
[1.080s] -- Up-to-date: /home/saqib/linorobot2_ws/install/micro_ros_setup/./config/renesas_ra/ra6m5/board.repos
[1.081s] -- Up-to-date: /home/saqib/linorobot2_ws/install/micro_ros_setup/./config/mbed
[1.081s] -- Up-to-date: /home/saqib/linorobot2_ws/install/micro_ros_setup/./config/mbed/list_apps.sh
[1.082s] -- Up-to-date: /home/saqib/linorobot2_ws/install/micro_ros_setup/./config/mbed/generic
[1.082s] -- Up-to-date: /home/saqib/linorobot2_ws/install/micro_ros_setup/./config/mbed/generic/flash.sh
[1.083s] -- Up-to-date: /home/saqib/linorobot2_ws/install/micro_ros_setup/./config/mbed/generic/client_uros_packages.repos
[1.099s] -- Up-to-date: /home/saqib/linorobot2_ws/install/micro_ros_setup/./config/mbed/generic/supported_platforms
[1.101s] -- Up-to-date: /home/saqib/linorobot2_ws/install/micro_ros_setup/./config/mbed/generic/build.sh
[1.101s] -- Up-to-date: /home/saqib/linorobot2_ws/install/micro_ros_setup/./config/mbed/generic/create.sh
[1.102s] -- Up-to-date: /home/saqib/linorobot2_ws/install/micro_ros_setup/./config/mbed/generic/board.repos
[1.103s] -- Up-to-date: /home/saqib/linorobot2_ws/install/micro_ros_setup/./config/mbed/generic/package.xml
[1.104s] -- Up-to-date: /home/saqib/linorobot2_ws/install/micro_ros_setup/./config/mbed/dev_ros2_packages.txt
[1.105s] -- Up-to-date: /home/saqib/linorobot2_ws/install/micro_ros_setup/./config/mbed/dev_uros_packages.repos
[1.105s] -- Up-to-date: /home/saqib/linorobot2_ws/install/micro_ros_setup/./config/agent_ros2_packages.txt
[1.106s] -- Up-to-date: /home/saqib/linorobot2_ws/install/micro_ros_setup/./config/raspbian
[1.107s] -- Up-to-date: /home/saqib/linorobot2_ws/install/micro_ros_setup/./config/raspbian/generic
[1.108s] -- Up-to-date: /home/saqib/linorobot2_ws/install/micro_ros_setup/./config/raspbian/generic/flash.sh
[1.108s] -- Up-to-date: /home/saqib/linorobot2_ws/install/micro_ros_setup/./config/raspbian/generic/client_uros_packages.repos
[1.109s] -- Up-to-date: /home/saqib/linorobot2_ws/install/micro_ros_setup/./config/raspbian/generic/supported_platforms
[1.110s] -- Up-to-date: /home/saqib/linorobot2_ws/install/micro_ros_setup/./config/raspbian/generic/client-colcon.meta
[1.110s] -- Up-to-date: /home/saqib/linorobot2_ws/install/micro_ros_setup/./config/raspbian/generic/build.sh
[1.111s] -- Up-to-date: /home/saqib/linorobot2_ws/install/micro_ros_setup/./config/raspbian/generic/create.sh
[1.112s] -- Up-to-date: /home/saqib/linorobot2_ws/install/micro_ros_setup/./config/raspbian/generic/configure.sh
[1.112s] -- Up-to-date: /home/saqib/linorobot2_ws/install/micro_ros_setup/./config/raspbian/dev_ros2_packages.txt
[1.113s] -- Up-to-date: /home/saqib/linorobot2_ws/install/micro_ros_setup/./config/raspbian/dev_uros_packages.repos
[1.114s] -- Up-to-date: /home/saqib/linorobot2_ws/install/micro_ros_setup/lib/micro_ros_setup/create_ws.sh
[1.114s] -- Up-to-date: /home/saqib/linorobot2_ws/install/micro_ros_setup/lib/micro_ros_setup/create_agent_ws.sh
[1.116s] -- Up-to-date: /home/saqib/linorobot2_ws/install/micro_ros_setup/lib/micro_ros_setup/create_firmware_ws.sh
[1.116s] -- Up-to-date: /home/saqib/linorobot2_ws/install/micro_ros_setup/lib/micro_ros_setup/configure_firmware.sh
[1.117s] -- Up-to-date: /home/saqib/linorobot2_ws/install/micro_ros_setup/lib/micro_ros_setup/flash_firmware.sh
[1.118s] -- Up-to-date: /home/saqib/linorobot2_ws/install/micro_ros_setup/lib/micro_ros_setup/build_firmware.sh
[1.119s] -- Up-to-date: /home/saqib/linorobot2_ws/install/micro_ros_setup/lib/micro_ros_setup/build_agent.sh
[1.119s] -- Up-to-date: /home/saqib/linorobot2_ws/install/micro_ros_setup/lib/micro_ros_setup/yaml_filter.py
[1.120s] -- Up-to-date: /home/saqib/linorobot2_ws/install/micro_ros_setup/lib/micro_ros_setup/clean_env.sh
[1.120s] -- Up-to-date: /home/saqib/linorobot2_ws/install/micro_ros_setup/lib/micro_ros_setup/component
[1.608s] Invoked command in '/home/saqib/linorobot2_ws/build/micro_ros_setup' returned '0': CMAKE_PREFIX_PATH=${CMAKE_PREFIX_PATH}:/opt/ros/humble /usr/bin/cmake --install /home/saqib/linorobot2_ws/build/micro_ros_setup
