[0.895s] Invoking command in '/home/saqib/linorobot2_ws/build/linorobot2': CMAKE_PREFIX_PATH=${CMAKE_PREFIX_PATH}:/opt/ros/humble /usr/bin/cmake --build /home/saqib/linorobot2_ws/build/linorobot2 -- -j4 -l4
[1.487s] Invoked command in '/home/saqib/linorobot2_ws/build/linorobot2' returned '0': CMAKE_PREFIX_PATH=${CMAKE_PREFIX_PATH}:/opt/ros/humble /usr/bin/cmake --build /home/saqib/linorobot2_ws/build/linorobot2 -- -j4 -l4
[2.055s] Invoking command in '/home/saqib/linorobot2_ws/build/linorobot2': CMAKE_PREFIX_PATH=${CMAKE_PREFIX_PATH}:/opt/ros/humble /usr/bin/cmake --install /home/saqib/linorobot2_ws/build/linorobot2
[2.216s] -- Install configuration: ""
[2.242s] -- Up-to-date: /home/saqib/linorobot2_ws/install/linorobot2/share/ament_index/resource_index/package_run_dependencies/linorobot2
[2.243s] -- Up-to-date: /home/saqib/linorobot2_ws/install/linorobot2/share/ament_index/resource_index/parent_prefix_path/linorobot2
[2.244s] -- Up-to-date: /home/saqib/linorobot2_ws/install/linorobot2/share/linorobot2/environment/ament_prefix_path.sh
[2.244s] -- Up-to-date: /home/saqib/linorobot2_ws/install/linorobot2/share/linorobot2/environment/ament_prefix_path.dsv
[2.245s] -- Up-to-date: /home/saqib/linorobot2_ws/install/linorobot2/share/linorobot2/environment/path.sh
[2.245s] -- Up-to-date: /home/saqib/linorobot2_ws/install/linorobot2/share/linorobot2/environment/path.dsv
[2.246s] -- Up-to-date: /home/saqib/linorobot2_ws/install/linorobot2/share/linorobot2/local_setup.bash
[2.246s] -- Up-to-date: /home/saqib/linorobot2_ws/install/linorobot2/share/linorobot2/local_setup.sh
[2.248s] -- Up-to-date: /home/saqib/linorobot2_ws/install/linorobot2/share/linorobot2/local_setup.zsh
[2.256s] -- Up-to-date: /home/saqib/linorobot2_ws/install/linorobot2/share/linorobot2/local_setup.dsv
[2.257s] -- Installing: /home/saqib/linorobot2_ws/install/linorobot2/share/linorobot2/package.dsv
[2.282s] -- Up-to-date: /home/saqib/linorobot2_ws/install/linorobot2/share/ament_index/resource_index/packages/linorobot2
[2.283s] -- Up-to-date: /home/saqib/linorobot2_ws/install/linorobot2/share/linorobot2/cmake/linorobot2Config.cmake
[2.283s] -- Up-to-date: /home/saqib/linorobot2_ws/install/linorobot2/share/linorobot2/cmake/linorobot2Config-version.cmake
[2.284s] -- Up-to-date: /home/saqib/linorobot2_ws/install/linorobot2/share/linorobot2/package.xml
[3.098s] Invoked command in '/home/saqib/linorobot2_ws/build/linorobot2' returned '0': CMAKE_PREFIX_PATH=${CMAKE_PREFIX_PATH}:/opt/ros/humble /usr/bin/cmake --install /home/saqib/linorobot2_ws/build/linorobot2
