[0.709s] Invoking command in '/home/saqib/linorobot2_ws/build/micro_ros_setup': CMAKE_PREFIX_PATH=${CMAKE_PREFIX_PATH}:/opt/ros/humble /usr/bin/cmake --build /home/saqib/linorobot2_ws/build/micro_ros_setup -- -j4 -l4
[1.340s] Invoked command in '/home/saqib/linorobot2_ws/build/micro_ros_setup' returned '0': CMAKE_PREFIX_PATH=${CMAKE_PREFIX_PATH}:/opt/ros/humble /usr/bin/cmake --build /home/saqib/linorobot2_ws/build/micro_ros_setup -- -j4 -l4
[3.055s] Invoking command in '/home/saqib/linorobot2_ws/build/micro_ros_setup': CMAKE_PREFIX_PATH=${CMAKE_PREFIX_PATH}:/opt/ros/humble /usr/bin/cmake --install /home/saqib/linorobot2_ws/build/micro_ros_setup
[3.118s] -- Install configuration: ""
[3.119s] -- Up-to-date: /home/saqib/linorobot2_ws/install/micro_ros_setup/share/ament_index/resource_index/package_run_dependencies/micro_ros_setup
[3.120s] -- Up-to-date: /home/saqib/linorobot2_ws/install/micro_ros_setup/share/ament_index/resource_index/parent_prefix_path/micro_ros_setup
[3.121s] -- Up-to-date: /home/saqib/linorobot2_ws/install/micro_ros_setup/share/micro_ros_setup/environment/ament_prefix_path.sh
[3.122s] -- Up-to-date: /home/saqib/linorobot2_ws/install/micro_ros_setup/share/micro_ros_setup/environment/ament_prefix_path.dsv
[3.123s] -- Up-to-date: /home/saqib/linorobot2_ws/install/micro_ros_setup/share/micro_ros_setup/environment/path.sh
[3.124s] -- Up-to-date: /home/saqib/linorobot2_ws/install/micro_ros_setup/share/micro_ros_setup/environment/path.dsv
[3.125s] -- Up-to-date: /home/saqib/linorobot2_ws/install/micro_ros_setup/share/micro_ros_setup/local_setup.bash
[3.128s] -- Up-to-date: /home/saqib/linorobot2_ws/install/micro_ros_setup/share/micro_ros_setup/local_setup.sh
[3.129s] -- Up-to-date: /home/saqib/linorobot2_ws/install/micro_ros_setup/share/micro_ros_setup/local_setup.zsh
[3.130s] -- Up-to-date: /home/saqib/linorobot2_ws/install/micro_ros_setup/share/micro_ros_setup/local_setup.dsv
[3.131s] -- Installing: /home/saqib/linorobot2_ws/install/micro_ros_setup/share/micro_ros_setup/package.dsv
[3.131s] -- Up-to-date: /home/saqib/linorobot2_ws/install/micro_ros_setup/share/ament_index/resource_index/packages/micro_ros_setup
[3.141s] -- Up-to-date: /home/saqib/linorobot2_ws/install/micro_ros_setup/share/micro_ros_setup/cmake/micro_ros_setupConfig.cmake
[3.141s] -- Up-to-date: /home/saqib/linorobot2_ws/install/micro_ros_setup/share/micro_ros_setup/cmake/micro_ros_setupConfig-version.cmake
[3.142s] -- Up-to-date: /home/saqib/linorobot2_ws/install/micro_ros_setup/share/micro_ros_setup/package.xml
[3.142s] -- Up-to-date: /home/saqib/linorobot2_ws/install/micro_ros_setup/./config
[3.150s] -- Up-to-date: /home/saqib/linorobot2_ws/install/micro_ros_setup/./config/generate_lib
[3.153s] -- Up-to-date: /home/saqib/linorobot2_ws/install/micro_ros_setup/./config/generate_lib/generic
[3.154s] -- Up-to-date: /home/saqib/linorobot2_ws/install/micro_ros_setup/./config/generate_lib/generic/flash.sh
[3.158s] -- Up-to-date: /home/saqib/linorobot2_ws/install/micro_ros_setup/./config/generate_lib/generic/client_uros_packages.repos
[3.164s] -- Up-to-date: /home/saqib/linorobot2_ws/install/micro_ros_setup/./config/generate_lib/generic/client-colcon.meta
[3.174s] -- Up-to-date: /home/saqib/linorobot2_ws/install/micro_ros_setup/./config/generate_lib/generic/build.sh
[3.174s] -- Up-to-date: /home/saqib/linorobot2_ws/install/micro_ros_setup/./config/generate_lib/generic/create.sh
[3.175s] -- Up-to-date: /home/saqib/linorobot2_ws/install/micro_ros_setup/./config/generate_lib/generic/demo_toolchain.cmake
[3.176s] -- Up-to-date: /home/saqib/linorobot2_ws/install/micro_ros_setup/./config/generate_lib/generic/package.xml
[3.176s] -- Up-to-date: /home/saqib/linorobot2_ws/install/micro_ros_setup/./config/generate_lib/dev_ros2_packages.txt
[3.176s] -- Up-to-date: /home/saqib/linorobot2_ws/install/micro_ros_setup/./config/generate_lib/dev_uros_packages.repos
[3.177s] -- Up-to-date: /home/saqib/linorobot2_ws/install/micro_ros_setup/./config/client_uros_packages.repos
[3.178s] -- Up-to-date: /home/saqib/linorobot2_ws/install/micro_ros_setup/./config/freertos
[3.179s] -- Up-to-date: /home/saqib/linorobot2_ws/install/micro_ros_setup/./config/freertos/olimex-stm32-e407
[3.181s] -- Up-to-date: /home/saqib/linorobot2_ws/install/micro_ros_setup/./config/freertos/olimex-stm32-e407/flash.sh
[3.182s] -- Up-to-date: /home/saqib/linorobot2_ws/install/micro_ros_setup/./config/freertos/olimex-stm32-e407/client_uros_packages.repos
[3.185s] -- Up-to-date: /home/saqib/linorobot2_ws/install/micro_ros_setup/./config/freertos/olimex-stm32-e407/client-colcon.meta
[3.189s] -- Up-to-date: /home/saqib/linorobot2_ws/install/micro_ros_setup/./config/freertos/olimex-stm32-e407/build.sh
[3.195s] -- Up-to-date: /home/saqib/linorobot2_ws/install/micro_ros_setup/./config/freertos/olimex-stm32-e407/create.sh
[3.199s] -- Up-to-date: /home/saqib/linorobot2_ws/install/micro_ros_setup/./config/freertos/olimex-stm32-e407/configure.sh
[3.202s] -- Up-to-date: /home/saqib/linorobot2_ws/install/micro_ros_setup/./config/freertos/olimex-stm32-e407/board.repos
[3.206s] -- Up-to-date: /home/saqib/linorobot2_ws/install/micro_ros_setup/./config/freertos/olimex-stm32-e407/package.xml
[3.208s] -- Up-to-date: /home/saqib/linorobot2_ws/install/micro_ros_setup/./config/freertos/list_apps.sh
[3.208s] -- Up-to-date: /home/saqib/linorobot2_ws/install/micro_ros_setup/./config/freertos/dev_ros2_packages.txt
[3.230s] -- Up-to-date: /home/saqib/linorobot2_ws/install/micro_ros_setup/./config/freertos/nucleo_f746zg
[3.231s] -- Up-to-date: /home/saqib/linorobot2_ws/install/micro_ros_setup/./config/freertos/nucleo_f746zg/flash.sh
[3.231s] -- Up-to-date: /home/saqib/linorobot2_ws/install/micro_ros_setup/./config/freertos/nucleo_f746zg/client_uros_packages.repos
[3.233s] -- Up-to-date: /home/saqib/linorobot2_ws/install/micro_ros_setup/./config/freertos/nucleo_f746zg/client-colcon.meta
[3.237s] -- Up-to-date: /home/saqib/linorobot2_ws/install/micro_ros_setup/./config/freertos/nucleo_f746zg/build.sh
[3.240s] -- Up-to-date: /home/saqib/linorobot2_ws/install/micro_ros_setup/./config/freertos/nucleo_f746zg/create.sh
[3.248s] -- Up-to-date: /home/saqib/linorobot2_ws/install/micro_ros_setup/./config/freertos/nucleo_f746zg/configure.sh
[3.249s] -- Up-to-date: /home/saqib/linorobot2_ws/install/micro_ros_setup/./config/freertos/nucleo_f746zg/board.repos
[3.251s] -- Up-to-date: /home/saqib/linorobot2_ws/install/micro_ros_setup/./config/freertos/nucleo_f746zg/package.xml
[3.253s] -- Up-to-date: /home/saqib/linorobot2_ws/install/micro_ros_setup/./config/freertos/nucleo_f446ze
[3.256s] -- Up-to-date: /home/saqib/linorobot2_ws/install/micro_ros_setup/./config/freertos/nucleo_f446ze/flash.sh
[3.258s] -- Up-to-date: /home/saqib/linorobot2_ws/install/micro_ros_setup/./config/freertos/nucleo_f446ze/client_uros_packages.repos
[3.259s] -- Up-to-date: /home/saqib/linorobot2_ws/install/micro_ros_setup/./config/freertos/nucleo_f446ze/client-colcon.meta
[3.263s] -- Up-to-date: /home/saqib/linorobot2_ws/install/micro_ros_setup/./config/freertos/nucleo_f446ze/build.sh
[3.264s] -- Up-to-date: /home/saqib/linorobot2_ws/install/micro_ros_setup/./config/freertos/nucleo_f446ze/create.sh
[3.268s] -- Up-to-date: /home/saqib/linorobot2_ws/install/micro_ros_setup/./config/freertos/nucleo_f446ze/configure.sh
[3.270s] -- Up-to-date: /home/saqib/linorobot2_ws/install/micro_ros_setup/./config/freertos/nucleo_f446ze/board.repos
[3.272s] -- Up-to-date: /home/saqib/linorobot2_ws/install/micro_ros_setup/./config/freertos/nucleo_f446ze/package.xml
[3.274s] -- Up-to-date: /home/saqib/linorobot2_ws/install/micro_ros_setup/./config/freertos/esp32
[3.277s] -- Up-to-date: /home/saqib/linorobot2_ws/install/micro_ros_setup/./config/freertos/esp32/flash.sh
[3.278s] -- Up-to-date: /home/saqib/linorobot2_ws/install/micro_ros_setup/./config/freertos/esp32/client_uros_packages.repos
[3.281s] -- Up-to-date: /home/saqib/linorobot2_ws/install/micro_ros_setup/./config/freertos/esp32/client-colcon.meta
[3.291s] -- Up-to-date: /home/saqib/linorobot2_ws/install/micro_ros_setup/./config/freertos/esp32/build.sh
[3.292s] -- Up-to-date: /home/saqib/linorobot2_ws/install/micro_ros_setup/./config/freertos/esp32/create.sh
[3.299s] -- Up-to-date: /home/saqib/linorobot2_ws/install/micro_ros_setup/./config/freertos/esp32/configure.sh
[3.300s] -- Up-to-date: /home/saqib/linorobot2_ws/install/micro_ros_setup/./config/freertos/esp32/README.md
[3.301s] -- Up-to-date: /home/saqib/linorobot2_ws/install/micro_ros_setup/./config/freertos/esp32/board.repos
[3.303s] -- Up-to-date: /home/saqib/linorobot2_ws/install/micro_ros_setup/./config/freertos/esp32/package.xml
[3.305s] -- Up-to-date: /home/saqib/linorobot2_ws/install/micro_ros_setup/./config/freertos/dev_uros_packages.repos
[3.306s] -- Up-to-date: /home/saqib/linorobot2_ws/install/micro_ros_setup/./config/freertos/nucleo_f767zi
[3.308s] -- Up-to-date: /home/saqib/linorobot2_ws/install/micro_ros_setup/./config/freertos/nucleo_f767zi/flash.sh
[3.309s] -- Up-to-date: /home/saqib/linorobot2_ws/install/micro_ros_setup/./config/freertos/nucleo_f767zi/client_uros_packages.repos
[3.310s] -- Up-to-date: /home/saqib/linorobot2_ws/install/micro_ros_setup/./config/freertos/nucleo_f767zi/client-colcon.meta
[3.312s] -- Up-to-date: /home/saqib/linorobot2_ws/install/micro_ros_setup/./config/freertos/nucleo_f767zi/build.sh
[3.317s] -- Up-to-date: /home/saqib/linorobot2_ws/install/micro_ros_setup/./config/freertos/nucleo_f767zi/create.sh
[3.320s] -- Up-to-date: /home/saqib/linorobot2_ws/install/micro_ros_setup/./config/freertos/nucleo_f767zi/configure.sh
[3.321s] -- Up-to-date: /home/saqib/linorobot2_ws/install/micro_ros_setup/./config/freertos/nucleo_f767zi/board.repos
[3.322s] -- Up-to-date: /home/saqib/linorobot2_ws/install/micro_ros_setup/./config/freertos/nucleo_f767zi/package.xml
[3.322s] -- Up-to-date: /home/saqib/linorobot2_ws/install/micro_ros_setup/./config/freertos/nucleo_f446re
[3.323s] -- Up-to-date: /home/saqib/linorobot2_ws/install/micro_ros_setup/./config/freertos/nucleo_f446re/flash.sh
[3.323s] -- Up-to-date: /home/saqib/linorobot2_ws/install/micro_ros_setup/./config/freertos/nucleo_f446re/client_uros_packages.repos
[3.325s] -- Up-to-date: /home/saqib/linorobot2_ws/install/micro_ros_setup/./config/freertos/nucleo_f446re/client-colcon.meta
[3.326s] -- Up-to-date: /home/saqib/linorobot2_ws/install/micro_ros_setup/./config/freertos/nucleo_f446re/build.sh
[3.327s] -- Up-to-date: /home/saqib/linorobot2_ws/install/micro_ros_setup/./config/freertos/nucleo_f446re/create.sh
[3.328s] -- Up-to-date: /home/saqib/linorobot2_ws/install/micro_ros_setup/./config/freertos/nucleo_f446re/configure.sh
[3.329s] -- Up-to-date: /home/saqib/linorobot2_ws/install/micro_ros_setup/./config/freertos/nucleo_f446re/board.repos
[3.330s] -- Up-to-date: /home/saqib/linorobot2_ws/install/micro_ros_setup/./config/freertos/nucleo_f446re/package.xml
[3.331s] -- Up-to-date: /home/saqib/linorobot2_ws/install/micro_ros_setup/./config/freertos/crazyflie21
[3.332s] -- Up-to-date: /home/saqib/linorobot2_ws/install/micro_ros_setup/./config/freertos/crazyflie21/flash.sh
[3.335s] -- Up-to-date: /home/saqib/linorobot2_ws/install/micro_ros_setup/./config/freertos/crazyflie21/client_uros_packages.repos
[3.338s] -- Up-to-date: /home/saqib/linorobot2_ws/install/micro_ros_setup/./config/freertos/crazyflie21/client-colcon.meta
[3.338s] -- Up-to-date: /home/saqib/linorobot2_ws/install/micro_ros_setup/./config/freertos/crazyflie21/build.sh
[3.339s] -- Up-to-date: /home/saqib/linorobot2_ws/install/micro_ros_setup/./config/freertos/crazyflie21/create.sh
[3.339s] -- Up-to-date: /home/saqib/linorobot2_ws/install/micro_ros_setup/./config/freertos/crazyflie21/configure.sh
[3.340s] -- Up-to-date: /home/saqib/linorobot2_ws/install/micro_ros_setup/./config/freertos/crazyflie21/board.repos
[3.340s] -- Up-to-date: /home/saqib/linorobot2_ws/install/micro_ros_setup/./config/freertos/crazyflie21/package.xml
[3.341s] -- Up-to-date: /home/saqib/linorobot2_ws/install/micro_ros_setup/./config/agent_uros_packages.repos
[3.341s] -- Up-to-date: /home/saqib/linorobot2_ws/install/micro_ros_setup/./config/zephyr
[3.342s] -- Up-to-date: /home/saqib/linorobot2_ws/install/micro_ros_setup/./config/zephyr/list_apps.sh
[3.342s] -- Up-to-date: /home/saqib/linorobot2_ws/install/micro_ros_setup/./config/zephyr/generic
[3.343s] -- Up-to-date: /home/saqib/linorobot2_ws/install/micro_ros_setup/./config/zephyr/generic/flash.sh
[3.344s] -- Up-to-date: /home/saqib/linorobot2_ws/install/micro_ros_setup/./config/zephyr/generic/client_uros_packages.repos
[3.344s] -- Up-to-date: /home/saqib/linorobot2_ws/install/micro_ros_setup/./config/zephyr/generic/supported_platforms
[3.345s] -- Up-to-date: /home/saqib/linorobot2_ws/install/micro_ros_setup/./config/zephyr/generic/client-colcon.meta
[3.345s] -- Up-to-date: /home/saqib/linorobot2_ws/install/micro_ros_setup/./config/zephyr/generic/build.sh
[3.346s] -- Up-to-date: /home/saqib/linorobot2_ws/install/micro_ros_setup/./config/zephyr/generic/create.sh
[3.346s] -- Up-to-date: /home/saqib/linorobot2_ws/install/micro_ros_setup/./config/zephyr/generic/configure.sh
[3.346s] -- Up-to-date: /home/saqib/linorobot2_ws/install/micro_ros_setup/./config/zephyr/generic/board.repos
[3.347s] -- Up-to-date: /home/saqib/linorobot2_ws/install/micro_ros_setup/./config/zephyr/generic/package.xml
[3.347s] -- Up-to-date: /home/saqib/linorobot2_ws/install/micro_ros_setup/./config/zephyr/dev_ros2_packages.txt
[3.349s] -- Up-to-date: /home/saqib/linorobot2_ws/install/micro_ros_setup/./config/zephyr/dev_uros_packages.repos
[3.350s] -- Up-to-date: /home/saqib/linorobot2_ws/install/micro_ros_setup/./config/client_ros2_packages.txt
[3.351s] -- Up-to-date: /home/saqib/linorobot2_ws/install/micro_ros_setup/./config/utils.sh
[3.351s] -- Up-to-date: /home/saqib/linorobot2_ws/install/micro_ros_setup/./config/host
[3.352s] -- Up-to-date: /home/saqib/linorobot2_ws/install/micro_ros_setup/./config/host/generic
[3.353s] -- Up-to-date: /home/saqib/linorobot2_ws/install/micro_ros_setup/./config/host/generic/flash.sh
[3.354s] -- Up-to-date: /home/saqib/linorobot2_ws/install/micro_ros_setup/./config/host/generic/build.sh
[3.361s] -- Up-to-date: /home/saqib/linorobot2_ws/install/micro_ros_setup/./config/host/generic/create.sh
[3.362s] -- Up-to-date: /home/saqib/linorobot2_ws/install/micro_ros_setup/./config/host/generic/client_host_packages.repos
[3.363s] -- Up-to-date: /home/saqib/linorobot2_ws/install/micro_ros_setup/./config/host/generic/client-host-colcon.meta
[3.365s] -- Up-to-date: /home/saqib/linorobot2_ws/install/micro_ros_setup/./config/host/generic/package.xml
[3.368s] -- Up-to-date: /home/saqib/linorobot2_ws/install/micro_ros_setup/./config/host/dev_ros2_packages.txt
[3.370s] -- Up-to-date: /home/saqib/linorobot2_ws/install/micro_ros_setup/./config/host/client_ros2_packages.txt
[3.371s] -- Up-to-date: /home/saqib/linorobot2_ws/install/micro_ros_setup/./config/host/dev_uros_packages.repos
[3.373s] -- Up-to-date: /home/saqib/linorobot2_ws/install/micro_ros_setup/./config/android
[3.374s] -- Up-to-date: /home/saqib/linorobot2_ws/install/micro_ros_setup/./config/android/generic
[3.375s] -- Up-to-date: /home/saqib/linorobot2_ws/install/micro_ros_setup/./config/android/generic/flash.sh
[3.377s] -- Up-to-date: /home/saqib/linorobot2_ws/install/micro_ros_setup/./config/android/generic/client_uros_packages.repos
[3.379s] -- Up-to-date: /home/saqib/linorobot2_ws/install/micro_ros_setup/./config/android/generic/client-colcon.meta
[3.380s] -- Up-to-date: /home/saqib/linorobot2_ws/install/micro_ros_setup/./config/android/generic/build.sh
[3.381s] -- Up-to-date: /home/saqib/linorobot2_ws/install/micro_ros_setup/./config/android/generic/create.sh
[3.384s] -- Up-to-date: /home/saqib/linorobot2_ws/install/micro_ros_setup/./config/android/generic/package.xml
[3.392s] -- Up-to-date: /home/saqib/linorobot2_ws/install/micro_ros_setup/./config/android/dev_ros2_packages.txt
[3.393s] -- Up-to-date: /home/saqib/linorobot2_ws/install/micro_ros_setup/./config/android/dev_uros_packages.repos
[3.395s] -- Up-to-date: /home/saqib/linorobot2_ws/install/micro_ros_setup/./config/renesas_ra
[3.396s] -- Up-to-date: /home/saqib/linorobot2_ws/install/micro_ros_setup/./config/renesas_ra/list_apps.sh
[3.397s] -- Up-to-date: /home/saqib/linorobot2_ws/install/micro_ros_setup/./config/renesas_ra/dev_ros2_packages.txt
[3.398s] -- Up-to-date: /home/saqib/linorobot2_ws/install/micro_ros_setup/./config/renesas_ra/dev_uros_packages.repos
[3.400s] -- Up-to-date: /home/saqib/linorobot2_ws/install/micro_ros_setup/./config/renesas_ra/ra6m5
[3.401s] -- Up-to-date: /home/saqib/linorobot2_ws/install/micro_ros_setup/./config/renesas_ra/ra6m5/flash.sh
[3.402s] -- Up-to-date: /home/saqib/linorobot2_ws/install/micro_ros_setup/./config/renesas_ra/ra6m5/client_uros_packages.repos
[3.404s] -- Up-to-date: /home/saqib/linorobot2_ws/install/micro_ros_setup/./config/renesas_ra/ra6m5/client-colcon.meta
[3.406s] -- Up-to-date: /home/saqib/linorobot2_ws/install/micro_ros_setup/./config/renesas_ra/ra6m5/build.sh
[3.408s] -- Up-to-date: /home/saqib/linorobot2_ws/install/micro_ros_setup/./config/renesas_ra/ra6m5/create.sh
[3.410s] -- Up-to-date: /home/saqib/linorobot2_ws/install/micro_ros_setup/./config/renesas_ra/ra6m5/configure.sh
[3.413s] -- Up-to-date: /home/saqib/linorobot2_ws/install/micro_ros_setup/./config/renesas_ra/ra6m5/board.repos
[3.419s] -- Up-to-date: /home/saqib/linorobot2_ws/install/micro_ros_setup/./config/mbed
[3.420s] -- Up-to-date: /home/saqib/linorobot2_ws/install/micro_ros_setup/./config/mbed/list_apps.sh
[3.422s] -- Up-to-date: /home/saqib/linorobot2_ws/install/micro_ros_setup/./config/mbed/generic
[3.424s] -- Up-to-date: /home/saqib/linorobot2_ws/install/micro_ros_setup/./config/mbed/generic/flash.sh
[3.424s] -- Up-to-date: /home/saqib/linorobot2_ws/install/micro_ros_setup/./config/mbed/generic/client_uros_packages.repos
[3.431s] -- Up-to-date: /home/saqib/linorobot2_ws/install/micro_ros_setup/./config/mbed/generic/supported_platforms
[3.435s] -- Up-to-date: /home/saqib/linorobot2_ws/install/micro_ros_setup/./config/mbed/generic/build.sh
[3.442s] -- Up-to-date: /home/saqib/linorobot2_ws/install/micro_ros_setup/./config/mbed/generic/create.sh
[3.443s] -- Up-to-date: /home/saqib/linorobot2_ws/install/micro_ros_setup/./config/mbed/generic/board.repos
[3.445s] -- Up-to-date: /home/saqib/linorobot2_ws/install/micro_ros_setup/./config/mbed/generic/package.xml
[3.446s] -- Up-to-date: /home/saqib/linorobot2_ws/install/micro_ros_setup/./config/mbed/dev_ros2_packages.txt
[3.448s] -- Up-to-date: /home/saqib/linorobot2_ws/install/micro_ros_setup/./config/mbed/dev_uros_packages.repos
[3.450s] -- Up-to-date: /home/saqib/linorobot2_ws/install/micro_ros_setup/./config/agent_ros2_packages.txt
[3.453s] -- Up-to-date: /home/saqib/linorobot2_ws/install/micro_ros_setup/./config/raspbian
[3.459s] -- Up-to-date: /home/saqib/linorobot2_ws/install/micro_ros_setup/./config/raspbian/generic
[3.461s] -- Up-to-date: /home/saqib/linorobot2_ws/install/micro_ros_setup/./config/raspbian/generic/flash.sh
[3.463s] -- Up-to-date: /home/saqib/linorobot2_ws/install/micro_ros_setup/./config/raspbian/generic/client_uros_packages.repos
[3.464s] -- Up-to-date: /home/saqib/linorobot2_ws/install/micro_ros_setup/./config/raspbian/generic/supported_platforms
[3.465s] -- Up-to-date: /home/saqib/linorobot2_ws/install/micro_ros_setup/./config/raspbian/generic/client-colcon.meta
[3.466s] -- Up-to-date: /home/saqib/linorobot2_ws/install/micro_ros_setup/./config/raspbian/generic/build.sh
[3.468s] -- Up-to-date: /home/saqib/linorobot2_ws/install/micro_ros_setup/./config/raspbian/generic/create.sh
[3.469s] -- Up-to-date: /home/saqib/linorobot2_ws/install/micro_ros_setup/./config/raspbian/generic/configure.sh
[3.470s] -- Up-to-date: /home/saqib/linorobot2_ws/install/micro_ros_setup/./config/raspbian/dev_ros2_packages.txt
[3.472s] -- Up-to-date: /home/saqib/linorobot2_ws/install/micro_ros_setup/./config/raspbian/dev_uros_packages.repos
[3.472s] -- Up-to-date: /home/saqib/linorobot2_ws/install/micro_ros_setup/lib/micro_ros_setup/create_ws.sh
[3.475s] -- Up-to-date: /home/saqib/linorobot2_ws/install/micro_ros_setup/lib/micro_ros_setup/create_agent_ws.sh
[3.475s] -- Up-to-date: /home/saqib/linorobot2_ws/install/micro_ros_setup/lib/micro_ros_setup/create_firmware_ws.sh
[3.477s] -- Up-to-date: /home/saqib/linorobot2_ws/install/micro_ros_setup/lib/micro_ros_setup/configure_firmware.sh
[3.479s] -- Up-to-date: /home/saqib/linorobot2_ws/install/micro_ros_setup/lib/micro_ros_setup/flash_firmware.sh
[3.481s] -- Up-to-date: /home/saqib/linorobot2_ws/install/micro_ros_setup/lib/micro_ros_setup/build_firmware.sh
[3.486s] -- Up-to-date: /home/saqib/linorobot2_ws/install/micro_ros_setup/lib/micro_ros_setup/build_agent.sh
[3.492s] -- Up-to-date: /home/saqib/linorobot2_ws/install/micro_ros_setup/lib/micro_ros_setup/yaml_filter.py
[3.493s] -- Up-to-date: /home/saqib/linorobot2_ws/install/micro_ros_setup/lib/micro_ros_setup/clean_env.sh
[3.495s] -- Up-to-date: /home/saqib/linorobot2_ws/install/micro_ros_setup/lib/micro_ros_setup/component
[4.569s] Invoked command in '/home/saqib/linorobot2_ws/build/micro_ros_setup' returned '0': CMAKE_PREFIX_PATH=${CMAKE_PREFIX_PATH}:/opt/ros/humble /usr/bin/cmake --install /home/saqib/linorobot2_ws/build/micro_ros_setup
