[2.046s] Invoking command in '/home/saqib/linorobot2_ws/build/micro_ros_msgs': CMAKE_PREFIX_PATH=${CMAKE_PREFIX_PATH}:/opt/ros/humble /usr/bin/cmake --build /home/saqib/linorobot2_ws/build/micro_ros_msgs -- -j4 -l4
[2.554s] [  2%] Built target micro_ros_msgs__cpp
[2.661s] [ 12%] Built target micro_ros_msgs__rosidl_generator_c
[2.734s] [ 12%] Built target ament_cmake_python_copy_micro_ros_msgs
[2.967s] [ 23%] Built target micro_ros_msgs__rosidl_typesupport_fastrtps_cpp
[3.062s] [ 34%] Built target micro_ros_msgs__rosidl_typesupport_fastrtps_c
[3.168s] [ 44%] Built target micro_ros_msgs__rosidl_typesupport_cpp
[3.181s] [ 55%] Built target micro_ros_msgs__rosidl_typesupport_introspection_cpp
[3.205s] [ 65%] Built target micro_ros_msgs__rosidl_typesupport_introspection_c
[3.364s] [ 76%] Built target micro_ros_msgs__rosidl_typesupport_c
[3.528s] [ 76%] Built target micro_ros_msgs
[3.672s] [ 78%] Built target micro_ros_msgs__py
[3.856s] [ 87%] Built target micro_ros_msgs__rosidl_generator_py
[4.133s] [ 91%] Built target micro_ros_msgs__rosidl_typesupport_fastrtps_c__pyext
[4.144s] [ 95%] Built target micro_ros_msgs__rosidl_typesupport_c__pyext
[4.175s] [100%] Built target micro_ros_msgs__rosidl_typesupport_introspection_c__pyext
[5.562s] running egg_info
[5.566s] writing micro_ros_msgs.egg-info/PKG-INFO
[5.568s] writing dependency_links to micro_ros_msgs.egg-info/dependency_links.txt
[5.569s] writing top-level names to micro_ros_msgs.egg-info/top_level.txt
[5.587s] reading manifest file 'micro_ros_msgs.egg-info/SOURCES.txt'
[5.592s] writing manifest file 'micro_ros_msgs.egg-info/SOURCES.txt'
[5.801s] [100%] Built target ament_cmake_python_build_micro_ros_msgs_egg
[7.307s] Invoked command in '/home/saqib/linorobot2_ws/build/micro_ros_msgs' returned '0': CMAKE_PREFIX_PATH=${CMAKE_PREFIX_PATH}:/opt/ros/humble /usr/bin/cmake --build /home/saqib/linorobot2_ws/build/micro_ros_msgs -- -j4 -l4
[8.421s] Invoking command in '/home/saqib/linorobot2_ws/build/micro_ros_msgs': CMAKE_PREFIX_PATH=${CMAKE_PREFIX_PATH}:/opt/ros/humble /usr/bin/cmake --install /home/saqib/linorobot2_ws/build/micro_ros_msgs
[8.484s] -- Install configuration: ""
[8.486s] -- Up-to-date: /home/saqib/linorobot2_ws/install/micro_ros_msgs/share/ament_index/resource_index/rosidl_interfaces/micro_ros_msgs
[8.489s] -- Up-to-date: /home/saqib/linorobot2_ws/install/micro_ros_msgs/include/micro_ros_msgs/micro_ros_msgs
[8.491s] -- Up-to-date: /home/saqib/linorobot2_ws/install/micro_ros_msgs/include/micro_ros_msgs/micro_ros_msgs/msg
[8.504s] -- Up-to-date: /home/saqib/linorobot2_ws/install/micro_ros_msgs/include/micro_ros_msgs/micro_ros_msgs/msg/node.h
[8.505s] -- Up-to-date: /home/saqib/linorobot2_ws/install/micro_ros_msgs/include/micro_ros_msgs/micro_ros_msgs/msg/detail
[8.505s] -- Up-to-date: /home/saqib/linorobot2_ws/install/micro_ros_msgs/include/micro_ros_msgs/micro_ros_msgs/msg/detail/graph__functions.h
[8.506s] -- Up-to-date: /home/saqib/linorobot2_ws/install/micro_ros_msgs/include/micro_ros_msgs/micro_ros_msgs/msg/detail/entity__functions.h
[8.506s] -- Up-to-date: /home/saqib/linorobot2_ws/install/micro_ros_msgs/include/micro_ros_msgs/micro_ros_msgs/msg/detail/graph__struct.h
[8.506s] -- Up-to-date: /home/saqib/linorobot2_ws/install/micro_ros_msgs/include/micro_ros_msgs/micro_ros_msgs/msg/detail/node__functions.c
[8.507s] -- Up-to-date: /home/saqib/linorobot2_ws/install/micro_ros_msgs/include/micro_ros_msgs/micro_ros_msgs/msg/detail/node__type_support.h
[8.507s] -- Up-to-date: /home/saqib/linorobot2_ws/install/micro_ros_msgs/include/micro_ros_msgs/micro_ros_msgs/msg/detail/node__functions.h
[8.527s] -- Up-to-date: /home/saqib/linorobot2_ws/install/micro_ros_msgs/include/micro_ros_msgs/micro_ros_msgs/msg/detail/entity__type_support.h
[8.527s] -- Up-to-date: /home/saqib/linorobot2_ws/install/micro_ros_msgs/include/micro_ros_msgs/micro_ros_msgs/msg/detail/graph__type_support.h
[8.530s] -- Up-to-date: /home/saqib/linorobot2_ws/install/micro_ros_msgs/include/micro_ros_msgs/micro_ros_msgs/msg/detail/graph__functions.c
[8.531s] -- Up-to-date: /home/saqib/linorobot2_ws/install/micro_ros_msgs/include/micro_ros_msgs/micro_ros_msgs/msg/detail/entity__functions.c
[8.538s] -- Up-to-date: /home/saqib/linorobot2_ws/install/micro_ros_msgs/include/micro_ros_msgs/micro_ros_msgs/msg/detail/node__struct.h
[8.539s] -- Up-to-date: /home/saqib/linorobot2_ws/install/micro_ros_msgs/include/micro_ros_msgs/micro_ros_msgs/msg/detail/entity__struct.h
[8.540s] -- Up-to-date: /home/saqib/linorobot2_ws/install/micro_ros_msgs/include/micro_ros_msgs/micro_ros_msgs/msg/graph.h
[8.540s] -- Up-to-date: /home/saqib/linorobot2_ws/install/micro_ros_msgs/include/micro_ros_msgs/micro_ros_msgs/msg/rosidl_generator_c__visibility_control.h
[8.546s] -- Up-to-date: /home/saqib/linorobot2_ws/install/micro_ros_msgs/include/micro_ros_msgs/micro_ros_msgs/msg/entity.h
[8.546s] -- Up-to-date: /home/saqib/linorobot2_ws/install/micro_ros_msgs/share/micro_ros_msgs/environment/library_path.sh
[8.548s] -- Up-to-date: /home/saqib/linorobot2_ws/install/micro_ros_msgs/share/micro_ros_msgs/environment/library_path.dsv
[8.549s] -- Up-to-date: /home/saqib/linorobot2_ws/install/micro_ros_msgs/lib/libmicro_ros_msgs__rosidl_generator_c.so
[8.550s] -- Up-to-date: /home/saqib/linorobot2_ws/install/micro_ros_msgs/include/micro_ros_msgs/micro_ros_msgs
[8.551s] -- Up-to-date: /home/saqib/linorobot2_ws/install/micro_ros_msgs/include/micro_ros_msgs/micro_ros_msgs/msg
[8.551s] -- Up-to-date: /home/saqib/linorobot2_ws/install/micro_ros_msgs/include/micro_ros_msgs/micro_ros_msgs/msg/detail
[8.552s] -- Up-to-date: /home/saqib/linorobot2_ws/install/micro_ros_msgs/include/micro_ros_msgs/micro_ros_msgs/msg/detail/node__rosidl_typesupport_fastrtps_c.h
[8.555s] -- Up-to-date: /home/saqib/linorobot2_ws/install/micro_ros_msgs/include/micro_ros_msgs/micro_ros_msgs/msg/detail/graph__rosidl_typesupport_fastrtps_c.h
[8.557s] -- Up-to-date: /home/saqib/linorobot2_ws/install/micro_ros_msgs/include/micro_ros_msgs/micro_ros_msgs/msg/detail/entity__rosidl_typesupport_fastrtps_c.h
[8.560s] -- Up-to-date: /home/saqib/linorobot2_ws/install/micro_ros_msgs/include/micro_ros_msgs/micro_ros_msgs/msg/rosidl_typesupport_fastrtps_c__visibility_control.h
[8.563s] -- Up-to-date: /home/saqib/linorobot2_ws/install/micro_ros_msgs/lib/libmicro_ros_msgs__rosidl_typesupport_fastrtps_c.so
[8.564s] -- Up-to-date: /home/saqib/linorobot2_ws/install/micro_ros_msgs/include/micro_ros_msgs/micro_ros_msgs
[8.565s] -- Up-to-date: /home/saqib/linorobot2_ws/install/micro_ros_msgs/include/micro_ros_msgs/micro_ros_msgs/msg
[8.565s] -- Up-to-date: /home/saqib/linorobot2_ws/install/micro_ros_msgs/include/micro_ros_msgs/micro_ros_msgs/msg/rosidl_typesupport_introspection_c__visibility_control.h
[8.566s] -- Up-to-date: /home/saqib/linorobot2_ws/install/micro_ros_msgs/include/micro_ros_msgs/micro_ros_msgs/msg/detail
[8.567s] -- Up-to-date: /home/saqib/linorobot2_ws/install/micro_ros_msgs/include/micro_ros_msgs/micro_ros_msgs/msg/detail/entity__rosidl_typesupport_introspection_c.h
[8.567s] -- Up-to-date: /home/saqib/linorobot2_ws/install/micro_ros_msgs/include/micro_ros_msgs/micro_ros_msgs/msg/detail/graph__rosidl_typesupport_introspection_c.h
[8.570s] -- Up-to-date: /home/saqib/linorobot2_ws/install/micro_ros_msgs/include/micro_ros_msgs/micro_ros_msgs/msg/detail/node__rosidl_typesupport_introspection_c.h
[8.572s] -- Up-to-date: /home/saqib/linorobot2_ws/install/micro_ros_msgs/include/micro_ros_msgs/micro_ros_msgs/msg/detail/entity__type_support.c
[8.572s] -- Up-to-date: /home/saqib/linorobot2_ws/install/micro_ros_msgs/include/micro_ros_msgs/micro_ros_msgs/msg/detail/node__type_support.c
[8.573s] -- Up-to-date: /home/saqib/linorobot2_ws/install/micro_ros_msgs/include/micro_ros_msgs/micro_ros_msgs/msg/detail/graph__type_support.c
[8.574s] -- Up-to-date: /home/saqib/linorobot2_ws/install/micro_ros_msgs/lib/libmicro_ros_msgs__rosidl_typesupport_introspection_c.so
[8.574s] -- Up-to-date: /home/saqib/linorobot2_ws/install/micro_ros_msgs/lib/libmicro_ros_msgs__rosidl_typesupport_c.so
[8.575s] -- Up-to-date: /home/saqib/linorobot2_ws/install/micro_ros_msgs/include/micro_ros_msgs/micro_ros_msgs
[8.575s] -- Up-to-date: /home/saqib/linorobot2_ws/install/micro_ros_msgs/include/micro_ros_msgs/micro_ros_msgs/msg
[8.576s] -- Up-to-date: /home/saqib/linorobot2_ws/install/micro_ros_msgs/include/micro_ros_msgs/micro_ros_msgs/msg/graph.hpp
[8.576s] -- Up-to-date: /home/saqib/linorobot2_ws/install/micro_ros_msgs/include/micro_ros_msgs/micro_ros_msgs/msg/detail
[8.577s] -- Up-to-date: /home/saqib/linorobot2_ws/install/micro_ros_msgs/include/micro_ros_msgs/micro_ros_msgs/msg/detail/graph__traits.hpp
[8.581s] -- Up-to-date: /home/saqib/linorobot2_ws/install/micro_ros_msgs/include/micro_ros_msgs/micro_ros_msgs/msg/detail/node__builder.hpp
[8.582s] -- Up-to-date: /home/saqib/linorobot2_ws/install/micro_ros_msgs/include/micro_ros_msgs/micro_ros_msgs/msg/detail/graph__builder.hpp
[8.582s] -- Up-to-date: /home/saqib/linorobot2_ws/install/micro_ros_msgs/include/micro_ros_msgs/micro_ros_msgs/msg/detail/entity__struct.hpp
[8.583s] -- Up-to-date: /home/saqib/linorobot2_ws/install/micro_ros_msgs/include/micro_ros_msgs/micro_ros_msgs/msg/detail/graph__struct.hpp
[8.583s] -- Up-to-date: /home/saqib/linorobot2_ws/install/micro_ros_msgs/include/micro_ros_msgs/micro_ros_msgs/msg/detail/node__struct.hpp
[8.584s] -- Up-to-date: /home/saqib/linorobot2_ws/install/micro_ros_msgs/include/micro_ros_msgs/micro_ros_msgs/msg/detail/node__traits.hpp
[8.585s] -- Up-to-date: /home/saqib/linorobot2_ws/install/micro_ros_msgs/include/micro_ros_msgs/micro_ros_msgs/msg/detail/entity__builder.hpp
[8.586s] -- Up-to-date: /home/saqib/linorobot2_ws/install/micro_ros_msgs/include/micro_ros_msgs/micro_ros_msgs/msg/detail/entity__traits.hpp
[8.586s] -- Up-to-date: /home/saqib/linorobot2_ws/install/micro_ros_msgs/include/micro_ros_msgs/micro_ros_msgs/msg/node.hpp
[8.587s] -- Up-to-date: /home/saqib/linorobot2_ws/install/micro_ros_msgs/include/micro_ros_msgs/micro_ros_msgs/msg/entity.hpp
[8.589s] -- Up-to-date: /home/saqib/linorobot2_ws/install/micro_ros_msgs/include/micro_ros_msgs/micro_ros_msgs
[8.594s] -- Up-to-date: /home/saqib/linorobot2_ws/install/micro_ros_msgs/include/micro_ros_msgs/micro_ros_msgs/msg
[8.596s] -- Up-to-date: /home/saqib/linorobot2_ws/install/micro_ros_msgs/include/micro_ros_msgs/micro_ros_msgs/msg/detail
[8.597s] -- Up-to-date: /home/saqib/linorobot2_ws/install/micro_ros_msgs/include/micro_ros_msgs/micro_ros_msgs/msg/detail/node__rosidl_typesupport_fastrtps_cpp.hpp
[8.597s] -- Up-to-date: /home/saqib/linorobot2_ws/install/micro_ros_msgs/include/micro_ros_msgs/micro_ros_msgs/msg/detail/entity__rosidl_typesupport_fastrtps_cpp.hpp
[8.598s] -- Up-to-date: /home/saqib/linorobot2_ws/install/micro_ros_msgs/include/micro_ros_msgs/micro_ros_msgs/msg/detail/graph__rosidl_typesupport_fastrtps_cpp.hpp
[8.598s] -- Up-to-date: /home/saqib/linorobot2_ws/install/micro_ros_msgs/include/micro_ros_msgs/micro_ros_msgs/msg/detail/dds_fastrtps
[8.599s] -- Up-to-date: /home/saqib/linorobot2_ws/install/micro_ros_msgs/include/micro_ros_msgs/micro_ros_msgs/msg/rosidl_typesupport_fastrtps_cpp__visibility_control.h
[8.600s] -- Up-to-date: /home/saqib/linorobot2_ws/install/micro_ros_msgs/lib/libmicro_ros_msgs__rosidl_typesupport_fastrtps_cpp.so
[8.601s] -- Up-to-date: /home/saqib/linorobot2_ws/install/micro_ros_msgs/include/micro_ros_msgs/micro_ros_msgs
[8.602s] -- Up-to-date: /home/saqib/linorobot2_ws/install/micro_ros_msgs/include/micro_ros_msgs/micro_ros_msgs/msg
[8.629s] -- Up-to-date: /home/saqib/linorobot2_ws/install/micro_ros_msgs/include/micro_ros_msgs/micro_ros_msgs/msg/detail
[8.629s] -- Up-to-date: /home/saqib/linorobot2_ws/install/micro_ros_msgs/include/micro_ros_msgs/micro_ros_msgs/msg/detail/node__type_support.cpp
[8.630s] -- Up-to-date: /home/saqib/linorobot2_ws/install/micro_ros_msgs/include/micro_ros_msgs/micro_ros_msgs/msg/detail/node__rosidl_typesupport_introspection_cpp.hpp
[8.630s] -- Up-to-date: /home/saqib/linorobot2_ws/install/micro_ros_msgs/include/micro_ros_msgs/micro_ros_msgs/msg/detail/entity__type_support.cpp
[8.630s] -- Up-to-date: /home/saqib/linorobot2_ws/install/micro_ros_msgs/include/micro_ros_msgs/micro_ros_msgs/msg/detail/graph__rosidl_typesupport_introspection_cpp.hpp
[8.631s] -- Up-to-date: /home/saqib/linorobot2_ws/install/micro_ros_msgs/include/micro_ros_msgs/micro_ros_msgs/msg/detail/entity__rosidl_typesupport_introspection_cpp.hpp
[8.631s] -- Up-to-date: /home/saqib/linorobot2_ws/install/micro_ros_msgs/include/micro_ros_msgs/micro_ros_msgs/msg/detail/graph__type_support.cpp
[8.632s] -- Up-to-date: /home/saqib/linorobot2_ws/install/micro_ros_msgs/lib/libmicro_ros_msgs__rosidl_typesupport_introspection_cpp.so
[8.632s] -- Up-to-date: /home/saqib/linorobot2_ws/install/micro_ros_msgs/lib/libmicro_ros_msgs__rosidl_typesupport_cpp.so
[8.633s] -- Up-to-date: /home/saqib/linorobot2_ws/install/micro_ros_msgs/share/micro_ros_msgs/environment/pythonpath.sh
[8.633s] -- Up-to-date: /home/saqib/linorobot2_ws/install/micro_ros_msgs/share/micro_ros_msgs/environment/pythonpath.dsv
[8.634s] -- Up-to-date: /home/saqib/linorobot2_ws/install/micro_ros_msgs/local/lib/python3.10/dist-packages/micro_ros_msgs-3.0.0-py3.10.egg-info
[8.634s] -- Installing: /home/saqib/linorobot2_ws/install/micro_ros_msgs/local/lib/python3.10/dist-packages/micro_ros_msgs-3.0.0-py3.10.egg-info/dependency_links.txt
[8.635s] -- Installing: /home/saqib/linorobot2_ws/install/micro_ros_msgs/local/lib/python3.10/dist-packages/micro_ros_msgs-3.0.0-py3.10.egg-info/SOURCES.txt
[8.635s] -- Installing: /home/saqib/linorobot2_ws/install/micro_ros_msgs/local/lib/python3.10/dist-packages/micro_ros_msgs-3.0.0-py3.10.egg-info/top_level.txt
[8.637s] -- Installing: /home/saqib/linorobot2_ws/install/micro_ros_msgs/local/lib/python3.10/dist-packages/micro_ros_msgs-3.0.0-py3.10.egg-info/PKG-INFO
[8.638s] -- Up-to-date: /home/saqib/linorobot2_ws/install/micro_ros_msgs/local/lib/python3.10/dist-packages/micro_ros_msgs
[8.638s] -- Up-to-date: /home/saqib/linorobot2_ws/install/micro_ros_msgs/local/lib/python3.10/dist-packages/micro_ros_msgs/msg
[8.639s] -- Up-to-date: /home/saqib/linorobot2_ws/install/micro_ros_msgs/local/lib/python3.10/dist-packages/micro_ros_msgs/msg/__init__.py
[8.639s] -- Up-to-date: /home/saqib/linorobot2_ws/install/micro_ros_msgs/local/lib/python3.10/dist-packages/micro_ros_msgs/msg/_entity.py
[8.640s] -- Up-to-date: /home/saqib/linorobot2_ws/install/micro_ros_msgs/local/lib/python3.10/dist-packages/micro_ros_msgs/msg/_node.py
[8.642s] -- Up-to-date: /home/saqib/linorobot2_ws/install/micro_ros_msgs/local/lib/python3.10/dist-packages/micro_ros_msgs/msg/_node_s.c
[8.651s] -- Up-to-date: /home/saqib/linorobot2_ws/install/micro_ros_msgs/local/lib/python3.10/dist-packages/micro_ros_msgs/msg/_graph.py
[8.652s] -- Up-to-date: /home/saqib/linorobot2_ws/install/micro_ros_msgs/local/lib/python3.10/dist-packages/micro_ros_msgs/msg/_graph_s.c
[8.652s] -- Up-to-date: /home/saqib/linorobot2_ws/install/micro_ros_msgs/local/lib/python3.10/dist-packages/micro_ros_msgs/msg/_entity_s.c
[8.653s] -- Up-to-date: /home/saqib/linorobot2_ws/install/micro_ros_msgs/local/lib/python3.10/dist-packages/micro_ros_msgs/_micro_ros_msgs_s.ep.rosidl_typesupport_fastrtps_c.c
[8.664s] -- Up-to-date: /home/saqib/linorobot2_ws/install/micro_ros_msgs/local/lib/python3.10/dist-packages/micro_ros_msgs/libmicro_ros_msgs__rosidl_generator_py.so
[8.665s] -- Up-to-date: /home/saqib/linorobot2_ws/install/micro_ros_msgs/local/lib/python3.10/dist-packages/micro_ros_msgs/micro_ros_msgs_s__rosidl_typesupport_introspection_c.cpython-310-aarch64-linux-gnu.so
[8.666s] -- Up-to-date: /home/saqib/linorobot2_ws/install/micro_ros_msgs/local/lib/python3.10/dist-packages/micro_ros_msgs/__init__.py
[8.667s] -- Up-to-date: /home/saqib/linorobot2_ws/install/micro_ros_msgs/local/lib/python3.10/dist-packages/micro_ros_msgs/_micro_ros_msgs_s.ep.rosidl_typesupport_introspection_c.c
[8.667s] -- Up-to-date: /home/saqib/linorobot2_ws/install/micro_ros_msgs/local/lib/python3.10/dist-packages/micro_ros_msgs/micro_ros_msgs_s__rosidl_typesupport_fastrtps_c.cpython-310-aarch64-linux-gnu.so
[8.668s] -- Up-to-date: /home/saqib/linorobot2_ws/install/micro_ros_msgs/local/lib/python3.10/dist-packages/micro_ros_msgs/micro_ros_msgs_s__rosidl_typesupport_c.cpython-310-aarch64-linux-gnu.so
[8.669s] -- Up-to-date: /home/saqib/linorobot2_ws/install/micro_ros_msgs/local/lib/python3.10/dist-packages/micro_ros_msgs/_micro_ros_msgs_s.ep.rosidl_typesupport_c.c
[8.877s] Listing '/home/saqib/linorobot2_ws/install/micro_ros_msgs/local/lib/python3.10/dist-packages/micro_ros_msgs'...
[8.878s] Listing '/home/saqib/linorobot2_ws/install/micro_ros_msgs/local/lib/python3.10/dist-packages/micro_ros_msgs/msg'...
[8.920s] -- Up-to-date: /home/saqib/linorobot2_ws/install/micro_ros_msgs/local/lib/python3.10/dist-packages/micro_ros_msgs/micro_ros_msgs_s__rosidl_typesupport_fastrtps_c.cpython-310-aarch64-linux-gnu.so
[8.922s] -- Up-to-date: /home/saqib/linorobot2_ws/install/micro_ros_msgs/local/lib/python3.10/dist-packages/micro_ros_msgs/micro_ros_msgs_s__rosidl_typesupport_introspection_c.cpython-310-aarch64-linux-gnu.so
[8.925s] -- Up-to-date: /home/saqib/linorobot2_ws/install/micro_ros_msgs/local/lib/python3.10/dist-packages/micro_ros_msgs/micro_ros_msgs_s__rosidl_typesupport_c.cpython-310-aarch64-linux-gnu.so
[8.928s] -- Up-to-date: /home/saqib/linorobot2_ws/install/micro_ros_msgs/lib/libmicro_ros_msgs__rosidl_generator_py.so
[8.930s] -- Up-to-date: /home/saqib/linorobot2_ws/install/micro_ros_msgs/share/micro_ros_msgs/msg/Graph.idl
[8.930s] -- Up-to-date: /home/saqib/linorobot2_ws/install/micro_ros_msgs/share/micro_ros_msgs/msg/Node.idl
[8.931s] -- Up-to-date: /home/saqib/linorobot2_ws/install/micro_ros_msgs/share/micro_ros_msgs/msg/Entity.idl
[8.932s] -- Up-to-date: /home/saqib/linorobot2_ws/install/micro_ros_msgs/share/micro_ros_msgs/msg/Graph.msg
[8.932s] -- Up-to-date: /home/saqib/linorobot2_ws/install/micro_ros_msgs/share/micro_ros_msgs/msg/Node.msg
[8.933s] -- Up-to-date: /home/saqib/linorobot2_ws/install/micro_ros_msgs/share/micro_ros_msgs/msg/Entity.msg
[8.933s] -- Up-to-date: /home/saqib/linorobot2_ws/install/micro_ros_msgs/share/ament_index/resource_index/package_run_dependencies/micro_ros_msgs
[8.944s] -- Up-to-date: /home/saqib/linorobot2_ws/install/micro_ros_msgs/share/ament_index/resource_index/parent_prefix_path/micro_ros_msgs
[8.945s] -- Up-to-date: /home/saqib/linorobot2_ws/install/micro_ros_msgs/share/micro_ros_msgs/environment/ament_prefix_path.sh
[8.945s] -- Up-to-date: /home/saqib/linorobot2_ws/install/micro_ros_msgs/share/micro_ros_msgs/environment/ament_prefix_path.dsv
[8.946s] -- Up-to-date: /home/saqib/linorobot2_ws/install/micro_ros_msgs/share/micro_ros_msgs/environment/path.sh
[8.946s] -- Up-to-date: /home/saqib/linorobot2_ws/install/micro_ros_msgs/share/micro_ros_msgs/environment/path.dsv
[8.946s] -- Up-to-date: /home/saqib/linorobot2_ws/install/micro_ros_msgs/share/micro_ros_msgs/local_setup.bash
[8.947s] -- Up-to-date: /home/saqib/linorobot2_ws/install/micro_ros_msgs/share/micro_ros_msgs/local_setup.sh
[8.947s] -- Up-to-date: /home/saqib/linorobot2_ws/install/micro_ros_msgs/share/micro_ros_msgs/local_setup.zsh
[8.947s] -- Up-to-date: /home/saqib/linorobot2_ws/install/micro_ros_msgs/share/micro_ros_msgs/local_setup.dsv
[8.949s] -- Installing: /home/saqib/linorobot2_ws/install/micro_ros_msgs/share/micro_ros_msgs/package.dsv
[8.949s] -- Up-to-date: /home/saqib/linorobot2_ws/install/micro_ros_msgs/share/ament_index/resource_index/packages/micro_ros_msgs
[8.950s] -- Up-to-date: /home/saqib/linorobot2_ws/install/micro_ros_msgs/share/micro_ros_msgs/cmake/export_micro_ros_msgs__rosidl_generator_cExport.cmake
[8.951s] -- Up-to-date: /home/saqib/linorobot2_ws/install/micro_ros_msgs/share/micro_ros_msgs/cmake/export_micro_ros_msgs__rosidl_generator_cExport-noconfig.cmake
[8.951s] -- Up-to-date: /home/saqib/linorobot2_ws/install/micro_ros_msgs/share/micro_ros_msgs/cmake/export_micro_ros_msgs__rosidl_typesupport_fastrtps_cExport.cmake
[8.955s] -- Up-to-date: /home/saqib/linorobot2_ws/install/micro_ros_msgs/share/micro_ros_msgs/cmake/export_micro_ros_msgs__rosidl_typesupport_fastrtps_cExport-noconfig.cmake
[8.956s] -- Up-to-date: /home/saqib/linorobot2_ws/install/micro_ros_msgs/share/micro_ros_msgs/cmake/micro_ros_msgs__rosidl_typesupport_introspection_cExport.cmake
[8.963s] -- Up-to-date: /home/saqib/linorobot2_ws/install/micro_ros_msgs/share/micro_ros_msgs/cmake/micro_ros_msgs__rosidl_typesupport_introspection_cExport-noconfig.cmake
[8.966s] -- Up-to-date: /home/saqib/linorobot2_ws/install/micro_ros_msgs/share/micro_ros_msgs/cmake/micro_ros_msgs__rosidl_typesupport_cExport.cmake
[8.967s] -- Up-to-date: /home/saqib/linorobot2_ws/install/micro_ros_msgs/share/micro_ros_msgs/cmake/micro_ros_msgs__rosidl_typesupport_cExport-noconfig.cmake
[8.968s] -- Up-to-date: /home/saqib/linorobot2_ws/install/micro_ros_msgs/share/micro_ros_msgs/cmake/export_micro_ros_msgs__rosidl_generator_cppExport.cmake
[8.968s] -- Up-to-date: /home/saqib/linorobot2_ws/install/micro_ros_msgs/share/micro_ros_msgs/cmake/export_micro_ros_msgs__rosidl_typesupport_fastrtps_cppExport.cmake
[8.969s] -- Up-to-date: /home/saqib/linorobot2_ws/install/micro_ros_msgs/share/micro_ros_msgs/cmake/export_micro_ros_msgs__rosidl_typesupport_fastrtps_cppExport-noconfig.cmake
[8.970s] -- Up-to-date: /home/saqib/linorobot2_ws/install/micro_ros_msgs/share/micro_ros_msgs/cmake/micro_ros_msgs__rosidl_typesupport_introspection_cppExport.cmake
[8.970s] -- Up-to-date: /home/saqib/linorobot2_ws/install/micro_ros_msgs/share/micro_ros_msgs/cmake/micro_ros_msgs__rosidl_typesupport_introspection_cppExport-noconfig.cmake
[8.971s] -- Up-to-date: /home/saqib/linorobot2_ws/install/micro_ros_msgs/share/micro_ros_msgs/cmake/micro_ros_msgs__rosidl_typesupport_cppExport.cmake
[8.972s] -- Up-to-date: /home/saqib/linorobot2_ws/install/micro_ros_msgs/share/micro_ros_msgs/cmake/micro_ros_msgs__rosidl_typesupport_cppExport-noconfig.cmake
[8.972s] -- Up-to-date: /home/saqib/linorobot2_ws/install/micro_ros_msgs/share/micro_ros_msgs/cmake/export_micro_ros_msgs__rosidl_generator_pyExport.cmake
[8.974s] -- Up-to-date: /home/saqib/linorobot2_ws/install/micro_ros_msgs/share/micro_ros_msgs/cmake/export_micro_ros_msgs__rosidl_generator_pyExport-noconfig.cmake
[8.974s] -- Up-to-date: /home/saqib/linorobot2_ws/install/micro_ros_msgs/share/micro_ros_msgs/cmake/rosidl_cmake-extras.cmake
[8.975s] -- Up-to-date: /home/saqib/linorobot2_ws/install/micro_ros_msgs/share/micro_ros_msgs/cmake/ament_cmake_export_include_directories-extras.cmake
[8.976s] -- Up-to-date: /home/saqib/linorobot2_ws/install/micro_ros_msgs/share/micro_ros_msgs/cmake/ament_cmake_export_libraries-extras.cmake
[8.977s] -- Up-to-date: /home/saqib/linorobot2_ws/install/micro_ros_msgs/share/micro_ros_msgs/cmake/ament_cmake_export_targets-extras.cmake
[8.977s] -- Up-to-date: /home/saqib/linorobot2_ws/install/micro_ros_msgs/share/micro_ros_msgs/cmake/rosidl_cmake_export_typesupport_targets-extras.cmake
[8.979s] -- Up-to-date: /home/saqib/linorobot2_ws/install/micro_ros_msgs/share/micro_ros_msgs/cmake/ament_cmake_export_dependencies-extras.cmake
[8.980s] -- Up-to-date: /home/saqib/linorobot2_ws/install/micro_ros_msgs/share/micro_ros_msgs/cmake/rosidl_cmake_export_typesupport_libraries-extras.cmake
[8.981s] -- Up-to-date: /home/saqib/linorobot2_ws/install/micro_ros_msgs/share/micro_ros_msgs/cmake/micro_ros_msgsConfig.cmake
[8.982s] -- Up-to-date: /home/saqib/linorobot2_ws/install/micro_ros_msgs/share/micro_ros_msgs/cmake/micro_ros_msgsConfig-version.cmake
[8.983s] -- Up-to-date: /home/saqib/linorobot2_ws/install/micro_ros_msgs/share/micro_ros_msgs/package.xml
[9.217s] Invoked command in '/home/saqib/linorobot2_ws/build/micro_ros_msgs' returned '0': CMAKE_PREFIX_PATH=${CMAKE_PREFIX_PATH}:/opt/ros/humble /usr/bin/cmake --install /home/saqib/linorobot2_ws/build/micro_ros_msgs
