[0.502s] Invoking command in '/home/saqib/linorobot2_ws/build/micro_ros_setup': CMAKE_PREFIX_PATH=${CMAKE_PREFIX_PATH}:/opt/ros/humble /usr/bin/cmake --build /home/saqib/linorobot2_ws/build/micro_ros_setup -- -j4 -l4
[0.745s] Invoked command in '/home/saqib/linorobot2_ws/build/micro_ros_setup' returned '0': CMAKE_PREFIX_PATH=${CMAKE_PREFIX_PATH}:/opt/ros/humble /usr/bin/cmake --build /home/saqib/linorobot2_ws/build/micro_ros_setup -- -j4 -l4
[0.989s] Invoking command in '/home/saqib/linorobot2_ws/build/micro_ros_setup': CMAKE_PREFIX_PATH=${CMAKE_PREFIX_PATH}:/opt/ros/humble /usr/bin/cmake --install /home/saqib/linorobot2_ws/build/micro_ros_setup
[1.214s] -- Install configuration: ""
[1.215s] -- Up-to-date: /home/saqib/linorobot2_ws/install/micro_ros_setup/share/ament_index/resource_index/package_run_dependencies/micro_ros_setup
[1.217s] -- Up-to-date: /home/saqib/linorobot2_ws/install/micro_ros_setup/share/ament_index/resource_index/parent_prefix_path/micro_ros_setup
[1.219s] -- Up-to-date: /home/saqib/linorobot2_ws/install/micro_ros_setup/share/micro_ros_setup/environment/ament_prefix_path.sh
[1.220s] -- Up-to-date: /home/saqib/linorobot2_ws/install/micro_ros_setup/share/micro_ros_setup/environment/ament_prefix_path.dsv
[1.221s] -- Up-to-date: /home/saqib/linorobot2_ws/install/micro_ros_setup/share/micro_ros_setup/environment/path.sh
[1.222s] -- Up-to-date: /home/saqib/linorobot2_ws/install/micro_ros_setup/share/micro_ros_setup/environment/path.dsv
[1.223s] -- Up-to-date: /home/saqib/linorobot2_ws/install/micro_ros_setup/share/micro_ros_setup/local_setup.bash
[1.223s] -- Up-to-date: /home/saqib/linorobot2_ws/install/micro_ros_setup/share/micro_ros_setup/local_setup.sh
[1.224s] -- Up-to-date: /home/saqib/linorobot2_ws/install/micro_ros_setup/share/micro_ros_setup/local_setup.zsh
[1.226s] -- Up-to-date: /home/saqib/linorobot2_ws/install/micro_ros_setup/share/micro_ros_setup/local_setup.dsv
[1.227s] -- Installing: /home/saqib/linorobot2_ws/install/micro_ros_setup/share/micro_ros_setup/package.dsv
[1.228s] -- Up-to-date: /home/saqib/linorobot2_ws/install/micro_ros_setup/share/ament_index/resource_index/packages/micro_ros_setup
[1.229s] -- Up-to-date: /home/saqib/linorobot2_ws/install/micro_ros_setup/share/micro_ros_setup/cmake/micro_ros_setupConfig.cmake
[1.230s] -- Up-to-date: /home/saqib/linorobot2_ws/install/micro_ros_setup/share/micro_ros_setup/cmake/micro_ros_setupConfig-version.cmake
[1.232s] -- Up-to-date: /home/saqib/linorobot2_ws/install/micro_ros_setup/share/micro_ros_setup/package.xml
[1.233s] -- Up-to-date: /home/saqib/linorobot2_ws/install/micro_ros_setup/./config
[1.233s] -- Up-to-date: /home/saqib/linorobot2_ws/install/micro_ros_setup/./config/generate_lib
[1.235s] -- Up-to-date: /home/saqib/linorobot2_ws/install/micro_ros_setup/./config/generate_lib/generic
[1.236s] -- Up-to-date: /home/saqib/linorobot2_ws/install/micro_ros_setup/./config/generate_lib/generic/flash.sh
[1.237s] -- Up-to-date: /home/saqib/linorobot2_ws/install/micro_ros_setup/./config/generate_lib/generic/client_uros_packages.repos
[1.238s] -- Up-to-date: /home/saqib/linorobot2_ws/install/micro_ros_setup/./config/generate_lib/generic/client-colcon.meta
[1.239s] -- Up-to-date: /home/saqib/linorobot2_ws/install/micro_ros_setup/./config/generate_lib/generic/build.sh
[1.239s] -- Up-to-date: /home/saqib/linorobot2_ws/install/micro_ros_setup/./config/generate_lib/generic/create.sh
[1.241s] -- Up-to-date: /home/saqib/linorobot2_ws/install/micro_ros_setup/./config/generate_lib/generic/demo_toolchain.cmake
[1.242s] -- Up-to-date: /home/saqib/linorobot2_ws/install/micro_ros_setup/./config/generate_lib/generic/package.xml
[1.242s] -- Up-to-date: /home/saqib/linorobot2_ws/install/micro_ros_setup/./config/generate_lib/dev_ros2_packages.txt
[1.244s] -- Up-to-date: /home/saqib/linorobot2_ws/install/micro_ros_setup/./config/generate_lib/dev_uros_packages.repos
[1.245s] -- Up-to-date: /home/saqib/linorobot2_ws/install/micro_ros_setup/./config/client_uros_packages.repos
[1.245s] -- Up-to-date: /home/saqib/linorobot2_ws/install/micro_ros_setup/./config/freertos
[1.248s] -- Up-to-date: /home/saqib/linorobot2_ws/install/micro_ros_setup/./config/freertos/olimex-stm32-e407
[1.249s] -- Up-to-date: /home/saqib/linorobot2_ws/install/micro_ros_setup/./config/freertos/olimex-stm32-e407/flash.sh
[1.250s] -- Up-to-date: /home/saqib/linorobot2_ws/install/micro_ros_setup/./config/freertos/olimex-stm32-e407/client_uros_packages.repos
[1.251s] -- Up-to-date: /home/saqib/linorobot2_ws/install/micro_ros_setup/./config/freertos/olimex-stm32-e407/client-colcon.meta
[1.252s] -- Up-to-date: /home/saqib/linorobot2_ws/install/micro_ros_setup/./config/freertos/olimex-stm32-e407/build.sh
[1.253s] -- Up-to-date: /home/saqib/linorobot2_ws/install/micro_ros_setup/./config/freertos/olimex-stm32-e407/create.sh
[1.253s] -- Up-to-date: /home/saqib/linorobot2_ws/install/micro_ros_setup/./config/freertos/olimex-stm32-e407/configure.sh
[1.254s] -- Up-to-date: /home/saqib/linorobot2_ws/install/micro_ros_setup/./config/freertos/olimex-stm32-e407/board.repos
[1.255s] -- Up-to-date: /home/saqib/linorobot2_ws/install/micro_ros_setup/./config/freertos/olimex-stm32-e407/package.xml
[1.257s] -- Up-to-date: /home/saqib/linorobot2_ws/install/micro_ros_setup/./config/freertos/list_apps.sh
[1.258s] -- Up-to-date: /home/saqib/linorobot2_ws/install/micro_ros_setup/./config/freertos/dev_ros2_packages.txt
[1.259s] -- Up-to-date: /home/saqib/linorobot2_ws/install/micro_ros_setup/./config/freertos/nucleo_f746zg
[1.263s] -- Up-to-date: /home/saqib/linorobot2_ws/install/micro_ros_setup/./config/freertos/nucleo_f746zg/flash.sh
[1.264s] -- Up-to-date: /home/saqib/linorobot2_ws/install/micro_ros_setup/./config/freertos/nucleo_f746zg/client_uros_packages.repos
[1.265s] -- Up-to-date: /home/saqib/linorobot2_ws/install/micro_ros_setup/./config/freertos/nucleo_f746zg/client-colcon.meta
[1.268s] -- Up-to-date: /home/saqib/linorobot2_ws/install/micro_ros_setup/./config/freertos/nucleo_f746zg/build.sh
[1.273s] -- Up-to-date: /home/saqib/linorobot2_ws/install/micro_ros_setup/./config/freertos/nucleo_f746zg/create.sh
[1.277s] -- Up-to-date: /home/saqib/linorobot2_ws/install/micro_ros_setup/./config/freertos/nucleo_f746zg/configure.sh
[1.278s] -- Up-to-date: /home/saqib/linorobot2_ws/install/micro_ros_setup/./config/freertos/nucleo_f746zg/board.repos
[1.287s] -- Up-to-date: /home/saqib/linorobot2_ws/install/micro_ros_setup/./config/freertos/nucleo_f746zg/package.xml
[1.288s] -- Up-to-date: /home/saqib/linorobot2_ws/install/micro_ros_setup/./config/freertos/nucleo_f446ze
[1.290s] -- Up-to-date: /home/saqib/linorobot2_ws/install/micro_ros_setup/./config/freertos/nucleo_f446ze/flash.sh
[1.290s] -- Up-to-date: /home/saqib/linorobot2_ws/install/micro_ros_setup/./config/freertos/nucleo_f446ze/client_uros_packages.repos
[1.291s] -- Up-to-date: /home/saqib/linorobot2_ws/install/micro_ros_setup/./config/freertos/nucleo_f446ze/client-colcon.meta
[1.291s] -- Up-to-date: /home/saqib/linorobot2_ws/install/micro_ros_setup/./config/freertos/nucleo_f446ze/build.sh
[1.292s] -- Up-to-date: /home/saqib/linorobot2_ws/install/micro_ros_setup/./config/freertos/nucleo_f446ze/create.sh
[1.293s] -- Up-to-date: /home/saqib/linorobot2_ws/install/micro_ros_setup/./config/freertos/nucleo_f446ze/configure.sh
[1.294s] -- Up-to-date: /home/saqib/linorobot2_ws/install/micro_ros_setup/./config/freertos/nucleo_f446ze/board.repos
[1.295s] -- Up-to-date: /home/saqib/linorobot2_ws/install/micro_ros_setup/./config/freertos/nucleo_f446ze/package.xml
[1.296s] -- Up-to-date: /home/saqib/linorobot2_ws/install/micro_ros_setup/./config/freertos/esp32
[1.296s] -- Up-to-date: /home/saqib/linorobot2_ws/install/micro_ros_setup/./config/freertos/esp32/flash.sh
[1.297s] -- Up-to-date: /home/saqib/linorobot2_ws/install/micro_ros_setup/./config/freertos/esp32/client_uros_packages.repos
[1.298s] -- Up-to-date: /home/saqib/linorobot2_ws/install/micro_ros_setup/./config/freertos/esp32/client-colcon.meta
[1.299s] -- Up-to-date: /home/saqib/linorobot2_ws/install/micro_ros_setup/./config/freertos/esp32/build.sh
[1.301s] -- Up-to-date: /home/saqib/linorobot2_ws/install/micro_ros_setup/./config/freertos/esp32/create.sh
[1.301s] -- Up-to-date: /home/saqib/linorobot2_ws/install/micro_ros_setup/./config/freertos/esp32/configure.sh
[1.303s] -- Up-to-date: /home/saqib/linorobot2_ws/install/micro_ros_setup/./config/freertos/esp32/README.md
[1.303s] -- Up-to-date: /home/saqib/linorobot2_ws/install/micro_ros_setup/./config/freertos/esp32/board.repos
[1.303s] -- Up-to-date: /home/saqib/linorobot2_ws/install/micro_ros_setup/./config/freertos/esp32/package.xml
[1.304s] -- Up-to-date: /home/saqib/linorobot2_ws/install/micro_ros_setup/./config/freertos/dev_uros_packages.repos
[1.304s] -- Up-to-date: /home/saqib/linorobot2_ws/install/micro_ros_setup/./config/freertos/nucleo_f767zi
[1.305s] -- Up-to-date: /home/saqib/linorobot2_ws/install/micro_ros_setup/./config/freertos/nucleo_f767zi/flash.sh
[1.305s] -- Up-to-date: /home/saqib/linorobot2_ws/install/micro_ros_setup/./config/freertos/nucleo_f767zi/client_uros_packages.repos
[1.305s] -- Up-to-date: /home/saqib/linorobot2_ws/install/micro_ros_setup/./config/freertos/nucleo_f767zi/client-colcon.meta
[1.308s] -- Up-to-date: /home/saqib/linorobot2_ws/install/micro_ros_setup/./config/freertos/nucleo_f767zi/build.sh
[1.309s] -- Up-to-date: /home/saqib/linorobot2_ws/install/micro_ros_setup/./config/freertos/nucleo_f767zi/create.sh
[1.310s] -- Up-to-date: /home/saqib/linorobot2_ws/install/micro_ros_setup/./config/freertos/nucleo_f767zi/configure.sh
[1.311s] -- Up-to-date: /home/saqib/linorobot2_ws/install/micro_ros_setup/./config/freertos/nucleo_f767zi/board.repos
[1.311s] -- Up-to-date: /home/saqib/linorobot2_ws/install/micro_ros_setup/./config/freertos/nucleo_f767zi/package.xml
[1.314s] -- Up-to-date: /home/saqib/linorobot2_ws/install/micro_ros_setup/./config/freertos/nucleo_f446re
[1.316s] -- Up-to-date: /home/saqib/linorobot2_ws/install/micro_ros_setup/./config/freertos/nucleo_f446re/flash.sh
[1.316s] -- Up-to-date: /home/saqib/linorobot2_ws/install/micro_ros_setup/./config/freertos/nucleo_f446re/client_uros_packages.repos
[1.317s] -- Up-to-date: /home/saqib/linorobot2_ws/install/micro_ros_setup/./config/freertos/nucleo_f446re/client-colcon.meta
[1.319s] -- Up-to-date: /home/saqib/linorobot2_ws/install/micro_ros_setup/./config/freertos/nucleo_f446re/build.sh
[1.319s] -- Up-to-date: /home/saqib/linorobot2_ws/install/micro_ros_setup/./config/freertos/nucleo_f446re/create.sh
[1.320s] -- Up-to-date: /home/saqib/linorobot2_ws/install/micro_ros_setup/./config/freertos/nucleo_f446re/configure.sh
[1.322s] -- Up-to-date: /home/saqib/linorobot2_ws/install/micro_ros_setup/./config/freertos/nucleo_f446re/board.repos
[1.323s] -- Up-to-date: /home/saqib/linorobot2_ws/install/micro_ros_setup/./config/freertos/nucleo_f446re/package.xml
[1.324s] -- Up-to-date: /home/saqib/linorobot2_ws/install/micro_ros_setup/./config/freertos/crazyflie21
[1.325s] -- Up-to-date: /home/saqib/linorobot2_ws/install/micro_ros_setup/./config/freertos/crazyflie21/flash.sh
[1.326s] -- Up-to-date: /home/saqib/linorobot2_ws/install/micro_ros_setup/./config/freertos/crazyflie21/client_uros_packages.repos
[1.327s] -- Up-to-date: /home/saqib/linorobot2_ws/install/micro_ros_setup/./config/freertos/crazyflie21/client-colcon.meta
[1.328s] -- Up-to-date: /home/saqib/linorobot2_ws/install/micro_ros_setup/./config/freertos/crazyflie21/build.sh
[1.329s] -- Up-to-date: /home/saqib/linorobot2_ws/install/micro_ros_setup/./config/freertos/crazyflie21/create.sh
[1.330s] -- Up-to-date: /home/saqib/linorobot2_ws/install/micro_ros_setup/./config/freertos/crazyflie21/configure.sh
[1.331s] -- Up-to-date: /home/saqib/linorobot2_ws/install/micro_ros_setup/./config/freertos/crazyflie21/board.repos
[1.332s] -- Up-to-date: /home/saqib/linorobot2_ws/install/micro_ros_setup/./config/freertos/crazyflie21/package.xml
[1.348s] -- Up-to-date: /home/saqib/linorobot2_ws/install/micro_ros_setup/./config/agent_uros_packages.repos
[1.349s] -- Up-to-date: /home/saqib/linorobot2_ws/install/micro_ros_setup/./config/zephyr
[1.350s] -- Up-to-date: /home/saqib/linorobot2_ws/install/micro_ros_setup/./config/zephyr/list_apps.sh
[1.351s] -- Up-to-date: /home/saqib/linorobot2_ws/install/micro_ros_setup/./config/zephyr/generic
[1.352s] -- Up-to-date: /home/saqib/linorobot2_ws/install/micro_ros_setup/./config/zephyr/generic/flash.sh
[1.353s] -- Up-to-date: /home/saqib/linorobot2_ws/install/micro_ros_setup/./config/zephyr/generic/client_uros_packages.repos
[1.354s] -- Up-to-date: /home/saqib/linorobot2_ws/install/micro_ros_setup/./config/zephyr/generic/supported_platforms
[1.354s] -- Up-to-date: /home/saqib/linorobot2_ws/install/micro_ros_setup/./config/zephyr/generic/client-colcon.meta
[1.355s] -- Up-to-date: /home/saqib/linorobot2_ws/install/micro_ros_setup/./config/zephyr/generic/build.sh
[1.356s] -- Up-to-date: /home/saqib/linorobot2_ws/install/micro_ros_setup/./config/zephyr/generic/create.sh
[1.356s] -- Up-to-date: /home/saqib/linorobot2_ws/install/micro_ros_setup/./config/zephyr/generic/configure.sh
[1.357s] -- Up-to-date: /home/saqib/linorobot2_ws/install/micro_ros_setup/./config/zephyr/generic/board.repos
[1.358s] -- Up-to-date: /home/saqib/linorobot2_ws/install/micro_ros_setup/./config/zephyr/generic/package.xml
[1.359s] -- Up-to-date: /home/saqib/linorobot2_ws/install/micro_ros_setup/./config/zephyr/dev_ros2_packages.txt
[1.360s] -- Up-to-date: /home/saqib/linorobot2_ws/install/micro_ros_setup/./config/zephyr/dev_uros_packages.repos
[1.361s] -- Up-to-date: /home/saqib/linorobot2_ws/install/micro_ros_setup/./config/client_ros2_packages.txt
[1.361s] -- Up-to-date: /home/saqib/linorobot2_ws/install/micro_ros_setup/./config/utils.sh
[1.362s] -- Up-to-date: /home/saqib/linorobot2_ws/install/micro_ros_setup/./config/host
[1.363s] -- Up-to-date: /home/saqib/linorobot2_ws/install/micro_ros_setup/./config/host/generic
[1.363s] -- Up-to-date: /home/saqib/linorobot2_ws/install/micro_ros_setup/./config/host/generic/flash.sh
[1.364s] -- Up-to-date: /home/saqib/linorobot2_ws/install/micro_ros_setup/./config/host/generic/build.sh
[1.365s] -- Up-to-date: /home/saqib/linorobot2_ws/install/micro_ros_setup/./config/host/generic/create.sh
[1.365s] -- Up-to-date: /home/saqib/linorobot2_ws/install/micro_ros_setup/./config/host/generic/client_host_packages.repos
[1.365s] -- Up-to-date: /home/saqib/linorobot2_ws/install/micro_ros_setup/./config/host/generic/client-host-colcon.meta
[1.366s] -- Up-to-date: /home/saqib/linorobot2_ws/install/micro_ros_setup/./config/host/generic/package.xml
[1.366s] -- Up-to-date: /home/saqib/linorobot2_ws/install/micro_ros_setup/./config/host/dev_ros2_packages.txt
[1.367s] -- Up-to-date: /home/saqib/linorobot2_ws/install/micro_ros_setup/./config/host/client_ros2_packages.txt
[1.367s] -- Up-to-date: /home/saqib/linorobot2_ws/install/micro_ros_setup/./config/host/dev_uros_packages.repos
[1.368s] -- Up-to-date: /home/saqib/linorobot2_ws/install/micro_ros_setup/./config/android
[1.368s] -- Up-to-date: /home/saqib/linorobot2_ws/install/micro_ros_setup/./config/android/generic
[1.369s] -- Up-to-date: /home/saqib/linorobot2_ws/install/micro_ros_setup/./config/android/generic/flash.sh
[1.369s] -- Up-to-date: /home/saqib/linorobot2_ws/install/micro_ros_setup/./config/android/generic/client_uros_packages.repos
[1.370s] -- Up-to-date: /home/saqib/linorobot2_ws/install/micro_ros_setup/./config/android/generic/client-colcon.meta
[1.370s] -- Up-to-date: /home/saqib/linorobot2_ws/install/micro_ros_setup/./config/android/generic/build.sh
[1.371s] -- Up-to-date: /home/saqib/linorobot2_ws/install/micro_ros_setup/./config/android/generic/create.sh
[1.371s] -- Up-to-date: /home/saqib/linorobot2_ws/install/micro_ros_setup/./config/android/generic/package.xml
[1.372s] -- Up-to-date: /home/saqib/linorobot2_ws/install/micro_ros_setup/./config/android/dev_ros2_packages.txt
[1.372s] -- Up-to-date: /home/saqib/linorobot2_ws/install/micro_ros_setup/./config/android/dev_uros_packages.repos
[1.373s] -- Up-to-date: /home/saqib/linorobot2_ws/install/micro_ros_setup/./config/renesas_ra
[1.373s] -- Up-to-date: /home/saqib/linorobot2_ws/install/micro_ros_setup/./config/renesas_ra/list_apps.sh
[1.374s] -- Up-to-date: /home/saqib/linorobot2_ws/install/micro_ros_setup/./config/renesas_ra/dev_ros2_packages.txt
[1.374s] -- Up-to-date: /home/saqib/linorobot2_ws/install/micro_ros_setup/./config/renesas_ra/dev_uros_packages.repos
[1.375s] -- Up-to-date: /home/saqib/linorobot2_ws/install/micro_ros_setup/./config/renesas_ra/ra6m5
[1.375s] -- Up-to-date: /home/saqib/linorobot2_ws/install/micro_ros_setup/./config/renesas_ra/ra6m5/flash.sh
[1.376s] -- Up-to-date: /home/saqib/linorobot2_ws/install/micro_ros_setup/./config/renesas_ra/ra6m5/client_uros_packages.repos
[1.376s] -- Up-to-date: /home/saqib/linorobot2_ws/install/micro_ros_setup/./config/renesas_ra/ra6m5/client-colcon.meta
[1.377s] -- Up-to-date: /home/saqib/linorobot2_ws/install/micro_ros_setup/./config/renesas_ra/ra6m5/build.sh
[1.378s] -- Up-to-date: /home/saqib/linorobot2_ws/install/micro_ros_setup/./config/renesas_ra/ra6m5/create.sh
[1.378s] -- Up-to-date: /home/saqib/linorobot2_ws/install/micro_ros_setup/./config/renesas_ra/ra6m5/configure.sh
[1.379s] -- Up-to-date: /home/saqib/linorobot2_ws/install/micro_ros_setup/./config/renesas_ra/ra6m5/board.repos
[1.379s] -- Up-to-date: /home/saqib/linorobot2_ws/install/micro_ros_setup/./config/mbed
[1.380s] -- Up-to-date: /home/saqib/linorobot2_ws/install/micro_ros_setup/./config/mbed/list_apps.sh
[1.380s] -- Up-to-date: /home/saqib/linorobot2_ws/install/micro_ros_setup/./config/mbed/generic
[1.381s] -- Up-to-date: /home/saqib/linorobot2_ws/install/micro_ros_setup/./config/mbed/generic/flash.sh
[1.381s] -- Up-to-date: /home/saqib/linorobot2_ws/install/micro_ros_setup/./config/mbed/generic/client_uros_packages.repos
[1.382s] -- Up-to-date: /home/saqib/linorobot2_ws/install/micro_ros_setup/./config/mbed/generic/supported_platforms
[1.382s] -- Up-to-date: /home/saqib/linorobot2_ws/install/micro_ros_setup/./config/mbed/generic/build.sh
[1.383s] -- Up-to-date: /home/saqib/linorobot2_ws/install/micro_ros_setup/./config/mbed/generic/create.sh
[1.383s] -- Up-to-date: /home/saqib/linorobot2_ws/install/micro_ros_setup/./config/mbed/generic/board.repos
[1.384s] -- Up-to-date: /home/saqib/linorobot2_ws/install/micro_ros_setup/./config/mbed/generic/package.xml
[1.387s] -- Up-to-date: /home/saqib/linorobot2_ws/install/micro_ros_setup/./config/mbed/dev_ros2_packages.txt
[1.388s] -- Up-to-date: /home/saqib/linorobot2_ws/install/micro_ros_setup/./config/mbed/dev_uros_packages.repos
[1.393s] -- Up-to-date: /home/saqib/linorobot2_ws/install/micro_ros_setup/./config/agent_ros2_packages.txt
[1.395s] -- Up-to-date: /home/saqib/linorobot2_ws/install/micro_ros_setup/./config/raspbian
[1.396s] -- Up-to-date: /home/saqib/linorobot2_ws/install/micro_ros_setup/./config/raspbian/generic
[1.396s] -- Up-to-date: /home/saqib/linorobot2_ws/install/micro_ros_setup/./config/raspbian/generic/flash.sh
[1.397s] -- Up-to-date: /home/saqib/linorobot2_ws/install/micro_ros_setup/./config/raspbian/generic/client_uros_packages.repos
[1.397s] -- Up-to-date: /home/saqib/linorobot2_ws/install/micro_ros_setup/./config/raspbian/generic/supported_platforms
[1.397s] -- Up-to-date: /home/saqib/linorobot2_ws/install/micro_ros_setup/./config/raspbian/generic/client-colcon.meta
[1.398s] -- Up-to-date: /home/saqib/linorobot2_ws/install/micro_ros_setup/./config/raspbian/generic/build.sh
[1.398s] -- Up-to-date: /home/saqib/linorobot2_ws/install/micro_ros_setup/./config/raspbian/generic/create.sh
[1.398s] -- Up-to-date: /home/saqib/linorobot2_ws/install/micro_ros_setup/./config/raspbian/generic/configure.sh
[1.399s] -- Up-to-date: /home/saqib/linorobot2_ws/install/micro_ros_setup/./config/raspbian/dev_ros2_packages.txt
[1.399s] -- Up-to-date: /home/saqib/linorobot2_ws/install/micro_ros_setup/./config/raspbian/dev_uros_packages.repos
[1.399s] -- Up-to-date: /home/saqib/linorobot2_ws/install/micro_ros_setup/lib/micro_ros_setup/create_ws.sh
[1.400s] -- Up-to-date: /home/saqib/linorobot2_ws/install/micro_ros_setup/lib/micro_ros_setup/create_agent_ws.sh
[1.400s] -- Up-to-date: /home/saqib/linorobot2_ws/install/micro_ros_setup/lib/micro_ros_setup/create_firmware_ws.sh
[1.401s] -- Up-to-date: /home/saqib/linorobot2_ws/install/micro_ros_setup/lib/micro_ros_setup/configure_firmware.sh
[1.401s] -- Up-to-date: /home/saqib/linorobot2_ws/install/micro_ros_setup/lib/micro_ros_setup/flash_firmware.sh
[1.401s] -- Up-to-date: /home/saqib/linorobot2_ws/install/micro_ros_setup/lib/micro_ros_setup/build_firmware.sh
[1.402s] -- Up-to-date: /home/saqib/linorobot2_ws/install/micro_ros_setup/lib/micro_ros_setup/build_agent.sh
[1.402s] -- Up-to-date: /home/saqib/linorobot2_ws/install/micro_ros_setup/lib/micro_ros_setup/yaml_filter.py
[1.403s] -- Up-to-date: /home/saqib/linorobot2_ws/install/micro_ros_setup/lib/micro_ros_setup/clean_env.sh
[1.403s] -- Up-to-date: /home/saqib/linorobot2_ws/install/micro_ros_setup/lib/micro_ros_setup/component
[2.047s] Invoked command in '/home/saqib/linorobot2_ws/build/micro_ros_setup' returned '0': CMAKE_PREFIX_PATH=${CMAKE_PREFIX_PATH}:/opt/ros/humble /usr/bin/cmake --install /home/saqib/linorobot2_ws/build/micro_ros_setup
