[1.194s] Invoking command in '/home/saqib/linorobot2_ws/build/linorobot2_navigation': CMAKE_PREFIX_PATH=${CMAKE_PREFIX_PATH}:/opt/ros/humble /usr/bin/cmake --build /home/saqib/linorobot2_ws/build/linorobot2_navigation -- -j4 -l4
[1.881s] Invoked command in '/home/saqib/linorobot2_ws/build/linorobot2_navigation' returned '0': CMAKE_PREFIX_PATH=${CMAKE_PREFIX_PATH}:/opt/ros/humble /usr/bin/cmake --build /home/saqib/linorobot2_ws/build/linorobot2_navigation -- -j4 -l4
[2.544s] Invoking command in '/home/saqib/linorobot2_ws/build/linorobot2_navigation': CMAKE_PREFIX_PATH=${CMAKE_PREFIX_PATH}:/opt/ros/humble /usr/bin/cmake --install /home/saqib/linorobot2_ws/build/linorobot2_navigation
[2.591s] -- Install configuration: ""
[2.592s] -- Up-to-date: /home/saqib/linorobot2_ws/install/linorobot2_navigation/share/linorobot2_navigation/launch
[2.592s] -- Up-to-date: /home/saqib/linorobot2_ws/install/linorobot2_navigation/share/linorobot2_navigation/launch/slam.launch.py
[2.603s] -- Up-to-date: /home/saqib/linorobot2_ws/install/linorobot2_navigation/share/linorobot2_navigation/launch/navigation.launch.py
[2.604s] -- Up-to-date: /home/saqib/linorobot2_ws/install/linorobot2_navigation/share/linorobot2_navigation/rviz
[2.604s] -- Up-to-date: /home/saqib/linorobot2_ws/install/linorobot2_navigation/share/linorobot2_navigation/rviz/linorobot2_slam.rviz
[2.605s] -- Up-to-date: /home/saqib/linorobot2_ws/install/linorobot2_navigation/share/linorobot2_navigation/rviz/linorobot2_navigation_minimal.rviz
[2.611s] -- Up-to-date: /home/saqib/linorobot2_ws/install/linorobot2_navigation/share/linorobot2_navigation/rviz/linorobot2_navigation.rviz
[2.611s] -- Up-to-date: /home/saqib/linorobot2_ws/install/linorobot2_navigation/share/linorobot2_navigation/config
[2.612s] -- Up-to-date: /home/saqib/linorobot2_ws/install/linorobot2_navigation/share/linorobot2_navigation/config/navigation.yaml
[2.613s] -- Up-to-date: /home/saqib/linorobot2_ws/install/linorobot2_navigation/share/linorobot2_navigation/config/slam.yaml
[2.613s] -- Up-to-date: /home/saqib/linorobot2_ws/install/linorobot2_navigation/share/linorobot2_navigation/maps
[2.614s] -- Up-to-date: /home/saqib/linorobot2_ws/install/linorobot2_navigation/share/linorobot2_navigation/maps/playground.yaml
[2.614s] -- Up-to-date: /home/saqib/linorobot2_ws/install/linorobot2_navigation/share/linorobot2_navigation/maps/playground.pgm
[2.615s] -- Up-to-date: /home/saqib/linorobot2_ws/install/linorobot2_navigation/share/ament_index/resource_index/package_run_dependencies/linorobot2_navigation
[2.616s] -- Up-to-date: /home/saqib/linorobot2_ws/install/linorobot2_navigation/share/ament_index/resource_index/parent_prefix_path/linorobot2_navigation
[2.616s] -- Up-to-date: /home/saqib/linorobot2_ws/install/linorobot2_navigation/share/linorobot2_navigation/environment/ament_prefix_path.sh
[2.617s] -- Up-to-date: /home/saqib/linorobot2_ws/install/linorobot2_navigation/share/linorobot2_navigation/environment/ament_prefix_path.dsv
[2.623s] -- Up-to-date: /home/saqib/linorobot2_ws/install/linorobot2_navigation/share/linorobot2_navigation/environment/path.sh
[2.624s] -- Up-to-date: /home/saqib/linorobot2_ws/install/linorobot2_navigation/share/linorobot2_navigation/environment/path.dsv
[2.625s] -- Up-to-date: /home/saqib/linorobot2_ws/install/linorobot2_navigation/share/linorobot2_navigation/local_setup.bash
[2.625s] -- Up-to-date: /home/saqib/linorobot2_ws/install/linorobot2_navigation/share/linorobot2_navigation/local_setup.sh
[2.636s] -- Up-to-date: /home/saqib/linorobot2_ws/install/linorobot2_navigation/share/linorobot2_navigation/local_setup.zsh
[2.636s] -- Up-to-date: /home/saqib/linorobot2_ws/install/linorobot2_navigation/share/linorobot2_navigation/local_setup.dsv
[2.637s] -- Installing: /home/saqib/linorobot2_ws/install/linorobot2_navigation/share/linorobot2_navigation/package.dsv
[2.645s] -- Up-to-date: /home/saqib/linorobot2_ws/install/linorobot2_navigation/share/ament_index/resource_index/packages/linorobot2_navigation
[2.648s] -- Up-to-date: /home/saqib/linorobot2_ws/install/linorobot2_navigation/share/linorobot2_navigation/cmake/linorobot2_navigationConfig.cmake
[2.651s] -- Up-to-date: /home/saqib/linorobot2_ws/install/linorobot2_navigation/share/linorobot2_navigation/cmake/linorobot2_navigationConfig-version.cmake
[2.652s] -- Up-to-date: /home/saqib/linorobot2_ws/install/linorobot2_navigation/share/linorobot2_navigation/package.xml
[3.758s] Invoked command in '/home/saqib/linorobot2_ws/build/linorobot2_navigation' returned '0': CMAKE_PREFIX_PATH=${CMAKE_PREFIX_PATH}:/opt/ros/humble /usr/bin/cmake --install /home/saqib/linorobot2_ws/build/linorobot2_navigation
