[1.195s] Invoking command in '/home/saqib/linorobot2_ws/build/linorobot2': CMAKE_PREFIX_PATH=${CMAKE_PREFIX_PATH}:/opt/ros/humble /usr/bin/cmake --build /home/saqib/linorobot2_ws/build/linorobot2 -- -j4 -l4
[1.499s] Invoked command in '/home/saqib/linorobot2_ws/build/linorobot2' returned '0': CMAKE_PREFIX_PATH=${CMAKE_PREFIX_PATH}:/opt/ros/humble /usr/bin/cmake --build /home/saqib/linorobot2_ws/build/linorobot2 -- -j4 -l4
[1.793s] Invoking command in '/home/saqib/linorobot2_ws/build/linorobot2': CMAKE_PREFIX_PATH=${CMAKE_PREFIX_PATH}:/opt/ros/humble /usr/bin/cmake --install /home/saqib/linorobot2_ws/build/linorobot2
[1.862s] -- Install configuration: ""
[1.864s] -- Up-to-date: /home/saqib/linorobot2_ws/install/linorobot2/share/ament_index/resource_index/package_run_dependencies/linorobot2
[1.865s] -- Up-to-date: /home/saqib/linorobot2_ws/install/linorobot2/share/ament_index/resource_index/parent_prefix_path/linorobot2
[1.865s] -- Up-to-date: /home/saqib/linorobot2_ws/install/linorobot2/share/linorobot2/environment/ament_prefix_path.sh
[1.866s] -- Up-to-date: /home/saqib/linorobot2_ws/install/linorobot2/share/linorobot2/environment/ament_prefix_path.dsv
[1.866s] -- Up-to-date: /home/saqib/linorobot2_ws/install/linorobot2/share/linorobot2/environment/path.sh
[1.867s] -- Up-to-date: /home/saqib/linorobot2_ws/install/linorobot2/share/linorobot2/environment/path.dsv
[1.867s] -- Up-to-date: /home/saqib/linorobot2_ws/install/linorobot2/share/linorobot2/local_setup.bash
[1.867s] -- Up-to-date: /home/saqib/linorobot2_ws/install/linorobot2/share/linorobot2/local_setup.sh
[1.868s] -- Up-to-date: /home/saqib/linorobot2_ws/install/linorobot2/share/linorobot2/local_setup.zsh
[1.868s] -- Up-to-date: /home/saqib/linorobot2_ws/install/linorobot2/share/linorobot2/local_setup.dsv
[1.869s] -- Installing: /home/saqib/linorobot2_ws/install/linorobot2/share/linorobot2/package.dsv
[1.869s] -- Up-to-date: /home/saqib/linorobot2_ws/install/linorobot2/share/ament_index/resource_index/packages/linorobot2
[1.882s] -- Up-to-date: /home/saqib/linorobot2_ws/install/linorobot2/share/linorobot2/cmake/linorobot2Config.cmake
[1.883s] -- Up-to-date: /home/saqib/linorobot2_ws/install/linorobot2/share/linorobot2/cmake/linorobot2Config-version.cmake
[1.883s] -- Up-to-date: /home/saqib/linorobot2_ws/install/linorobot2/share/linorobot2/package.xml
[1.884s] Invoked command in '/home/saqib/linorobot2_ws/build/linorobot2' returned '0': CMAKE_PREFIX_PATH=${CMAKE_PREFIX_PATH}:/opt/ros/humble /usr/bin/cmake --install /home/saqib/linorobot2_ws/build/linorobot2
