[0.542s] Invoking command in '/home/saqib/linorobot2_ws/build/linorobot2_bringup': CMAKE_PREFIX_PATH=/home/saqib/linorobot2_ws/install/micro_ros_agent:/home/saqib/linorobot2_ws/install/micro_ros_msgs:/home/saqib/linorobot2_ws/install/micro_ros_setup:/home/saqib/linorobot2_ws/install/linorobot2_bringup:/home/saqib/linorobot2_ws/install/linorobot2_navigation:/home/saqib/linorobot2_ws/install/linorobot2_description:/home/saqib/linorobot2_ws/install/linorobot2_base:/home/saqib/linorobot2_ws/install/linorobot2:/home/saqib/linorobot2_ws/install/ldlidar_sl_ros2:/opt/ros/humble /usr/bin/cmake --build /home/saqib/linorobot2_ws/build/linorobot2_bringup -- -j4 -l4
[0.730s] Invoked command in '/home/saqib/linorobot2_ws/build/linorobot2_bringup' returned '0': CMAKE_PREFIX_PATH=/home/saqib/linorobot2_ws/install/micro_ros_agent:/home/saqib/linorobot2_ws/install/micro_ros_msgs:/home/saqib/linorobot2_ws/install/micro_ros_setup:/home/saqib/linorobot2_ws/install/linorobot2_bringup:/home/saqib/linorobot2_ws/install/linorobot2_navigation:/home/saqib/linorobot2_ws/install/linorobot2_description:/home/saqib/linorobot2_ws/install/linorobot2_base:/home/saqib/linorobot2_ws/install/linorobot2:/home/saqib/linorobot2_ws/install/ldlidar_sl_ros2:/opt/ros/humble /usr/bin/cmake --build /home/saqib/linorobot2_ws/build/linorobot2_bringup -- -j4 -l4
[0.881s] Invoking command in '/home/saqib/linorobot2_ws/build/linorobot2_bringup': CMAKE_PREFIX_PATH=/home/saqib/linorobot2_ws/install/micro_ros_agent:/home/saqib/linorobot2_ws/install/micro_ros_msgs:/home/saqib/linorobot2_ws/install/micro_ros_setup:/home/saqib/linorobot2_ws/install/linorobot2_bringup:/home/saqib/linorobot2_ws/install/linorobot2_navigation:/home/saqib/linorobot2_ws/install/linorobot2_description:/home/saqib/linorobot2_ws/install/linorobot2_base:/home/saqib/linorobot2_ws/install/linorobot2:/home/saqib/linorobot2_ws/install/ldlidar_sl_ros2:/opt/ros/humble /usr/bin/cmake --install /home/saqib/linorobot2_ws/build/linorobot2_bringup
[0.928s] -- Install configuration: ""
[0.929s] -- Up-to-date: /home/saqib/linorobot2_ws/install/linorobot2_bringup/share/linorobot2_bringup/launch
[0.929s] -- Up-to-date: /home/saqib/linorobot2_ws/install/linorobot2_bringup/share/linorobot2_bringup/launch/extra.launch.py
[0.930s] -- Up-to-date: /home/saqib/linorobot2_ws/install/linorobot2_bringup/share/linorobot2_bringup/launch/lasers.launch.py
[0.931s] -- Up-to-date: /home/saqib/linorobot2_ws/install/linorobot2_bringup/share/linorobot2_bringup/launch/custom_robot.launch.py
[0.931s] -- Installing: /home/saqib/linorobot2_ws/install/linorobot2_bringup/share/linorobot2_bringup/launch/bringup_custom.launch.py
[0.932s] -- Up-to-date: /home/saqib/linorobot2_ws/install/linorobot2_bringup/share/linorobot2_bringup/launch/sensors.launch.py
[0.933s] -- Up-to-date: /home/saqib/linorobot2_ws/install/linorobot2_bringup/share/linorobot2_bringup/launch/joy_teleop.launch.py
[0.933s] -- Up-to-date: /home/saqib/linorobot2_ws/install/linorobot2_bringup/share/linorobot2_bringup/launch/default_robot.launch.py
[0.934s] -- Up-to-date: /home/saqib/linorobot2_ws/install/linorobot2_bringup/share/linorobot2_bringup/launch/bringup.launch.py
[0.934s] -- Up-to-date: /home/saqib/linorobot2_ws/install/linorobot2_bringup/share/linorobot2_bringup/launch/depth.launch.py
[0.935s] -- Up-to-date: /home/saqib/linorobot2_ws/install/linorobot2_bringup/share/linorobot2_bringup/config
[0.936s] -- Up-to-date: /home/saqib/linorobot2_ws/install/linorobot2_bringup/share/linorobot2_bringup/config/box_laser_filter.yaml
[0.946s] -- Up-to-date: /home/saqib/linorobot2_ws/install/linorobot2_bringup/share/linorobot2_bringup/config/fake_laser.yaml
[0.948s] -- Up-to-date: /home/saqib/linorobot2_ws/install/linorobot2_bringup/share/linorobot2_bringup/config/zed_common.yaml
[0.964s] -- Up-to-date: /home/saqib/linorobot2_ws/install/linorobot2_bringup/share/linorobot2_bringup/config/ydlidar.yaml
[0.966s] -- Up-to-date: /home/saqib/linorobot2_ws/install/linorobot2_bringup/share/linorobot2_bringup/config/joy.yaml
[0.967s] -- Up-to-date: /home/saqib/linorobot2_ws/install/linorobot2_bringup/share/ament_index/resource_index/package_run_dependencies/linorobot2_bringup
[0.967s] -- Up-to-date: /home/saqib/linorobot2_ws/install/linorobot2_bringup/share/ament_index/resource_index/parent_prefix_path/linorobot2_bringup
[0.968s] -- Up-to-date: /home/saqib/linorobot2_ws/install/linorobot2_bringup/share/linorobot2_bringup/environment/ament_prefix_path.sh
[0.969s] -- Up-to-date: /home/saqib/linorobot2_ws/install/linorobot2_bringup/share/linorobot2_bringup/environment/ament_prefix_path.dsv
[0.969s] -- Up-to-date: /home/saqib/linorobot2_ws/install/linorobot2_bringup/share/linorobot2_bringup/environment/path.sh
[0.969s] -- Up-to-date: /home/saqib/linorobot2_ws/install/linorobot2_bringup/share/linorobot2_bringup/environment/path.dsv
[0.970s] -- Up-to-date: /home/saqib/linorobot2_ws/install/linorobot2_bringup/share/linorobot2_bringup/local_setup.bash
[0.970s] -- Up-to-date: /home/saqib/linorobot2_ws/install/linorobot2_bringup/share/linorobot2_bringup/local_setup.sh
[0.971s] -- Up-to-date: /home/saqib/linorobot2_ws/install/linorobot2_bringup/share/linorobot2_bringup/local_setup.zsh
[0.971s] -- Up-to-date: /home/saqib/linorobot2_ws/install/linorobot2_bringup/share/linorobot2_bringup/local_setup.dsv
[0.972s] -- Installing: /home/saqib/linorobot2_ws/install/linorobot2_bringup/share/linorobot2_bringup/package.dsv
[0.972s] -- Up-to-date: /home/saqib/linorobot2_ws/install/linorobot2_bringup/share/ament_index/resource_index/packages/linorobot2_bringup
[0.973s] -- Up-to-date: /home/saqib/linorobot2_ws/install/linorobot2_bringup/share/linorobot2_bringup/cmake/linorobot2_bringupConfig.cmake
[0.973s] -- Up-to-date: /home/saqib/linorobot2_ws/install/linorobot2_bringup/share/linorobot2_bringup/cmake/linorobot2_bringupConfig-version.cmake
[0.973s] -- Up-to-date: /home/saqib/linorobot2_ws/install/linorobot2_bringup/share/linorobot2_bringup/package.xml
[0.974s] Invoked command in '/home/saqib/linorobot2_ws/build/linorobot2_bringup' returned '0': CMAKE_PREFIX_PATH=/home/saqib/linorobot2_ws/install/micro_ros_agent:/home/saqib/linorobot2_ws/install/micro_ros_msgs:/home/saqib/linorobot2_ws/install/micro_ros_setup:/home/saqib/linorobot2_ws/install/linorobot2_bringup:/home/saqib/linorobot2_ws/install/linorobot2_navigation:/home/saqib/linorobot2_ws/install/linorobot2_description:/home/saqib/linorobot2_ws/install/linorobot2_base:/home/saqib/linorobot2_ws/install/linorobot2:/home/saqib/linorobot2_ws/install/ldlidar_sl_ros2:/opt/ros/humble /usr/bin/cmake --install /home/saqib/linorobot2_ws/build/linorobot2_bringup
