[0.522s] Invoking command in '/home/saqib/linorobot2_ws/build/linorobot2_base': CMAKE_PREFIX_PATH=${CMAKE_PREFIX_PATH}:/opt/ros/humble /usr/bin/cmake --build /home/saqib/linorobot2_ws/build/linorobot2_base -- -j4 -l4
[0.821s] Invoked command in '/home/saqib/linorobot2_ws/build/linorobot2_base' returned '0': CMAKE_PREFIX_PATH=${CMAKE_PREFIX_PATH}:/opt/ros/humble /usr/bin/cmake --build /home/saqib/linorobot2_ws/build/linorobot2_base -- -j4 -l4
[1.125s] Invoking command in '/home/saqib/linorobot2_ws/build/linorobot2_base': CMAKE_PREFIX_PATH=${CMAKE_PREFIX_PATH}:/opt/ros/humble /usr/bin/cmake --install /home/saqib/linorobot2_ws/build/linorobot2_base
[1.253s] -- Install configuration: ""
[1.253s] -- Up-to-date: /home/saqib/linorobot2_ws/install/linorobot2_base/share/linorobot2_base/config
[1.254s] -- Up-to-date: /home/saqib/linorobot2_ws/install/linorobot2_base/share/linorobot2_base/config/ekf.yaml
[1.254s] -- Up-to-date: /home/saqib/linorobot2_ws/install/linorobot2_base/share/ament_index/resource_index/package_run_dependencies/linorobot2_base
[1.255s] -- Up-to-date: /home/saqib/linorobot2_ws/install/linorobot2_base/share/ament_index/resource_index/parent_prefix_path/linorobot2_base
[1.256s] -- Up-to-date: /home/saqib/linorobot2_ws/install/linorobot2_base/share/linorobot2_base/environment/ament_prefix_path.sh
[1.256s] -- Up-to-date: /home/saqib/linorobot2_ws/install/linorobot2_base/share/linorobot2_base/environment/ament_prefix_path.dsv
[1.257s] -- Up-to-date: /home/saqib/linorobot2_ws/install/linorobot2_base/share/linorobot2_base/environment/path.sh
[1.258s] -- Up-to-date: /home/saqib/linorobot2_ws/install/linorobot2_base/share/linorobot2_base/environment/path.dsv
[1.258s] -- Up-to-date: /home/saqib/linorobot2_ws/install/linorobot2_base/share/linorobot2_base/local_setup.bash
[1.259s] -- Up-to-date: /home/saqib/linorobot2_ws/install/linorobot2_base/share/linorobot2_base/local_setup.sh
[1.259s] -- Up-to-date: /home/saqib/linorobot2_ws/install/linorobot2_base/share/linorobot2_base/local_setup.zsh
[1.260s] -- Up-to-date: /home/saqib/linorobot2_ws/install/linorobot2_base/share/linorobot2_base/local_setup.dsv
[1.261s] -- Installing: /home/saqib/linorobot2_ws/install/linorobot2_base/share/linorobot2_base/package.dsv
[1.261s] -- Up-to-date: /home/saqib/linorobot2_ws/install/linorobot2_base/share/ament_index/resource_index/packages/linorobot2_base
[1.262s] -- Up-to-date: /home/saqib/linorobot2_ws/install/linorobot2_base/share/linorobot2_base/cmake/linorobot2_baseConfig.cmake
[1.262s] -- Up-to-date: /home/saqib/linorobot2_ws/install/linorobot2_base/share/linorobot2_base/cmake/linorobot2_baseConfig-version.cmake
[1.263s] -- Up-to-date: /home/saqib/linorobot2_ws/install/linorobot2_base/share/linorobot2_base/package.xml
[1.737s] Invoked command in '/home/saqib/linorobot2_ws/build/linorobot2_base' returned '0': CMAKE_PREFIX_PATH=${CMAKE_PREFIX_PATH}:/opt/ros/humble /usr/bin/cmake --install /home/saqib/linorobot2_ws/build/linorobot2_base
